[2025-05-22T20:29:06.099+0000] {processor.py:186} INFO - Started process (PID=93) to work on /home/airflow/.local/lib/python3.12/site-packages/airflow/example_dags/example_sla_dag.py
[2025-05-22T20:29:06.100+0000] {processor.py:914} INFO - Processing file /home/airflow/.local/lib/python3.12/site-packages/airflow/example_dags/example_sla_dag.py for tasks to queue
[2025-05-22T20:29:06.102+0000] {logging_mixin.py:190} INFO - [2025-05-22T20:29:06.102+0000] {dagbag.py:588} INFO - Filling up the DagBag from /home/airflow/.local/lib/python3.12/site-packages/airflow/example_dags/example_sla_dag.py
[2025-05-22T20:29:06.113+0000] {processor.py:925} INFO - DAG(s) 'example_sla_dag' retrieved from /home/airflow/.local/lib/python3.12/site-packages/airflow/example_dags/example_sla_dag.py
[2025-05-22T20:29:06.239+0000] {logging_mixin.py:190} INFO - [2025-05-22T20:29:06.239+0000] {override.py:1900} INFO - Created Permission View: can edit on DAG:example_sla_dag
[2025-05-22T20:29:06.245+0000] {logging_mixin.py:190} INFO - [2025-05-22T20:29:06.244+0000] {override.py:1900} INFO - Created Permission View: can delete on DAG:example_sla_dag
[2025-05-22T20:29:06.254+0000] {logging_mixin.py:190} INFO - [2025-05-22T20:29:06.254+0000] {override.py:1900} INFO - Created Permission View: can read on DAG:example_sla_dag
[2025-05-22T20:29:06.262+0000] {logging_mixin.py:190} INFO - [2025-05-22T20:29:06.261+0000] {override.py:1900} INFO - Created Permission View: menu access on DAG Run:example_sla_dag
[2025-05-22T20:29:06.268+0000] {logging_mixin.py:190} INFO - [2025-05-22T20:29:06.268+0000] {override.py:1900} INFO - Created Permission View: can delete on DAG Run:example_sla_dag
[2025-05-22T20:29:06.272+0000] {logging_mixin.py:190} INFO - [2025-05-22T20:29:06.272+0000] {override.py:1900} INFO - Created Permission View: can create on DAG Run:example_sla_dag
[2025-05-22T20:29:06.279+0000] {logging_mixin.py:190} INFO - [2025-05-22T20:29:06.278+0000] {override.py:1900} INFO - Created Permission View: can read on DAG Run:example_sla_dag
[2025-05-22T20:29:06.279+0000] {logging_mixin.py:190} INFO - [2025-05-22T20:29:06.279+0000] {dag.py:3239} INFO - Sync 1 DAGs
[2025-05-22T20:29:06.288+0000] {logging_mixin.py:190} INFO - [2025-05-22T20:29:06.288+0000] {dag.py:3262} INFO - Creating ORM DAG for example_sla_dag
[2025-05-22T20:29:06.296+0000] {logging_mixin.py:190} INFO - [2025-05-22T20:29:06.296+0000] {dag.py:4180} INFO - Setting next_dagrun for example_sla_dag to 2025-05-22 20:26:00+00:00, run_after=2025-05-22 20:28:00+00:00
[2025-05-22T20:29:06.304+0000] {processor.py:208} INFO - Processing /home/airflow/.local/lib/python3.12/site-packages/airflow/example_dags/example_sla_dag.py took 0.210 seconds
[2025-05-22T20:29:37.251+0000] {processor.py:186} INFO - Started process (PID=155) to work on /home/airflow/.local/lib/python3.12/site-packages/airflow/example_dags/example_sla_dag.py
[2025-05-22T20:29:37.253+0000] {processor.py:914} INFO - Processing file /home/airflow/.local/lib/python3.12/site-packages/airflow/example_dags/example_sla_dag.py for tasks to queue
[2025-05-22T20:29:37.257+0000] {logging_mixin.py:190} INFO - [2025-05-22T20:29:37.257+0000] {dagbag.py:588} INFO - Filling up the DagBag from /home/airflow/.local/lib/python3.12/site-packages/airflow/example_dags/example_sla_dag.py
[2025-05-22T20:29:37.273+0000] {processor.py:925} INFO - DAG(s) 'example_sla_dag' retrieved from /home/airflow/.local/lib/python3.12/site-packages/airflow/example_dags/example_sla_dag.py
[2025-05-22T20:29:37.286+0000] {logging_mixin.py:190} INFO - [2025-05-22T20:29:37.286+0000] {dag.py:3239} INFO - Sync 1 DAGs
[2025-05-22T20:29:37.311+0000] {logging_mixin.py:190} INFO - [2025-05-22T20:29:37.311+0000] {dag.py:4180} INFO - Setting next_dagrun for example_sla_dag to 2025-05-22 20:26:00+00:00, run_after=2025-05-22 20:28:00+00:00
[2025-05-22T20:29:37.328+0000] {processor.py:208} INFO - Processing /home/airflow/.local/lib/python3.12/site-packages/airflow/example_dags/example_sla_dag.py took 0.087 seconds
[2025-05-22T20:30:07.945+0000] {processor.py:186} INFO - Started process (PID=217) to work on /home/airflow/.local/lib/python3.12/site-packages/airflow/example_dags/example_sla_dag.py
[2025-05-22T20:30:07.946+0000] {processor.py:914} INFO - Processing file /home/airflow/.local/lib/python3.12/site-packages/airflow/example_dags/example_sla_dag.py for tasks to queue
[2025-05-22T20:30:07.948+0000] {logging_mixin.py:190} INFO - [2025-05-22T20:30:07.947+0000] {dagbag.py:588} INFO - Filling up the DagBag from /home/airflow/.local/lib/python3.12/site-packages/airflow/example_dags/example_sla_dag.py
[2025-05-22T20:30:07.953+0000] {processor.py:925} INFO - DAG(s) 'example_sla_dag' retrieved from /home/airflow/.local/lib/python3.12/site-packages/airflow/example_dags/example_sla_dag.py
[2025-05-22T20:30:07.964+0000] {logging_mixin.py:190} INFO - [2025-05-22T20:30:07.964+0000] {dag.py:3239} INFO - Sync 1 DAGs
[2025-05-22T20:30:07.978+0000] {logging_mixin.py:190} INFO - [2025-05-22T20:30:07.978+0000] {dag.py:4180} INFO - Setting next_dagrun for example_sla_dag to 2025-05-22 20:28:00+00:00, run_after=2025-05-22 20:30:00+00:00
[2025-05-22T20:30:07.988+0000] {processor.py:208} INFO - Processing /home/airflow/.local/lib/python3.12/site-packages/airflow/example_dags/example_sla_dag.py took 0.046 seconds
[2025-05-22T20:30:38.389+0000] {processor.py:186} INFO - Started process (PID=279) to work on /home/airflow/.local/lib/python3.12/site-packages/airflow/example_dags/example_sla_dag.py
[2025-05-22T20:30:38.390+0000] {processor.py:914} INFO - Processing file /home/airflow/.local/lib/python3.12/site-packages/airflow/example_dags/example_sla_dag.py for tasks to queue
[2025-05-22T20:30:38.393+0000] {logging_mixin.py:190} INFO - [2025-05-22T20:30:38.393+0000] {dagbag.py:588} INFO - Filling up the DagBag from /home/airflow/.local/lib/python3.12/site-packages/airflow/example_dags/example_sla_dag.py
[2025-05-22T20:30:38.401+0000] {processor.py:925} INFO - DAG(s) 'example_sla_dag' retrieved from /home/airflow/.local/lib/python3.12/site-packages/airflow/example_dags/example_sla_dag.py
[2025-05-22T20:30:38.413+0000] {logging_mixin.py:190} INFO - [2025-05-22T20:30:38.413+0000] {dag.py:3239} INFO - Sync 1 DAGs
[2025-05-22T20:30:38.427+0000] {logging_mixin.py:190} INFO - [2025-05-22T20:30:38.427+0000] {dag.py:4180} INFO - Setting next_dagrun for example_sla_dag to 2025-05-22 20:28:00+00:00, run_after=2025-05-22 20:30:00+00:00
[2025-05-22T20:30:38.435+0000] {processor.py:208} INFO - Processing /home/airflow/.local/lib/python3.12/site-packages/airflow/example_dags/example_sla_dag.py took 0.052 seconds
