[2025-05-22T20:29:02.116+0000] {processor.py:186} INFO - Started process (PID=61) to work on /home/airflow/.local/lib/python3.12/site-packages/airflow/example_dags/example_xcom.py
[2025-05-22T20:29:02.117+0000] {processor.py:914} INFO - Processing file /home/airflow/.local/lib/python3.12/site-packages/airflow/example_dags/example_xcom.py for tasks to queue
[2025-05-22T20:29:02.120+0000] {logging_mixin.py:190} INFO - [2025-05-22T20:29:02.119+0000] {dagbag.py:588} INFO - Filling up the DagBag from /home/airflow/.local/lib/python3.12/site-packages/airflow/example_dags/example_xcom.py
[2025-05-22T20:29:02.155+0000] {processor.py:925} INFO - DAG(s) 'example_xcom' retrieved from /home/airflow/.local/lib/python3.12/site-packages/airflow/example_dags/example_xcom.py
[2025-05-22T20:29:02.380+0000] {logging_mixin.py:190} INFO - [2025-05-22T20:29:02.378+0000] {override.py:1900} INFO - Created Permission View: can edit on DAG:example_xcom
[2025-05-22T20:29:02.423+0000] {logging_mixin.py:190} INFO - [2025-05-22T20:29:02.422+0000] {override.py:1900} INFO - Created Permission View: can delete on DAG:example_xcom
[2025-05-22T20:29:02.438+0000] {logging_mixin.py:190} INFO - [2025-05-22T20:29:02.438+0000] {override.py:1900} INFO - Created Permission View: can read on DAG:example_xcom
[2025-05-22T20:29:02.497+0000] {logging_mixin.py:190} INFO - [2025-05-22T20:29:02.497+0000] {override.py:1900} INFO - Created Permission View: menu access on DAG Run:example_xcom
[2025-05-22T20:29:02.503+0000] {logging_mixin.py:190} INFO - [2025-05-22T20:29:02.503+0000] {override.py:1900} INFO - Created Permission View: can delete on DAG Run:example_xcom
[2025-05-22T20:29:02.510+0000] {logging_mixin.py:190} INFO - [2025-05-22T20:29:02.510+0000] {override.py:1900} INFO - Created Permission View: can create on DAG Run:example_xcom
[2025-05-22T20:29:02.514+0000] {logging_mixin.py:190} INFO - [2025-05-22T20:29:02.514+0000] {override.py:1900} INFO - Created Permission View: can read on DAG Run:example_xcom
[2025-05-22T20:29:02.515+0000] {logging_mixin.py:190} INFO - [2025-05-22T20:29:02.515+0000] {dag.py:3239} INFO - Sync 1 DAGs
[2025-05-22T20:29:02.523+0000] {logging_mixin.py:190} INFO - [2025-05-22T20:29:02.523+0000] {dag.py:3262} INFO - Creating ORM DAG for example_xcom
[2025-05-22T20:29:02.534+0000] {logging_mixin.py:190} INFO - [2025-05-22T20:29:02.533+0000] {dag.py:4180} INFO - Setting next_dagrun for example_xcom to 2021-01-01 00:00:00+00:00, run_after=2021-01-01 00:00:00+00:00
[2025-05-22T20:29:02.565+0000] {processor.py:208} INFO - Processing /home/airflow/.local/lib/python3.12/site-packages/airflow/example_dags/example_xcom.py took 0.459 seconds
[2025-05-22T20:29:32.685+0000] {processor.py:186} INFO - Started process (PID=129) to work on /home/airflow/.local/lib/python3.12/site-packages/airflow/example_dags/example_xcom.py
[2025-05-22T20:29:32.685+0000] {processor.py:914} INFO - Processing file /home/airflow/.local/lib/python3.12/site-packages/airflow/example_dags/example_xcom.py for tasks to queue
[2025-05-22T20:29:32.687+0000] {logging_mixin.py:190} INFO - [2025-05-22T20:29:32.687+0000] {dagbag.py:588} INFO - Filling up the DagBag from /home/airflow/.local/lib/python3.12/site-packages/airflow/example_dags/example_xcom.py
[2025-05-22T20:29:32.692+0000] {processor.py:925} INFO - DAG(s) 'example_xcom' retrieved from /home/airflow/.local/lib/python3.12/site-packages/airflow/example_dags/example_xcom.py
[2025-05-22T20:29:32.704+0000] {logging_mixin.py:190} INFO - [2025-05-22T20:29:32.703+0000] {dag.py:3239} INFO - Sync 1 DAGs
[2025-05-22T20:29:32.725+0000] {logging_mixin.py:190} INFO - [2025-05-22T20:29:32.724+0000] {dag.py:4180} INFO - Setting next_dagrun for example_xcom to 2021-01-01 00:00:00+00:00, run_after=2021-01-01 00:00:00+00:00
[2025-05-22T20:29:32.739+0000] {processor.py:208} INFO - Processing /home/airflow/.local/lib/python3.12/site-packages/airflow/example_dags/example_xcom.py took 0.058 seconds
[2025-05-22T20:30:03.637+0000] {processor.py:186} INFO - Started process (PID=191) to work on /home/airflow/.local/lib/python3.12/site-packages/airflow/example_dags/example_xcom.py
[2025-05-22T20:30:03.638+0000] {processor.py:914} INFO - Processing file /home/airflow/.local/lib/python3.12/site-packages/airflow/example_dags/example_xcom.py for tasks to queue
[2025-05-22T20:30:03.639+0000] {logging_mixin.py:190} INFO - [2025-05-22T20:30:03.639+0000] {dagbag.py:588} INFO - Filling up the DagBag from /home/airflow/.local/lib/python3.12/site-packages/airflow/example_dags/example_xcom.py
[2025-05-22T20:30:03.643+0000] {processor.py:925} INFO - DAG(s) 'example_xcom' retrieved from /home/airflow/.local/lib/python3.12/site-packages/airflow/example_dags/example_xcom.py
[2025-05-22T20:30:03.654+0000] {logging_mixin.py:190} INFO - [2025-05-22T20:30:03.654+0000] {dag.py:3239} INFO - Sync 1 DAGs
[2025-05-22T20:30:03.666+0000] {logging_mixin.py:190} INFO - [2025-05-22T20:30:03.666+0000] {dag.py:4180} INFO - Setting next_dagrun for example_xcom to 2021-01-01 00:00:00+00:00, run_after=2021-01-01 00:00:00+00:00
[2025-05-22T20:30:03.674+0000] {processor.py:208} INFO - Processing /home/airflow/.local/lib/python3.12/site-packages/airflow/example_dags/example_xcom.py took 0.041 seconds
[2025-05-22T20:30:34.005+0000] {processor.py:186} INFO - Started process (PID=253) to work on /home/airflow/.local/lib/python3.12/site-packages/airflow/example_dags/example_xcom.py
[2025-05-22T20:30:34.006+0000] {processor.py:914} INFO - Processing file /home/airflow/.local/lib/python3.12/site-packages/airflow/example_dags/example_xcom.py for tasks to queue
[2025-05-22T20:30:34.009+0000] {logging_mixin.py:190} INFO - [2025-05-22T20:30:34.009+0000] {dagbag.py:588} INFO - Filling up the DagBag from /home/airflow/.local/lib/python3.12/site-packages/airflow/example_dags/example_xcom.py
[2025-05-22T20:30:34.015+0000] {processor.py:925} INFO - DAG(s) 'example_xcom' retrieved from /home/airflow/.local/lib/python3.12/site-packages/airflow/example_dags/example_xcom.py
[2025-05-22T20:30:34.035+0000] {logging_mixin.py:190} INFO - [2025-05-22T20:30:34.035+0000] {dag.py:3239} INFO - Sync 1 DAGs
[2025-05-22T20:30:34.055+0000] {logging_mixin.py:190} INFO - [2025-05-22T20:30:34.055+0000] {dag.py:4180} INFO - Setting next_dagrun for example_xcom to 2021-01-01 00:00:00+00:00, run_after=2021-01-01 00:00:00+00:00
[2025-05-22T20:30:34.069+0000] {processor.py:208} INFO - Processing /home/airflow/.local/lib/python3.12/site-packages/airflow/example_dags/example_xcom.py took 0.070 seconds
