[2025-05-22T20:29:06.224+0000] {processor.py:186} INFO - Started process (PID=94) to work on /home/airflow/.local/lib/python3.12/site-packages/airflow/example_dags/example_branch_python_dop_operator_3.py
[2025-05-22T20:29:06.225+0000] {processor.py:914} INFO - Processing file /home/airflow/.local/lib/python3.12/site-packages/airflow/example_dags/example_branch_python_dop_operator_3.py for tasks to queue
[2025-05-22T20:29:06.227+0000] {logging_mixin.py:190} INFO - [2025-05-22T20:29:06.227+0000] {dagbag.py:588} INFO - Filling up the DagBag from /home/airflow/.local/lib/python3.12/site-packages/airflow/example_dags/example_branch_python_dop_operator_3.py
[2025-05-22T20:29:06.234+0000] {processor.py:925} INFO - DAG(s) 'example_branch_dop_operator_v3' retrieved from /home/airflow/.local/lib/python3.12/site-packages/airflow/example_dags/example_branch_python_dop_operator_3.py
[2025-05-22T20:29:06.308+0000] {logging_mixin.py:190} INFO - [2025-05-22T20:29:06.307+0000] {override.py:1900} INFO - Created Permission View: can edit on DAG:example_branch_dop_operator_v3
[2025-05-22T20:29:06.321+0000] {logging_mixin.py:190} INFO - [2025-05-22T20:29:06.320+0000] {override.py:1900} INFO - Created Permission View: can delete on DAG:example_branch_dop_operator_v3
[2025-05-22T20:29:06.325+0000] {logging_mixin.py:190} INFO - [2025-05-22T20:29:06.324+0000] {override.py:1900} INFO - Created Permission View: can read on DAG:example_branch_dop_operator_v3
[2025-05-22T20:29:06.329+0000] {logging_mixin.py:190} INFO - [2025-05-22T20:29:06.329+0000] {override.py:1900} INFO - Created Permission View: menu access on DAG Run:example_branch_dop_operator_v3
[2025-05-22T20:29:06.334+0000] {logging_mixin.py:190} INFO - [2025-05-22T20:29:06.334+0000] {override.py:1900} INFO - Created Permission View: can delete on DAG Run:example_branch_dop_operator_v3
[2025-05-22T20:29:06.342+0000] {logging_mixin.py:190} INFO - [2025-05-22T20:29:06.342+0000] {override.py:1900} INFO - Created Permission View: can create on DAG Run:example_branch_dop_operator_v3
[2025-05-22T20:29:06.348+0000] {logging_mixin.py:190} INFO - [2025-05-22T20:29:06.347+0000] {override.py:1900} INFO - Created Permission View: can read on DAG Run:example_branch_dop_operator_v3
[2025-05-22T20:29:06.348+0000] {logging_mixin.py:190} INFO - [2025-05-22T20:29:06.348+0000] {dag.py:3239} INFO - Sync 1 DAGs
[2025-05-22T20:29:06.366+0000] {logging_mixin.py:190} INFO - [2025-05-22T20:29:06.366+0000] {dag.py:3262} INFO - Creating ORM DAG for example_branch_dop_operator_v3
[2025-05-22T20:29:06.375+0000] {logging_mixin.py:190} INFO - [2025-05-22T20:29:06.374+0000] {dag.py:4180} INFO - Setting next_dagrun for example_branch_dop_operator_v3 to 2025-05-22 20:28:00+00:00, run_after=2025-05-22 20:29:00+00:00
[2025-05-22T20:29:06.388+0000] {processor.py:208} INFO - Processing /home/airflow/.local/lib/python3.12/site-packages/airflow/example_dags/example_branch_python_dop_operator_3.py took 0.170 seconds
[2025-05-22T20:29:37.351+0000] {processor.py:186} INFO - Started process (PID=156) to work on /home/airflow/.local/lib/python3.12/site-packages/airflow/example_dags/example_branch_python_dop_operator_3.py
[2025-05-22T20:29:37.351+0000] {processor.py:914} INFO - Processing file /home/airflow/.local/lib/python3.12/site-packages/airflow/example_dags/example_branch_python_dop_operator_3.py for tasks to queue
[2025-05-22T20:29:37.353+0000] {logging_mixin.py:190} INFO - [2025-05-22T20:29:37.353+0000] {dagbag.py:588} INFO - Filling up the DagBag from /home/airflow/.local/lib/python3.12/site-packages/airflow/example_dags/example_branch_python_dop_operator_3.py
[2025-05-22T20:29:37.362+0000] {processor.py:925} INFO - DAG(s) 'example_branch_dop_operator_v3' retrieved from /home/airflow/.local/lib/python3.12/site-packages/airflow/example_dags/example_branch_python_dop_operator_3.py
[2025-05-22T20:29:37.376+0000] {logging_mixin.py:190} INFO - [2025-05-22T20:29:37.376+0000] {dag.py:3239} INFO - Sync 1 DAGs
[2025-05-22T20:29:37.392+0000] {logging_mixin.py:190} INFO - [2025-05-22T20:29:37.392+0000] {dag.py:4180} INFO - Setting next_dagrun for example_branch_dop_operator_v3 to 2025-05-22 20:28:00+00:00, run_after=2025-05-22 20:29:00+00:00
[2025-05-22T20:29:37.436+0000] {processor.py:208} INFO - Processing /home/airflow/.local/lib/python3.12/site-packages/airflow/example_dags/example_branch_python_dop_operator_3.py took 0.093 seconds
[2025-05-22T20:30:07.948+0000] {processor.py:186} INFO - Started process (PID=218) to work on /home/airflow/.local/lib/python3.12/site-packages/airflow/example_dags/example_branch_python_dop_operator_3.py
[2025-05-22T20:30:07.952+0000] {processor.py:914} INFO - Processing file /home/airflow/.local/lib/python3.12/site-packages/airflow/example_dags/example_branch_python_dop_operator_3.py for tasks to queue
[2025-05-22T20:30:07.953+0000] {logging_mixin.py:190} INFO - [2025-05-22T20:30:07.953+0000] {dagbag.py:588} INFO - Filling up the DagBag from /home/airflow/.local/lib/python3.12/site-packages/airflow/example_dags/example_branch_python_dop_operator_3.py
[2025-05-22T20:30:07.959+0000] {processor.py:925} INFO - DAG(s) 'example_branch_dop_operator_v3' retrieved from /home/airflow/.local/lib/python3.12/site-packages/airflow/example_dags/example_branch_python_dop_operator_3.py
[2025-05-22T20:30:07.970+0000] {logging_mixin.py:190} INFO - [2025-05-22T20:30:07.970+0000] {dag.py:3239} INFO - Sync 1 DAGs
[2025-05-22T20:30:07.985+0000] {logging_mixin.py:190} INFO - [2025-05-22T20:30:07.985+0000] {dag.py:4180} INFO - Setting next_dagrun for example_branch_dop_operator_v3 to 2025-05-22 20:29:00+00:00, run_after=2025-05-22 20:30:00+00:00
[2025-05-22T20:30:07.995+0000] {processor.py:208} INFO - Processing /home/airflow/.local/lib/python3.12/site-packages/airflow/example_dags/example_branch_python_dop_operator_3.py took 0.050 seconds
[2025-05-22T20:30:38.452+0000] {processor.py:186} INFO - Started process (PID=280) to work on /home/airflow/.local/lib/python3.12/site-packages/airflow/example_dags/example_branch_python_dop_operator_3.py
[2025-05-22T20:30:38.452+0000] {processor.py:914} INFO - Processing file /home/airflow/.local/lib/python3.12/site-packages/airflow/example_dags/example_branch_python_dop_operator_3.py for tasks to queue
[2025-05-22T20:30:38.454+0000] {logging_mixin.py:190} INFO - [2025-05-22T20:30:38.454+0000] {dagbag.py:588} INFO - Filling up the DagBag from /home/airflow/.local/lib/python3.12/site-packages/airflow/example_dags/example_branch_python_dop_operator_3.py
[2025-05-22T20:30:38.460+0000] {processor.py:925} INFO - DAG(s) 'example_branch_dop_operator_v3' retrieved from /home/airflow/.local/lib/python3.12/site-packages/airflow/example_dags/example_branch_python_dop_operator_3.py
[2025-05-22T20:30:38.478+0000] {logging_mixin.py:190} INFO - [2025-05-22T20:30:38.478+0000] {dag.py:3239} INFO - Sync 1 DAGs
[2025-05-22T20:30:38.499+0000] {logging_mixin.py:190} INFO - [2025-05-22T20:30:38.499+0000] {dag.py:4180} INFO - Setting next_dagrun for example_branch_dop_operator_v3 to 2025-05-22 20:29:00+00:00, run_after=2025-05-22 20:30:00+00:00
[2025-05-22T20:30:38.520+0000] {processor.py:208} INFO - Processing /home/airflow/.local/lib/python3.12/site-packages/airflow/example_dags/example_branch_python_dop_operator_3.py took 0.075 seconds
