[2025-05-22T20:29:01.655+0000] {processor.py:186} INFO - Started process (PID=59) to work on /home/airflow/.local/lib/python3.12/site-packages/airflow/example_dags/example_latest_only.py
[2025-05-22T20:29:01.656+0000] {processor.py:914} INFO - Processing file /home/airflow/.local/lib/python3.12/site-packages/airflow/example_dags/example_latest_only.py for tasks to queue
[2025-05-22T20:29:01.658+0000] {logging_mixin.py:190} INFO - [2025-05-22T20:29:01.658+0000] {dagbag.py:588} INFO - Filling up the DagBag from /home/airflow/.local/lib/python3.12/site-packages/airflow/example_dags/example_latest_only.py
[2025-05-22T20:29:01.672+0000] {processor.py:925} INFO - DAG(s) 'latest_only' retrieved from /home/airflow/.local/lib/python3.12/site-packages/airflow/example_dags/example_latest_only.py
[2025-05-22T20:29:01.757+0000] {logging_mixin.py:190} INFO - [2025-05-22T20:29:01.756+0000] {override.py:1900} INFO - Created Permission View: can edit on DAG:latest_only
[2025-05-22T20:29:01.770+0000] {logging_mixin.py:190} INFO - [2025-05-22T20:29:01.769+0000] {override.py:1900} INFO - Created Permission View: can delete on DAG:latest_only
[2025-05-22T20:29:01.773+0000] {logging_mixin.py:190} INFO - [2025-05-22T20:29:01.773+0000] {override.py:1900} INFO - Created Permission View: can read on DAG:latest_only
[2025-05-22T20:29:01.782+0000] {logging_mixin.py:190} INFO - [2025-05-22T20:29:01.782+0000] {override.py:1900} INFO - Created Permission View: menu access on DAG Run:latest_only
[2025-05-22T20:29:01.785+0000] {logging_mixin.py:190} INFO - [2025-05-22T20:29:01.785+0000] {override.py:1900} INFO - Created Permission View: can delete on DAG Run:latest_only
[2025-05-22T20:29:01.788+0000] {logging_mixin.py:190} INFO - [2025-05-22T20:29:01.788+0000] {override.py:1900} INFO - Created Permission View: can create on DAG Run:latest_only
[2025-05-22T20:29:01.791+0000] {logging_mixin.py:190} INFO - [2025-05-22T20:29:01.791+0000] {override.py:1900} INFO - Created Permission View: can read on DAG Run:latest_only
[2025-05-22T20:29:01.791+0000] {logging_mixin.py:190} INFO - [2025-05-22T20:29:01.791+0000] {dag.py:3239} INFO - Sync 1 DAGs
[2025-05-22T20:29:01.797+0000] {logging_mixin.py:190} INFO - [2025-05-22T20:29:01.797+0000] {dag.py:3262} INFO - Creating ORM DAG for latest_only
[2025-05-22T20:29:01.804+0000] {logging_mixin.py:190} INFO - [2025-05-22T20:29:01.804+0000] {dag.py:4180} INFO - Setting next_dagrun for latest_only to 2025-05-22 16:00:00+00:00, run_after=2025-05-22 20:00:00+00:00
[2025-05-22T20:29:01.815+0000] {processor.py:208} INFO - Processing /home/airflow/.local/lib/python3.12/site-packages/airflow/example_dags/example_latest_only.py took 0.164 seconds
[2025-05-22T20:29:32.540+0000] {processor.py:186} INFO - Started process (PID=127) to work on /home/airflow/.local/lib/python3.12/site-packages/airflow/example_dags/example_latest_only.py
[2025-05-22T20:29:32.544+0000] {processor.py:914} INFO - Processing file /home/airflow/.local/lib/python3.12/site-packages/airflow/example_dags/example_latest_only.py for tasks to queue
[2025-05-22T20:29:32.545+0000] {logging_mixin.py:190} INFO - [2025-05-22T20:29:32.545+0000] {dagbag.py:588} INFO - Filling up the DagBag from /home/airflow/.local/lib/python3.12/site-packages/airflow/example_dags/example_latest_only.py
[2025-05-22T20:29:32.550+0000] {processor.py:925} INFO - DAG(s) 'latest_only' retrieved from /home/airflow/.local/lib/python3.12/site-packages/airflow/example_dags/example_latest_only.py
[2025-05-22T20:29:32.571+0000] {logging_mixin.py:190} INFO - [2025-05-22T20:29:32.570+0000] {dag.py:3239} INFO - Sync 1 DAGs
[2025-05-22T20:29:32.601+0000] {logging_mixin.py:190} INFO - [2025-05-22T20:29:32.601+0000] {dag.py:4180} INFO - Setting next_dagrun for latest_only to 2025-05-22 16:00:00+00:00, run_after=2025-05-22 20:00:00+00:00
[2025-05-22T20:29:32.612+0000] {processor.py:208} INFO - Processing /home/airflow/.local/lib/python3.12/site-packages/airflow/example_dags/example_latest_only.py took 0.077 seconds
[2025-05-22T20:30:03.498+0000] {processor.py:186} INFO - Started process (PID=189) to work on /home/airflow/.local/lib/python3.12/site-packages/airflow/example_dags/example_latest_only.py
[2025-05-22T20:30:03.500+0000] {processor.py:914} INFO - Processing file /home/airflow/.local/lib/python3.12/site-packages/airflow/example_dags/example_latest_only.py for tasks to queue
[2025-05-22T20:30:03.502+0000] {logging_mixin.py:190} INFO - [2025-05-22T20:30:03.501+0000] {dagbag.py:588} INFO - Filling up the DagBag from /home/airflow/.local/lib/python3.12/site-packages/airflow/example_dags/example_latest_only.py
[2025-05-22T20:30:03.506+0000] {processor.py:925} INFO - DAG(s) 'latest_only' retrieved from /home/airflow/.local/lib/python3.12/site-packages/airflow/example_dags/example_latest_only.py
[2025-05-22T20:30:03.523+0000] {logging_mixin.py:190} INFO - [2025-05-22T20:30:03.523+0000] {dag.py:3239} INFO - Sync 1 DAGs
[2025-05-22T20:30:03.549+0000] {logging_mixin.py:190} INFO - [2025-05-22T20:30:03.549+0000] {dag.py:4180} INFO - Setting next_dagrun for latest_only to 2025-05-22 16:00:00+00:00, run_after=2025-05-22 20:00:00+00:00
[2025-05-22T20:30:03.563+0000] {processor.py:208} INFO - Processing /home/airflow/.local/lib/python3.12/site-packages/airflow/example_dags/example_latest_only.py took 0.069 seconds
[2025-05-22T20:30:33.874+0000] {processor.py:186} INFO - Started process (PID=251) to work on /home/airflow/.local/lib/python3.12/site-packages/airflow/example_dags/example_latest_only.py
[2025-05-22T20:30:33.877+0000] {processor.py:914} INFO - Processing file /home/airflow/.local/lib/python3.12/site-packages/airflow/example_dags/example_latest_only.py for tasks to queue
[2025-05-22T20:30:33.879+0000] {logging_mixin.py:190} INFO - [2025-05-22T20:30:33.879+0000] {dagbag.py:588} INFO - Filling up the DagBag from /home/airflow/.local/lib/python3.12/site-packages/airflow/example_dags/example_latest_only.py
[2025-05-22T20:30:33.886+0000] {processor.py:925} INFO - DAG(s) 'latest_only' retrieved from /home/airflow/.local/lib/python3.12/site-packages/airflow/example_dags/example_latest_only.py
[2025-05-22T20:30:33.904+0000] {logging_mixin.py:190} INFO - [2025-05-22T20:30:33.904+0000] {dag.py:3239} INFO - Sync 1 DAGs
[2025-05-22T20:30:33.924+0000] {logging_mixin.py:190} INFO - [2025-05-22T20:30:33.924+0000] {dag.py:4180} INFO - Setting next_dagrun for latest_only to 2025-05-22 16:00:00+00:00, run_after=2025-05-22 20:00:00+00:00
[2025-05-22T20:30:33.957+0000] {processor.py:208} INFO - Processing /home/airflow/.local/lib/python3.12/site-packages/airflow/example_dags/example_latest_only.py took 0.087 seconds
