[2025-05-22T20:29:02.949+0000] {processor.py:186} INFO - Started process (PID=71) to work on /home/airflow/.local/lib/python3.12/site-packages/airflow/example_dags/example_branch_day_of_week_operator.py
[2025-05-22T20:29:02.951+0000] {processor.py:914} INFO - Processing file /home/airflow/.local/lib/python3.12/site-packages/airflow/example_dags/example_branch_day_of_week_operator.py for tasks to queue
[2025-05-22T20:29:02.959+0000] {logging_mixin.py:190} INFO - [2025-05-22T20:29:02.959+0000] {dagbag.py:588} INFO - Filling up the DagBag from /home/airflow/.local/lib/python3.12/site-packages/airflow/example_dags/example_branch_day_of_week_operator.py
[2025-05-22T20:29:02.978+0000] {processor.py:925} INFO - DAG(s) 'example_weekday_branch_operator' retrieved from /home/airflow/.local/lib/python3.12/site-packages/airflow/example_dags/example_branch_day_of_week_operator.py
[2025-05-22T20:29:03.137+0000] {logging_mixin.py:190} INFO - [2025-05-22T20:29:03.136+0000] {override.py:1900} INFO - Created Permission View: can edit on DAG:example_weekday_branch_operator
[2025-05-22T20:29:03.146+0000] {logging_mixin.py:190} INFO - [2025-05-22T20:29:03.146+0000] {override.py:1900} INFO - Created Permission View: can delete on DAG:example_weekday_branch_operator
[2025-05-22T20:29:03.150+0000] {logging_mixin.py:190} INFO - [2025-05-22T20:29:03.150+0000] {override.py:1900} INFO - Created Permission View: can read on DAG:example_weekday_branch_operator
[2025-05-22T20:29:03.155+0000] {logging_mixin.py:190} INFO - [2025-05-22T20:29:03.154+0000] {override.py:1900} INFO - Created Permission View: menu access on DAG Run:example_weekday_branch_operator
[2025-05-22T20:29:03.158+0000] {logging_mixin.py:190} INFO - [2025-05-22T20:29:03.158+0000] {override.py:1900} INFO - Created Permission View: can delete on DAG Run:example_weekday_branch_operator
[2025-05-22T20:29:03.162+0000] {logging_mixin.py:190} INFO - [2025-05-22T20:29:03.162+0000] {override.py:1900} INFO - Created Permission View: can create on DAG Run:example_weekday_branch_operator
[2025-05-22T20:29:03.165+0000] {logging_mixin.py:190} INFO - [2025-05-22T20:29:03.165+0000] {override.py:1900} INFO - Created Permission View: can read on DAG Run:example_weekday_branch_operator
[2025-05-22T20:29:03.166+0000] {logging_mixin.py:190} INFO - [2025-05-22T20:29:03.166+0000] {dag.py:3239} INFO - Sync 1 DAGs
[2025-05-22T20:29:03.178+0000] {logging_mixin.py:190} INFO - [2025-05-22T20:29:03.178+0000] {dag.py:3262} INFO - Creating ORM DAG for example_weekday_branch_operator
[2025-05-22T20:29:03.187+0000] {logging_mixin.py:190} INFO - [2025-05-22T20:29:03.187+0000] {dag.py:4180} INFO - Setting next_dagrun for example_weekday_branch_operator to 2025-05-21 00:00:00+00:00, run_after=2025-05-22 00:00:00+00:00
[2025-05-22T20:29:03.201+0000] {processor.py:208} INFO - Processing /home/airflow/.local/lib/python3.12/site-packages/airflow/example_dags/example_branch_day_of_week_operator.py took 0.298 seconds
[2025-05-22T20:29:34.009+0000] {processor.py:186} INFO - Started process (PID=133) to work on /home/airflow/.local/lib/python3.12/site-packages/airflow/example_dags/example_branch_day_of_week_operator.py
[2025-05-22T20:29:34.010+0000] {processor.py:914} INFO - Processing file /home/airflow/.local/lib/python3.12/site-packages/airflow/example_dags/example_branch_day_of_week_operator.py for tasks to queue
[2025-05-22T20:29:34.012+0000] {logging_mixin.py:190} INFO - [2025-05-22T20:29:34.012+0000] {dagbag.py:588} INFO - Filling up the DagBag from /home/airflow/.local/lib/python3.12/site-packages/airflow/example_dags/example_branch_day_of_week_operator.py
[2025-05-22T20:29:34.027+0000] {processor.py:925} INFO - DAG(s) 'example_weekday_branch_operator' retrieved from /home/airflow/.local/lib/python3.12/site-packages/airflow/example_dags/example_branch_day_of_week_operator.py
[2025-05-22T20:29:34.043+0000] {logging_mixin.py:190} INFO - [2025-05-22T20:29:34.042+0000] {dag.py:3239} INFO - Sync 1 DAGs
[2025-05-22T20:29:34.056+0000] {logging_mixin.py:190} INFO - [2025-05-22T20:29:34.056+0000] {dag.py:4180} INFO - Setting next_dagrun for example_weekday_branch_operator to 2025-05-21 00:00:00+00:00, run_after=2025-05-22 00:00:00+00:00
[2025-05-22T20:29:34.065+0000] {processor.py:208} INFO - Processing /home/airflow/.local/lib/python3.12/site-packages/airflow/example_dags/example_branch_day_of_week_operator.py took 0.063 seconds
[2025-05-22T20:30:04.815+0000] {processor.py:186} INFO - Started process (PID=195) to work on /home/airflow/.local/lib/python3.12/site-packages/airflow/example_dags/example_branch_day_of_week_operator.py
[2025-05-22T20:30:04.817+0000] {processor.py:914} INFO - Processing file /home/airflow/.local/lib/python3.12/site-packages/airflow/example_dags/example_branch_day_of_week_operator.py for tasks to queue
[2025-05-22T20:30:04.818+0000] {logging_mixin.py:190} INFO - [2025-05-22T20:30:04.818+0000] {dagbag.py:588} INFO - Filling up the DagBag from /home/airflow/.local/lib/python3.12/site-packages/airflow/example_dags/example_branch_day_of_week_operator.py
[2025-05-22T20:30:04.826+0000] {processor.py:925} INFO - DAG(s) 'example_weekday_branch_operator' retrieved from /home/airflow/.local/lib/python3.12/site-packages/airflow/example_dags/example_branch_day_of_week_operator.py
[2025-05-22T20:30:04.839+0000] {logging_mixin.py:190} INFO - [2025-05-22T20:30:04.838+0000] {dag.py:3239} INFO - Sync 1 DAGs
[2025-05-22T20:30:04.852+0000] {logging_mixin.py:190} INFO - [2025-05-22T20:30:04.852+0000] {dag.py:4180} INFO - Setting next_dagrun for example_weekday_branch_operator to 2025-05-21 00:00:00+00:00, run_after=2025-05-22 00:00:00+00:00
[2025-05-22T20:30:04.861+0000] {processor.py:208} INFO - Processing /home/airflow/.local/lib/python3.12/site-packages/airflow/example_dags/example_branch_day_of_week_operator.py took 0.049 seconds
[2025-05-22T20:30:35.227+0000] {processor.py:186} INFO - Started process (PID=257) to work on /home/airflow/.local/lib/python3.12/site-packages/airflow/example_dags/example_branch_day_of_week_operator.py
[2025-05-22T20:30:35.227+0000] {processor.py:914} INFO - Processing file /home/airflow/.local/lib/python3.12/site-packages/airflow/example_dags/example_branch_day_of_week_operator.py for tasks to queue
[2025-05-22T20:30:35.229+0000] {logging_mixin.py:190} INFO - [2025-05-22T20:30:35.229+0000] {dagbag.py:588} INFO - Filling up the DagBag from /home/airflow/.local/lib/python3.12/site-packages/airflow/example_dags/example_branch_day_of_week_operator.py
[2025-05-22T20:30:35.235+0000] {processor.py:925} INFO - DAG(s) 'example_weekday_branch_operator' retrieved from /home/airflow/.local/lib/python3.12/site-packages/airflow/example_dags/example_branch_day_of_week_operator.py
[2025-05-22T20:30:35.245+0000] {logging_mixin.py:190} INFO - [2025-05-22T20:30:35.245+0000] {dag.py:3239} INFO - Sync 1 DAGs
[2025-05-22T20:30:35.256+0000] {logging_mixin.py:190} INFO - [2025-05-22T20:30:35.256+0000] {dag.py:4180} INFO - Setting next_dagrun for example_weekday_branch_operator to 2025-05-21 00:00:00+00:00, run_after=2025-05-22 00:00:00+00:00
[2025-05-22T20:30:35.264+0000] {processor.py:208} INFO - Processing /home/airflow/.local/lib/python3.12/site-packages/airflow/example_dags/example_branch_day_of_week_operator.py took 0.040 seconds
