[2025-05-22T20:29:07.240+0000] {processor.py:186} INFO - Started process (PID=105) to work on /home/airflow/.local/lib/python3.12/site-packages/airflow/example_dags/example_inlet_event_extra.py
[2025-05-22T20:29:07.240+0000] {processor.py:914} INFO - Processing file /home/airflow/.local/lib/python3.12/site-packages/airflow/example_dags/example_inlet_event_extra.py for tasks to queue
[2025-05-22T20:29:07.242+0000] {logging_mixin.py:190} INFO - [2025-05-22T20:29:07.242+0000] {dagbag.py:588} INFO - Filling up the DagBag from /home/airflow/.local/lib/python3.12/site-packages/airflow/example_dags/example_inlet_event_extra.py
[2025-05-22T20:29:07.336+0000] {processor.py:925} INFO - DAG(s) 'read_dataset_event_from_classic', 'read_dataset_event' retrieved from /home/airflow/.local/lib/python3.12/site-packages/airflow/example_dags/example_inlet_event_extra.py
[2025-05-22T20:29:07.417+0000] {logging_mixin.py:190} INFO - [2025-05-22T20:29:07.416+0000] {override.py:1900} INFO - Created Permission View: can edit on DAG:read_dataset_event_from_classic
[2025-05-22T20:29:07.421+0000] {logging_mixin.py:190} INFO - [2025-05-22T20:29:07.421+0000] {override.py:1900} INFO - Created Permission View: can delete on DAG:read_dataset_event_from_classic
[2025-05-22T20:29:07.424+0000] {logging_mixin.py:190} INFO - [2025-05-22T20:29:07.424+0000] {override.py:1900} INFO - Created Permission View: can read on DAG:read_dataset_event_from_classic
[2025-05-22T20:29:07.427+0000] {logging_mixin.py:190} INFO - [2025-05-22T20:29:07.427+0000] {override.py:1900} INFO - Created Permission View: menu access on DAG Run:read_dataset_event_from_classic
[2025-05-22T20:29:07.432+0000] {logging_mixin.py:190} INFO - [2025-05-22T20:29:07.431+0000] {override.py:1900} INFO - Created Permission View: can delete on DAG Run:read_dataset_event_from_classic
[2025-05-22T20:29:07.434+0000] {logging_mixin.py:190} INFO - [2025-05-22T20:29:07.434+0000] {override.py:1900} INFO - Created Permission View: can create on DAG Run:read_dataset_event_from_classic
[2025-05-22T20:29:07.437+0000] {logging_mixin.py:190} INFO - [2025-05-22T20:29:07.437+0000] {override.py:1900} INFO - Created Permission View: can read on DAG Run:read_dataset_event_from_classic
[2025-05-22T20:29:07.442+0000] {logging_mixin.py:190} INFO - [2025-05-22T20:29:07.442+0000] {override.py:1900} INFO - Created Permission View: can edit on DAG:read_dataset_event
[2025-05-22T20:29:07.446+0000] {logging_mixin.py:190} INFO - [2025-05-22T20:29:07.446+0000] {override.py:1900} INFO - Created Permission View: can delete on DAG:read_dataset_event
[2025-05-22T20:29:07.448+0000] {logging_mixin.py:190} INFO - [2025-05-22T20:29:07.448+0000] {override.py:1900} INFO - Created Permission View: can read on DAG:read_dataset_event
[2025-05-22T20:29:07.451+0000] {logging_mixin.py:190} INFO - [2025-05-22T20:29:07.451+0000] {override.py:1900} INFO - Created Permission View: menu access on DAG Run:read_dataset_event
[2025-05-22T20:29:07.453+0000] {logging_mixin.py:190} INFO - [2025-05-22T20:29:07.453+0000] {override.py:1900} INFO - Created Permission View: can delete on DAG Run:read_dataset_event
[2025-05-22T20:29:07.456+0000] {logging_mixin.py:190} INFO - [2025-05-22T20:29:07.456+0000] {override.py:1900} INFO - Created Permission View: can create on DAG Run:read_dataset_event
[2025-05-22T20:29:07.458+0000] {logging_mixin.py:190} INFO - [2025-05-22T20:29:07.458+0000] {override.py:1900} INFO - Created Permission View: can read on DAG Run:read_dataset_event
[2025-05-22T20:29:07.458+0000] {logging_mixin.py:190} INFO - [2025-05-22T20:29:07.458+0000] {dag.py:3239} INFO - Sync 2 DAGs
[2025-05-22T20:29:07.466+0000] {logging_mixin.py:190} INFO - [2025-05-22T20:29:07.466+0000] {dag.py:3262} INFO - Creating ORM DAG for read_dataset_event
[2025-05-22T20:29:07.466+0000] {logging_mixin.py:190} INFO - [2025-05-22T20:29:07.466+0000] {dag.py:3262} INFO - Creating ORM DAG for read_dataset_event_from_classic
[2025-05-22T20:29:07.472+0000] {logging_mixin.py:190} INFO - [2025-05-22T20:29:07.472+0000] {dag.py:4180} INFO - Setting next_dagrun for read_dataset_event to 2025-05-21 00:00:00+00:00, run_after=2025-05-22 00:00:00+00:00
[2025-05-22T20:29:07.473+0000] {logging_mixin.py:190} INFO - [2025-05-22T20:29:07.473+0000] {dag.py:4180} INFO - Setting next_dagrun for read_dataset_event_from_classic to 2025-05-21 00:00:00+00:00, run_after=2025-05-22 00:00:00+00:00
[2025-05-22T20:29:07.482+0000] {processor.py:208} INFO - Processing /home/airflow/.local/lib/python3.12/site-packages/airflow/example_dags/example_inlet_event_extra.py took 0.246 seconds
[2025-05-22T20:29:38.198+0000] {processor.py:186} INFO - Started process (PID=167) to work on /home/airflow/.local/lib/python3.12/site-packages/airflow/example_dags/example_inlet_event_extra.py
[2025-05-22T20:29:38.201+0000] {processor.py:914} INFO - Processing file /home/airflow/.local/lib/python3.12/site-packages/airflow/example_dags/example_inlet_event_extra.py for tasks to queue
[2025-05-22T20:29:38.204+0000] {logging_mixin.py:190} INFO - [2025-05-22T20:29:38.203+0000] {dagbag.py:588} INFO - Filling up the DagBag from /home/airflow/.local/lib/python3.12/site-packages/airflow/example_dags/example_inlet_event_extra.py
[2025-05-22T20:29:38.318+0000] {processor.py:925} INFO - DAG(s) 'read_dataset_event', 'read_dataset_event_from_classic' retrieved from /home/airflow/.local/lib/python3.12/site-packages/airflow/example_dags/example_inlet_event_extra.py
[2025-05-22T20:29:38.337+0000] {logging_mixin.py:190} INFO - [2025-05-22T20:29:38.337+0000] {dag.py:3239} INFO - Sync 2 DAGs
[2025-05-22T20:29:38.376+0000] {logging_mixin.py:190} INFO - [2025-05-22T20:29:38.376+0000] {dag.py:4180} INFO - Setting next_dagrun for read_dataset_event to 2025-05-21 00:00:00+00:00, run_after=2025-05-22 00:00:00+00:00
[2025-05-22T20:29:38.382+0000] {logging_mixin.py:190} INFO - [2025-05-22T20:29:38.382+0000] {dag.py:4180} INFO - Setting next_dagrun for read_dataset_event_from_classic to 2025-05-21 00:00:00+00:00, run_after=2025-05-22 00:00:00+00:00
[2025-05-22T20:29:38.393+0000] {processor.py:208} INFO - Processing /home/airflow/.local/lib/python3.12/site-packages/airflow/example_dags/example_inlet_event_extra.py took 0.207 seconds
[2025-05-22T20:30:08.521+0000] {processor.py:186} INFO - Started process (PID=228) to work on /home/airflow/.local/lib/python3.12/site-packages/airflow/example_dags/example_inlet_event_extra.py
[2025-05-22T20:30:08.526+0000] {processor.py:914} INFO - Processing file /home/airflow/.local/lib/python3.12/site-packages/airflow/example_dags/example_inlet_event_extra.py for tasks to queue
[2025-05-22T20:30:08.531+0000] {logging_mixin.py:190} INFO - [2025-05-22T20:30:08.530+0000] {dagbag.py:588} INFO - Filling up the DagBag from /home/airflow/.local/lib/python3.12/site-packages/airflow/example_dags/example_inlet_event_extra.py
[2025-05-22T20:30:08.656+0000] {processor.py:925} INFO - DAG(s) 'read_dataset_event_from_classic', 'read_dataset_event' retrieved from /home/airflow/.local/lib/python3.12/site-packages/airflow/example_dags/example_inlet_event_extra.py
[2025-05-22T20:30:08.670+0000] {logging_mixin.py:190} INFO - [2025-05-22T20:30:08.670+0000] {dag.py:3239} INFO - Sync 2 DAGs
[2025-05-22T20:30:08.683+0000] {logging_mixin.py:190} INFO - [2025-05-22T20:30:08.682+0000] {dag.py:4180} INFO - Setting next_dagrun for read_dataset_event to 2025-05-21 00:00:00+00:00, run_after=2025-05-22 00:00:00+00:00
[2025-05-22T20:30:08.686+0000] {logging_mixin.py:190} INFO - [2025-05-22T20:30:08.686+0000] {dag.py:4180} INFO - Setting next_dagrun for read_dataset_event_from_classic to 2025-05-21 00:00:00+00:00, run_after=2025-05-22 00:00:00+00:00
[2025-05-22T20:30:08.696+0000] {processor.py:208} INFO - Processing /home/airflow/.local/lib/python3.12/site-packages/airflow/example_dags/example_inlet_event_extra.py took 0.188 seconds
[2025-05-22T20:30:38.911+0000] {processor.py:186} INFO - Started process (PID=291) to work on /home/airflow/.local/lib/python3.12/site-packages/airflow/example_dags/example_inlet_event_extra.py
[2025-05-22T20:30:38.912+0000] {processor.py:914} INFO - Processing file /home/airflow/.local/lib/python3.12/site-packages/airflow/example_dags/example_inlet_event_extra.py for tasks to queue
[2025-05-22T20:30:38.913+0000] {logging_mixin.py:190} INFO - [2025-05-22T20:30:38.913+0000] {dagbag.py:588} INFO - Filling up the DagBag from /home/airflow/.local/lib/python3.12/site-packages/airflow/example_dags/example_inlet_event_extra.py
[2025-05-22T20:30:38.986+0000] {processor.py:925} INFO - DAG(s) 'read_dataset_event', 'read_dataset_event_from_classic' retrieved from /home/airflow/.local/lib/python3.12/site-packages/airflow/example_dags/example_inlet_event_extra.py
[2025-05-22T20:30:38.999+0000] {logging_mixin.py:190} INFO - [2025-05-22T20:30:38.999+0000] {dag.py:3239} INFO - Sync 2 DAGs
[2025-05-22T20:30:39.011+0000] {logging_mixin.py:190} INFO - [2025-05-22T20:30:39.011+0000] {dag.py:4180} INFO - Setting next_dagrun for read_dataset_event to 2025-05-21 00:00:00+00:00, run_after=2025-05-22 00:00:00+00:00
[2025-05-22T20:30:39.013+0000] {logging_mixin.py:190} INFO - [2025-05-22T20:30:39.013+0000] {dag.py:4180} INFO - Setting next_dagrun for read_dataset_event_from_classic to 2025-05-21 00:00:00+00:00, run_after=2025-05-22 00:00:00+00:00
[2025-05-22T20:30:39.021+0000] {processor.py:208} INFO - Processing /home/airflow/.local/lib/python3.12/site-packages/airflow/example_dags/example_inlet_event_extra.py took 0.113 seconds
