[2025-05-22T20:29:02.584+0000] {processor.py:186} INFO - Started process (PID=69) to work on /home/airflow/.local/lib/python3.12/site-packages/airflow/example_dags/example_bash_decorator.py
[2025-05-22T20:29:02.586+0000] {processor.py:914} INFO - Processing file /home/airflow/.local/lib/python3.12/site-packages/airflow/example_dags/example_bash_decorator.py for tasks to queue
[2025-05-22T20:29:02.589+0000] {logging_mixin.py:190} INFO - [2025-05-22T20:29:02.589+0000] {dagbag.py:588} INFO - Filling up the DagBag from /home/airflow/.local/lib/python3.12/site-packages/airflow/example_dags/example_bash_decorator.py
[2025-05-22T20:29:02.611+0000] {processor.py:925} INFO - DAG(s) 'example_bash_decorator' retrieved from /home/airflow/.local/lib/python3.12/site-packages/airflow/example_dags/example_bash_decorator.py
[2025-05-22T20:29:02.726+0000] {logging_mixin.py:190} INFO - [2025-05-22T20:29:02.726+0000] {override.py:1900} INFO - Created Permission View: can edit on DAG:example_bash_decorator
[2025-05-22T20:29:02.745+0000] {logging_mixin.py:190} INFO - [2025-05-22T20:29:02.745+0000] {override.py:1900} INFO - Created Permission View: can delete on DAG:example_bash_decorator
[2025-05-22T20:29:02.759+0000] {logging_mixin.py:190} INFO - [2025-05-22T20:29:02.759+0000] {override.py:1900} INFO - Created Permission View: can read on DAG:example_bash_decorator
[2025-05-22T20:29:02.779+0000] {logging_mixin.py:190} INFO - [2025-05-22T20:29:02.777+0000] {override.py:1900} INFO - Created Permission View: menu access on DAG Run:example_bash_decorator
[2025-05-22T20:29:02.794+0000] {logging_mixin.py:190} INFO - [2025-05-22T20:29:02.793+0000] {override.py:1900} INFO - Created Permission View: can delete on DAG Run:example_bash_decorator
[2025-05-22T20:29:02.810+0000] {logging_mixin.py:190} INFO - [2025-05-22T20:29:02.810+0000] {override.py:1900} INFO - Created Permission View: can create on DAG Run:example_bash_decorator
[2025-05-22T20:29:02.821+0000] {logging_mixin.py:190} INFO - [2025-05-22T20:29:02.821+0000] {override.py:1900} INFO - Created Permission View: can read on DAG Run:example_bash_decorator
[2025-05-22T20:29:02.822+0000] {logging_mixin.py:190} INFO - [2025-05-22T20:29:02.822+0000] {dag.py:3239} INFO - Sync 1 DAGs
[2025-05-22T20:29:02.845+0000] {logging_mixin.py:190} INFO - [2025-05-22T20:29:02.845+0000] {dag.py:3262} INFO - Creating ORM DAG for example_bash_decorator
[2025-05-22T20:29:02.846+0000] {logging_mixin.py:190} INFO - [2025-05-22T20:29:02.846+0000] {dag.py:4180} INFO - Setting next_dagrun for example_bash_decorator to None, run_after=None
[2025-05-22T20:29:02.865+0000] {processor.py:208} INFO - Processing /home/airflow/.local/lib/python3.12/site-packages/airflow/example_dags/example_bash_decorator.py took 0.288 seconds
[2025-05-22T20:29:33.808+0000] {processor.py:186} INFO - Started process (PID=131) to work on /home/airflow/.local/lib/python3.12/site-packages/airflow/example_dags/example_bash_decorator.py
[2025-05-22T20:29:33.812+0000] {processor.py:914} INFO - Processing file /home/airflow/.local/lib/python3.12/site-packages/airflow/example_dags/example_bash_decorator.py for tasks to queue
[2025-05-22T20:29:33.817+0000] {logging_mixin.py:190} INFO - [2025-05-22T20:29:33.817+0000] {dagbag.py:588} INFO - Filling up the DagBag from /home/airflow/.local/lib/python3.12/site-packages/airflow/example_dags/example_bash_decorator.py
[2025-05-22T20:29:33.839+0000] {processor.py:925} INFO - DAG(s) 'example_bash_decorator' retrieved from /home/airflow/.local/lib/python3.12/site-packages/airflow/example_dags/example_bash_decorator.py
[2025-05-22T20:29:33.871+0000] {logging_mixin.py:190} INFO - [2025-05-22T20:29:33.871+0000] {dag.py:3239} INFO - Sync 1 DAGs
[2025-05-22T20:29:33.911+0000] {logging_mixin.py:190} INFO - [2025-05-22T20:29:33.911+0000] {dag.py:4180} INFO - Setting next_dagrun for example_bash_decorator to None, run_after=None
[2025-05-22T20:29:33.948+0000] {processor.py:208} INFO - Processing /home/airflow/.local/lib/python3.12/site-packages/airflow/example_dags/example_bash_decorator.py took 0.149 seconds
[2025-05-22T20:30:04.729+0000] {processor.py:186} INFO - Started process (PID=193) to work on /home/airflow/.local/lib/python3.12/site-packages/airflow/example_dags/example_bash_decorator.py
[2025-05-22T20:30:04.732+0000] {processor.py:914} INFO - Processing file /home/airflow/.local/lib/python3.12/site-packages/airflow/example_dags/example_bash_decorator.py for tasks to queue
[2025-05-22T20:30:04.735+0000] {logging_mixin.py:190} INFO - [2025-05-22T20:30:04.735+0000] {dagbag.py:588} INFO - Filling up the DagBag from /home/airflow/.local/lib/python3.12/site-packages/airflow/example_dags/example_bash_decorator.py
[2025-05-22T20:30:04.760+0000] {processor.py:925} INFO - DAG(s) 'example_bash_decorator' retrieved from /home/airflow/.local/lib/python3.12/site-packages/airflow/example_dags/example_bash_decorator.py
[2025-05-22T20:30:04.784+0000] {logging_mixin.py:190} INFO - [2025-05-22T20:30:04.784+0000] {dag.py:3239} INFO - Sync 1 DAGs
[2025-05-22T20:30:04.796+0000] {logging_mixin.py:190} INFO - [2025-05-22T20:30:04.796+0000] {dag.py:4180} INFO - Setting next_dagrun for example_bash_decorator to None, run_after=None
[2025-05-22T20:30:04.807+0000] {processor.py:208} INFO - Processing /home/airflow/.local/lib/python3.12/site-packages/airflow/example_dags/example_bash_decorator.py took 0.090 seconds
[2025-05-22T20:30:35.138+0000] {processor.py:186} INFO - Started process (PID=255) to work on /home/airflow/.local/lib/python3.12/site-packages/airflow/example_dags/example_bash_decorator.py
[2025-05-22T20:30:35.143+0000] {processor.py:914} INFO - Processing file /home/airflow/.local/lib/python3.12/site-packages/airflow/example_dags/example_bash_decorator.py for tasks to queue
[2025-05-22T20:30:35.149+0000] {logging_mixin.py:190} INFO - [2025-05-22T20:30:35.148+0000] {dagbag.py:588} INFO - Filling up the DagBag from /home/airflow/.local/lib/python3.12/site-packages/airflow/example_dags/example_bash_decorator.py
[2025-05-22T20:30:35.166+0000] {processor.py:925} INFO - DAG(s) 'example_bash_decorator' retrieved from /home/airflow/.local/lib/python3.12/site-packages/airflow/example_dags/example_bash_decorator.py
[2025-05-22T20:30:35.183+0000] {logging_mixin.py:190} INFO - [2025-05-22T20:30:35.183+0000] {dag.py:3239} INFO - Sync 1 DAGs
[2025-05-22T20:30:35.196+0000] {logging_mixin.py:190} INFO - [2025-05-22T20:30:35.196+0000] {dag.py:4180} INFO - Setting next_dagrun for example_bash_decorator to None, run_after=None
[2025-05-22T20:30:35.212+0000] {processor.py:208} INFO - Processing /home/airflow/.local/lib/python3.12/site-packages/airflow/example_dags/example_bash_decorator.py took 0.081 seconds
