[2025-05-22T20:29:06.911+0000] {processor.py:186} INFO - Started process (PID=101) to work on /home/airflow/.local/lib/python3.12/site-packages/airflow/example_dags/example_setup_teardown.py
[2025-05-22T20:29:06.911+0000] {processor.py:914} INFO - Processing file /home/airflow/.local/lib/python3.12/site-packages/airflow/example_dags/example_setup_teardown.py for tasks to queue
[2025-05-22T20:29:06.913+0000] {logging_mixin.py:190} INFO - [2025-05-22T20:29:06.913+0000] {dagbag.py:588} INFO - Filling up the DagBag from /home/airflow/.local/lib/python3.12/site-packages/airflow/example_dags/example_setup_teardown.py
[2025-05-22T20:29:06.937+0000] {processor.py:925} INFO - DAG(s) 'example_setup_teardown' retrieved from /home/airflow/.local/lib/python3.12/site-packages/airflow/example_dags/example_setup_teardown.py
[2025-05-22T20:29:07.030+0000] {logging_mixin.py:190} INFO - [2025-05-22T20:29:07.029+0000] {override.py:1900} INFO - Created Permission View: can edit on DAG:example_setup_teardown
[2025-05-22T20:29:07.037+0000] {logging_mixin.py:190} INFO - [2025-05-22T20:29:07.037+0000] {override.py:1900} INFO - Created Permission View: can delete on DAG:example_setup_teardown
[2025-05-22T20:29:07.043+0000] {logging_mixin.py:190} INFO - [2025-05-22T20:29:07.043+0000] {override.py:1900} INFO - Created Permission View: can read on DAG:example_setup_teardown
[2025-05-22T20:29:07.047+0000] {logging_mixin.py:190} INFO - [2025-05-22T20:29:07.047+0000] {override.py:1900} INFO - Created Permission View: menu access on DAG Run:example_setup_teardown
[2025-05-22T20:29:07.053+0000] {logging_mixin.py:190} INFO - [2025-05-22T20:29:07.053+0000] {override.py:1900} INFO - Created Permission View: can delete on DAG Run:example_setup_teardown
[2025-05-22T20:29:07.057+0000] {logging_mixin.py:190} INFO - [2025-05-22T20:29:07.057+0000] {override.py:1900} INFO - Created Permission View: can create on DAG Run:example_setup_teardown
[2025-05-22T20:29:07.063+0000] {logging_mixin.py:190} INFO - [2025-05-22T20:29:07.062+0000] {override.py:1900} INFO - Created Permission View: can read on DAG Run:example_setup_teardown
[2025-05-22T20:29:07.064+0000] {logging_mixin.py:190} INFO - [2025-05-22T20:29:07.063+0000] {dag.py:3239} INFO - Sync 1 DAGs
[2025-05-22T20:29:07.072+0000] {logging_mixin.py:190} INFO - [2025-05-22T20:29:07.072+0000] {dag.py:3262} INFO - Creating ORM DAG for example_setup_teardown
[2025-05-22T20:29:07.073+0000] {logging_mixin.py:190} INFO - [2025-05-22T20:29:07.073+0000] {dag.py:4180} INFO - Setting next_dagrun for example_setup_teardown to None, run_after=None
[2025-05-22T20:29:07.082+0000] {processor.py:208} INFO - Processing /home/airflow/.local/lib/python3.12/site-packages/airflow/example_dags/example_setup_teardown.py took 0.175 seconds
[2025-05-22T20:29:37.787+0000] {processor.py:186} INFO - Started process (PID=163) to work on /home/airflow/.local/lib/python3.12/site-packages/airflow/example_dags/example_setup_teardown.py
[2025-05-22T20:29:37.791+0000] {processor.py:914} INFO - Processing file /home/airflow/.local/lib/python3.12/site-packages/airflow/example_dags/example_setup_teardown.py for tasks to queue
[2025-05-22T20:29:37.794+0000] {logging_mixin.py:190} INFO - [2025-05-22T20:29:37.793+0000] {dagbag.py:588} INFO - Filling up the DagBag from /home/airflow/.local/lib/python3.12/site-packages/airflow/example_dags/example_setup_teardown.py
[2025-05-22T20:29:37.805+0000] {processor.py:925} INFO - DAG(s) 'example_setup_teardown' retrieved from /home/airflow/.local/lib/python3.12/site-packages/airflow/example_dags/example_setup_teardown.py
[2025-05-22T20:29:37.821+0000] {logging_mixin.py:190} INFO - [2025-05-22T20:29:37.821+0000] {dag.py:3239} INFO - Sync 1 DAGs
[2025-05-22T20:29:37.851+0000] {logging_mixin.py:190} INFO - [2025-05-22T20:29:37.850+0000] {dag.py:4180} INFO - Setting next_dagrun for example_setup_teardown to None, run_after=None
[2025-05-22T20:29:37.876+0000] {processor.py:208} INFO - Processing /home/airflow/.local/lib/python3.12/site-packages/airflow/example_dags/example_setup_teardown.py took 0.093 seconds
[2025-05-22T20:30:08.181+0000] {processor.py:186} INFO - Started process (PID=225) to work on /home/airflow/.local/lib/python3.12/site-packages/airflow/example_dags/example_setup_teardown.py
[2025-05-22T20:30:08.182+0000] {processor.py:914} INFO - Processing file /home/airflow/.local/lib/python3.12/site-packages/airflow/example_dags/example_setup_teardown.py for tasks to queue
[2025-05-22T20:30:08.184+0000] {logging_mixin.py:190} INFO - [2025-05-22T20:30:08.184+0000] {dagbag.py:588} INFO - Filling up the DagBag from /home/airflow/.local/lib/python3.12/site-packages/airflow/example_dags/example_setup_teardown.py
[2025-05-22T20:30:08.191+0000] {processor.py:925} INFO - DAG(s) 'example_setup_teardown' retrieved from /home/airflow/.local/lib/python3.12/site-packages/airflow/example_dags/example_setup_teardown.py
[2025-05-22T20:30:08.216+0000] {logging_mixin.py:190} INFO - [2025-05-22T20:30:08.216+0000] {dag.py:3239} INFO - Sync 1 DAGs
[2025-05-22T20:30:08.228+0000] {logging_mixin.py:190} INFO - [2025-05-22T20:30:08.228+0000] {dag.py:4180} INFO - Setting next_dagrun for example_setup_teardown to None, run_after=None
[2025-05-22T20:30:08.322+0000] {processor.py:208} INFO - Processing /home/airflow/.local/lib/python3.12/site-packages/airflow/example_dags/example_setup_teardown.py took 0.146 seconds
[2025-05-22T20:30:38.704+0000] {processor.py:186} INFO - Started process (PID=287) to work on /home/airflow/.local/lib/python3.12/site-packages/airflow/example_dags/example_setup_teardown.py
[2025-05-22T20:30:38.704+0000] {processor.py:914} INFO - Processing file /home/airflow/.local/lib/python3.12/site-packages/airflow/example_dags/example_setup_teardown.py for tasks to queue
[2025-05-22T20:30:38.706+0000] {logging_mixin.py:190} INFO - [2025-05-22T20:30:38.706+0000] {dagbag.py:588} INFO - Filling up the DagBag from /home/airflow/.local/lib/python3.12/site-packages/airflow/example_dags/example_setup_teardown.py
[2025-05-22T20:30:38.715+0000] {processor.py:925} INFO - DAG(s) 'example_setup_teardown' retrieved from /home/airflow/.local/lib/python3.12/site-packages/airflow/example_dags/example_setup_teardown.py
[2025-05-22T20:30:38.730+0000] {logging_mixin.py:190} INFO - [2025-05-22T20:30:38.730+0000] {dag.py:3239} INFO - Sync 1 DAGs
[2025-05-22T20:30:38.746+0000] {logging_mixin.py:190} INFO - [2025-05-22T20:30:38.745+0000] {dag.py:4180} INFO - Setting next_dagrun for example_setup_teardown to None, run_after=None
[2025-05-22T20:30:38.767+0000] {processor.py:208} INFO - Processing /home/airflow/.local/lib/python3.12/site-packages/airflow/example_dags/example_setup_teardown.py took 0.068 seconds
