[2025-05-22T20:29:02.136+0000] {processor.py:186} INFO - Started process (PID=62) to work on /home/airflow/.local/lib/python3.12/site-packages/airflow/example_dags/example_short_circuit_decorator.py
[2025-05-22T20:29:02.148+0000] {processor.py:914} INFO - Processing file /home/airflow/.local/lib/python3.12/site-packages/airflow/example_dags/example_short_circuit_decorator.py for tasks to queue
[2025-05-22T20:29:02.152+0000] {logging_mixin.py:190} INFO - [2025-05-22T20:29:02.152+0000] {dagbag.py:588} INFO - Filling up the DagBag from /home/airflow/.local/lib/python3.12/site-packages/airflow/example_dags/example_short_circuit_decorator.py
[2025-05-22T20:29:02.187+0000] {processor.py:925} INFO - DAG(s) 'example_short_circuit_decorator' retrieved from /home/airflow/.local/lib/python3.12/site-packages/airflow/example_dags/example_short_circuit_decorator.py
[2025-05-22T20:29:02.359+0000] {logging_mixin.py:190} INFO - [2025-05-22T20:29:02.357+0000] {override.py:1900} INFO - Created Permission View: can edit on DAG:example_short_circuit_decorator
[2025-05-22T20:29:02.384+0000] {logging_mixin.py:190} INFO - [2025-05-22T20:29:02.384+0000] {override.py:1900} INFO - Created Permission View: can delete on DAG:example_short_circuit_decorator
[2025-05-22T20:29:02.417+0000] {logging_mixin.py:190} INFO - [2025-05-22T20:29:02.416+0000] {override.py:1900} INFO - Created Permission View: can read on DAG:example_short_circuit_decorator
[2025-05-22T20:29:02.437+0000] {logging_mixin.py:190} INFO - [2025-05-22T20:29:02.436+0000] {override.py:1900} INFO - Created Permission View: menu access on DAG Run:example_short_circuit_decorator
[2025-05-22T20:29:02.481+0000] {logging_mixin.py:190} INFO - [2025-05-22T20:29:02.481+0000] {override.py:1900} INFO - Created Permission View: can delete on DAG Run:example_short_circuit_decorator
[2025-05-22T20:29:02.497+0000] {logging_mixin.py:190} INFO - [2025-05-22T20:29:02.496+0000] {override.py:1900} INFO - Created Permission View: can create on DAG Run:example_short_circuit_decorator
[2025-05-22T20:29:02.506+0000] {logging_mixin.py:190} INFO - [2025-05-22T20:29:02.505+0000] {override.py:1900} INFO - Created Permission View: can read on DAG Run:example_short_circuit_decorator
[2025-05-22T20:29:02.507+0000] {logging_mixin.py:190} INFO - [2025-05-22T20:29:02.506+0000] {dag.py:3239} INFO - Sync 1 DAGs
[2025-05-22T20:29:02.518+0000] {logging_mixin.py:190} INFO - [2025-05-22T20:29:02.518+0000] {dag.py:3262} INFO - Creating ORM DAG for example_short_circuit_decorator
[2025-05-22T20:29:02.520+0000] {logging_mixin.py:190} INFO - [2025-05-22T20:29:02.520+0000] {dag.py:4180} INFO - Setting next_dagrun for example_short_circuit_decorator to None, run_after=None
[2025-05-22T20:29:02.536+0000] {processor.py:208} INFO - Processing /home/airflow/.local/lib/python3.12/site-packages/airflow/example_dags/example_short_circuit_decorator.py took 0.411 seconds
[2025-05-22T20:29:32.689+0000] {processor.py:186} INFO - Started process (PID=130) to work on /home/airflow/.local/lib/python3.12/site-packages/airflow/example_dags/example_short_circuit_decorator.py
[2025-05-22T20:29:32.692+0000] {processor.py:914} INFO - Processing file /home/airflow/.local/lib/python3.12/site-packages/airflow/example_dags/example_short_circuit_decorator.py for tasks to queue
[2025-05-22T20:29:32.694+0000] {logging_mixin.py:190} INFO - [2025-05-22T20:29:32.694+0000] {dagbag.py:588} INFO - Filling up the DagBag from /home/airflow/.local/lib/python3.12/site-packages/airflow/example_dags/example_short_circuit_decorator.py
[2025-05-22T20:29:32.700+0000] {processor.py:925} INFO - DAG(s) 'example_short_circuit_decorator' retrieved from /home/airflow/.local/lib/python3.12/site-packages/airflow/example_dags/example_short_circuit_decorator.py
[2025-05-22T20:29:32.727+0000] {logging_mixin.py:190} INFO - [2025-05-22T20:29:32.727+0000] {dag.py:3239} INFO - Sync 1 DAGs
[2025-05-22T20:29:32.744+0000] {logging_mixin.py:190} INFO - [2025-05-22T20:29:32.743+0000] {dag.py:4180} INFO - Setting next_dagrun for example_short_circuit_decorator to None, run_after=None
[2025-05-22T20:29:32.762+0000] {processor.py:208} INFO - Processing /home/airflow/.local/lib/python3.12/site-packages/airflow/example_dags/example_short_circuit_decorator.py took 0.077 seconds
[2025-05-22T20:30:03.640+0000] {processor.py:186} INFO - Started process (PID=192) to work on /home/airflow/.local/lib/python3.12/site-packages/airflow/example_dags/example_short_circuit_decorator.py
[2025-05-22T20:30:03.643+0000] {processor.py:914} INFO - Processing file /home/airflow/.local/lib/python3.12/site-packages/airflow/example_dags/example_short_circuit_decorator.py for tasks to queue
[2025-05-22T20:30:03.644+0000] {logging_mixin.py:190} INFO - [2025-05-22T20:30:03.644+0000] {dagbag.py:588} INFO - Filling up the DagBag from /home/airflow/.local/lib/python3.12/site-packages/airflow/example_dags/example_short_circuit_decorator.py
[2025-05-22T20:30:03.651+0000] {processor.py:925} INFO - DAG(s) 'example_short_circuit_decorator' retrieved from /home/airflow/.local/lib/python3.12/site-packages/airflow/example_dags/example_short_circuit_decorator.py
[2025-05-22T20:30:03.667+0000] {logging_mixin.py:190} INFO - [2025-05-22T20:30:03.666+0000] {dag.py:3239} INFO - Sync 1 DAGs
[2025-05-22T20:30:03.674+0000] {logging_mixin.py:190} INFO - [2025-05-22T20:30:03.674+0000] {dag.py:4180} INFO - Setting next_dagrun for example_short_circuit_decorator to None, run_after=None
[2025-05-22T20:30:03.685+0000] {processor.py:208} INFO - Processing /home/airflow/.local/lib/python3.12/site-packages/airflow/example_dags/example_short_circuit_decorator.py took 0.048 seconds
[2025-05-22T20:30:34.082+0000] {processor.py:186} INFO - Started process (PID=254) to work on /home/airflow/.local/lib/python3.12/site-packages/airflow/example_dags/example_short_circuit_decorator.py
[2025-05-22T20:30:34.083+0000] {processor.py:914} INFO - Processing file /home/airflow/.local/lib/python3.12/site-packages/airflow/example_dags/example_short_circuit_decorator.py for tasks to queue
[2025-05-22T20:30:34.084+0000] {logging_mixin.py:190} INFO - [2025-05-22T20:30:34.084+0000] {dagbag.py:588} INFO - Filling up the DagBag from /home/airflow/.local/lib/python3.12/site-packages/airflow/example_dags/example_short_circuit_decorator.py
[2025-05-22T20:30:34.096+0000] {processor.py:925} INFO - DAG(s) 'example_short_circuit_decorator' retrieved from /home/airflow/.local/lib/python3.12/site-packages/airflow/example_dags/example_short_circuit_decorator.py
[2025-05-22T20:30:34.114+0000] {logging_mixin.py:190} INFO - [2025-05-22T20:30:34.114+0000] {dag.py:3239} INFO - Sync 1 DAGs
[2025-05-22T20:30:34.122+0000] {logging_mixin.py:190} INFO - [2025-05-22T20:30:34.122+0000] {dag.py:4180} INFO - Setting next_dagrun for example_short_circuit_decorator to None, run_after=None
[2025-05-22T20:30:34.132+0000] {processor.py:208} INFO - Processing /home/airflow/.local/lib/python3.12/site-packages/airflow/example_dags/example_short_circuit_decorator.py took 0.054 seconds
