[2025-05-22T20:29:07.106+0000] {processor.py:186} INFO - Started process (PID=103) to work on /home/airflow/.local/lib/python3.12/site-packages/airflow/example_dags/example_nested_branch_dag.py
[2025-05-22T20:29:07.107+0000] {processor.py:914} INFO - Processing file /home/airflow/.local/lib/python3.12/site-packages/airflow/example_dags/example_nested_branch_dag.py for tasks to queue
[2025-05-22T20:29:07.109+0000] {logging_mixin.py:190} INFO - [2025-05-22T20:29:07.109+0000] {dagbag.py:588} INFO - Filling up the DagBag from /home/airflow/.local/lib/python3.12/site-packages/airflow/example_dags/example_nested_branch_dag.py
[2025-05-22T20:29:07.117+0000] {processor.py:925} INFO - DAG(s) 'example_nested_branch_dag' retrieved from /home/airflow/.local/lib/python3.12/site-packages/airflow/example_dags/example_nested_branch_dag.py
[2025-05-22T20:29:07.174+0000] {logging_mixin.py:190} INFO - [2025-05-22T20:29:07.173+0000] {override.py:1900} INFO - Created Permission View: can edit on DAG:example_nested_branch_dag
[2025-05-22T20:29:07.179+0000] {logging_mixin.py:190} INFO - [2025-05-22T20:29:07.179+0000] {override.py:1900} INFO - Created Permission View: can delete on DAG:example_nested_branch_dag
[2025-05-22T20:29:07.181+0000] {logging_mixin.py:190} INFO - [2025-05-22T20:29:07.181+0000] {override.py:1900} INFO - Created Permission View: can read on DAG:example_nested_branch_dag
[2025-05-22T20:29:07.184+0000] {logging_mixin.py:190} INFO - [2025-05-22T20:29:07.184+0000] {override.py:1900} INFO - Created Permission View: menu access on DAG Run:example_nested_branch_dag
[2025-05-22T20:29:07.189+0000] {logging_mixin.py:190} INFO - [2025-05-22T20:29:07.189+0000] {override.py:1900} INFO - Created Permission View: can delete on DAG Run:example_nested_branch_dag
[2025-05-22T20:29:07.194+0000] {logging_mixin.py:190} INFO - [2025-05-22T20:29:07.194+0000] {override.py:1900} INFO - Created Permission View: can create on DAG Run:example_nested_branch_dag
[2025-05-22T20:29:07.196+0000] {logging_mixin.py:190} INFO - [2025-05-22T20:29:07.196+0000] {override.py:1900} INFO - Created Permission View: can read on DAG Run:example_nested_branch_dag
[2025-05-22T20:29:07.197+0000] {logging_mixin.py:190} INFO - [2025-05-22T20:29:07.197+0000] {dag.py:3239} INFO - Sync 1 DAGs
[2025-05-22T20:29:07.203+0000] {logging_mixin.py:190} INFO - [2025-05-22T20:29:07.203+0000] {dag.py:3262} INFO - Creating ORM DAG for example_nested_branch_dag
[2025-05-22T20:29:07.210+0000] {logging_mixin.py:190} INFO - [2025-05-22T20:29:07.209+0000] {dag.py:4180} INFO - Setting next_dagrun for example_nested_branch_dag to 2025-05-21 00:00:00+00:00, run_after=2025-05-22 00:00:00+00:00
[2025-05-22T20:29:07.220+0000] {processor.py:208} INFO - Processing /home/airflow/.local/lib/python3.12/site-packages/airflow/example_dags/example_nested_branch_dag.py took 0.118 seconds
[2025-05-22T20:29:38.093+0000] {processor.py:186} INFO - Started process (PID=165) to work on /home/airflow/.local/lib/python3.12/site-packages/airflow/example_dags/example_nested_branch_dag.py
[2025-05-22T20:29:38.096+0000] {processor.py:914} INFO - Processing file /home/airflow/.local/lib/python3.12/site-packages/airflow/example_dags/example_nested_branch_dag.py for tasks to queue
[2025-05-22T20:29:38.098+0000] {logging_mixin.py:190} INFO - [2025-05-22T20:29:38.098+0000] {dagbag.py:588} INFO - Filling up the DagBag from /home/airflow/.local/lib/python3.12/site-packages/airflow/example_dags/example_nested_branch_dag.py
[2025-05-22T20:29:38.111+0000] {processor.py:925} INFO - DAG(s) 'example_nested_branch_dag' retrieved from /home/airflow/.local/lib/python3.12/site-packages/airflow/example_dags/example_nested_branch_dag.py
[2025-05-22T20:29:38.126+0000] {logging_mixin.py:190} INFO - [2025-05-22T20:29:38.126+0000] {dag.py:3239} INFO - Sync 1 DAGs
[2025-05-22T20:29:38.153+0000] {logging_mixin.py:190} INFO - [2025-05-22T20:29:38.153+0000] {dag.py:4180} INFO - Setting next_dagrun for example_nested_branch_dag to 2025-05-21 00:00:00+00:00, run_after=2025-05-22 00:00:00+00:00
[2025-05-22T20:29:38.164+0000] {processor.py:208} INFO - Processing /home/airflow/.local/lib/python3.12/site-packages/airflow/example_dags/example_nested_branch_dag.py took 0.081 seconds
[2025-05-22T20:30:08.427+0000] {processor.py:186} INFO - Started process (PID=227) to work on /home/airflow/.local/lib/python3.12/site-packages/airflow/example_dags/example_nested_branch_dag.py
[2025-05-22T20:30:08.430+0000] {processor.py:914} INFO - Processing file /home/airflow/.local/lib/python3.12/site-packages/airflow/example_dags/example_nested_branch_dag.py for tasks to queue
[2025-05-22T20:30:08.433+0000] {logging_mixin.py:190} INFO - [2025-05-22T20:30:08.433+0000] {dagbag.py:588} INFO - Filling up the DagBag from /home/airflow/.local/lib/python3.12/site-packages/airflow/example_dags/example_nested_branch_dag.py
[2025-05-22T20:30:08.465+0000] {processor.py:925} INFO - DAG(s) 'example_nested_branch_dag' retrieved from /home/airflow/.local/lib/python3.12/site-packages/airflow/example_dags/example_nested_branch_dag.py
[2025-05-22T20:30:08.492+0000] {logging_mixin.py:190} INFO - [2025-05-22T20:30:08.491+0000] {dag.py:3239} INFO - Sync 1 DAGs
[2025-05-22T20:30:08.515+0000] {logging_mixin.py:190} INFO - [2025-05-22T20:30:08.514+0000] {dag.py:4180} INFO - Setting next_dagrun for example_nested_branch_dag to 2025-05-21 00:00:00+00:00, run_after=2025-05-22 00:00:00+00:00
[2025-05-22T20:30:08.549+0000] {processor.py:208} INFO - Processing /home/airflow/.local/lib/python3.12/site-packages/airflow/example_dags/example_nested_branch_dag.py took 0.126 seconds
[2025-05-22T20:30:38.851+0000] {processor.py:186} INFO - Started process (PID=289) to work on /home/airflow/.local/lib/python3.12/site-packages/airflow/example_dags/example_nested_branch_dag.py
[2025-05-22T20:30:38.852+0000] {processor.py:914} INFO - Processing file /home/airflow/.local/lib/python3.12/site-packages/airflow/example_dags/example_nested_branch_dag.py for tasks to queue
[2025-05-22T20:30:38.853+0000] {logging_mixin.py:190} INFO - [2025-05-22T20:30:38.853+0000] {dagbag.py:588} INFO - Filling up the DagBag from /home/airflow/.local/lib/python3.12/site-packages/airflow/example_dags/example_nested_branch_dag.py
[2025-05-22T20:30:38.861+0000] {processor.py:925} INFO - DAG(s) 'example_nested_branch_dag' retrieved from /home/airflow/.local/lib/python3.12/site-packages/airflow/example_dags/example_nested_branch_dag.py
[2025-05-22T20:30:38.873+0000] {logging_mixin.py:190} INFO - [2025-05-22T20:30:38.873+0000] {dag.py:3239} INFO - Sync 1 DAGs
[2025-05-22T20:30:38.887+0000] {logging_mixin.py:190} INFO - [2025-05-22T20:30:38.886+0000] {dag.py:4180} INFO - Setting next_dagrun for example_nested_branch_dag to 2025-05-21 00:00:00+00:00, run_after=2025-05-22 00:00:00+00:00
[2025-05-22T20:30:38.895+0000] {processor.py:208} INFO - Processing /home/airflow/.local/lib/python3.12/site-packages/airflow/example_dags/example_nested_branch_dag.py took 0.047 seconds
