[2025-05-22T20:29:04.676+0000] {processor.py:186} INFO - Started process (PID=83) to work on /home/airflow/.local/lib/python3.12/site-packages/airflow/example_dags/example_xcomargs.py
[2025-05-22T20:29:04.677+0000] {processor.py:914} INFO - Processing file /home/airflow/.local/lib/python3.12/site-packages/airflow/example_dags/example_xcomargs.py for tasks to queue
[2025-05-22T20:29:04.679+0000] {logging_mixin.py:190} INFO - [2025-05-22T20:29:04.678+0000] {dagbag.py:588} INFO - Filling up the DagBag from /home/airflow/.local/lib/python3.12/site-packages/airflow/example_dags/example_xcomargs.py
[2025-05-22T20:29:04.692+0000] {processor.py:925} INFO - DAG(s) 'example_xcom_args', 'example_xcom_args_with_operators' retrieved from /home/airflow/.local/lib/python3.12/site-packages/airflow/example_dags/example_xcomargs.py
[2025-05-22T20:29:04.786+0000] {logging_mixin.py:190} INFO - [2025-05-22T20:29:04.785+0000] {override.py:1900} INFO - Created Permission View: can edit on DAG:example_xcom_args
[2025-05-22T20:29:04.794+0000] {logging_mixin.py:190} INFO - [2025-05-22T20:29:04.793+0000] {override.py:1900} INFO - Created Permission View: can delete on DAG:example_xcom_args
[2025-05-22T20:29:04.798+0000] {logging_mixin.py:190} INFO - [2025-05-22T20:29:04.798+0000] {override.py:1900} INFO - Created Permission View: can read on DAG:example_xcom_args
[2025-05-22T20:29:04.806+0000] {logging_mixin.py:190} INFO - [2025-05-22T20:29:04.806+0000] {override.py:1900} INFO - Created Permission View: menu access on DAG Run:example_xcom_args
[2025-05-22T20:29:04.809+0000] {logging_mixin.py:190} INFO - [2025-05-22T20:29:04.809+0000] {override.py:1900} INFO - Created Permission View: can delete on DAG Run:example_xcom_args
[2025-05-22T20:29:04.818+0000] {logging_mixin.py:190} INFO - [2025-05-22T20:29:04.818+0000] {override.py:1900} INFO - Created Permission View: can create on DAG Run:example_xcom_args
[2025-05-22T20:29:04.837+0000] {logging_mixin.py:190} INFO - [2025-05-22T20:29:04.837+0000] {override.py:1900} INFO - Created Permission View: can read on DAG Run:example_xcom_args
[2025-05-22T20:29:04.851+0000] {logging_mixin.py:190} INFO - [2025-05-22T20:29:04.851+0000] {override.py:1900} INFO - Created Permission View: can edit on DAG:example_xcom_args_with_operators
[2025-05-22T20:29:04.858+0000] {logging_mixin.py:190} INFO - [2025-05-22T20:29:04.858+0000] {override.py:1900} INFO - Created Permission View: can delete on DAG:example_xcom_args_with_operators
[2025-05-22T20:29:04.872+0000] {logging_mixin.py:190} INFO - [2025-05-22T20:29:04.872+0000] {override.py:1900} INFO - Created Permission View: can read on DAG:example_xcom_args_with_operators
[2025-05-22T20:29:04.879+0000] {logging_mixin.py:190} INFO - [2025-05-22T20:29:04.879+0000] {override.py:1900} INFO - Created Permission View: menu access on DAG Run:example_xcom_args_with_operators
[2025-05-22T20:29:04.889+0000] {logging_mixin.py:190} INFO - [2025-05-22T20:29:04.889+0000] {override.py:1900} INFO - Created Permission View: can delete on DAG Run:example_xcom_args_with_operators
[2025-05-22T20:29:04.895+0000] {logging_mixin.py:190} INFO - [2025-05-22T20:29:04.894+0000] {override.py:1900} INFO - Created Permission View: can create on DAG Run:example_xcom_args_with_operators
[2025-05-22T20:29:04.905+0000] {logging_mixin.py:190} INFO - [2025-05-22T20:29:04.904+0000] {override.py:1900} INFO - Created Permission View: can read on DAG Run:example_xcom_args_with_operators
[2025-05-22T20:29:04.906+0000] {logging_mixin.py:190} INFO - [2025-05-22T20:29:04.906+0000] {dag.py:3239} INFO - Sync 2 DAGs
[2025-05-22T20:29:04.922+0000] {logging_mixin.py:190} INFO - [2025-05-22T20:29:04.922+0000] {dag.py:3262} INFO - Creating ORM DAG for example_xcom_args
[2025-05-22T20:29:04.924+0000] {logging_mixin.py:190} INFO - [2025-05-22T20:29:04.924+0000] {dag.py:3262} INFO - Creating ORM DAG for example_xcom_args_with_operators
[2025-05-22T20:29:04.925+0000] {logging_mixin.py:190} INFO - [2025-05-22T20:29:04.925+0000] {dag.py:4180} INFO - Setting next_dagrun for example_xcom_args to None, run_after=None
[2025-05-22T20:29:04.925+0000] {logging_mixin.py:190} INFO - [2025-05-22T20:29:04.925+0000] {dag.py:4180} INFO - Setting next_dagrun for example_xcom_args_with_operators to None, run_after=None
[2025-05-22T20:29:04.944+0000] {processor.py:208} INFO - Processing /home/airflow/.local/lib/python3.12/site-packages/airflow/example_dags/example_xcomargs.py took 0.273 seconds
[2025-05-22T20:29:35.748+0000] {processor.py:186} INFO - Started process (PID=145) to work on /home/airflow/.local/lib/python3.12/site-packages/airflow/example_dags/example_xcomargs.py
[2025-05-22T20:29:35.750+0000] {processor.py:914} INFO - Processing file /home/airflow/.local/lib/python3.12/site-packages/airflow/example_dags/example_xcomargs.py for tasks to queue
[2025-05-22T20:29:35.751+0000] {logging_mixin.py:190} INFO - [2025-05-22T20:29:35.751+0000] {dagbag.py:588} INFO - Filling up the DagBag from /home/airflow/.local/lib/python3.12/site-packages/airflow/example_dags/example_xcomargs.py
[2025-05-22T20:29:35.756+0000] {processor.py:925} INFO - DAG(s) 'example_xcom_args_with_operators', 'example_xcom_args' retrieved from /home/airflow/.local/lib/python3.12/site-packages/airflow/example_dags/example_xcomargs.py
[2025-05-22T20:29:35.769+0000] {logging_mixin.py:190} INFO - [2025-05-22T20:29:35.769+0000] {dag.py:3239} INFO - Sync 2 DAGs
[2025-05-22T20:29:35.777+0000] {logging_mixin.py:190} INFO - [2025-05-22T20:29:35.777+0000] {dag.py:4180} INFO - Setting next_dagrun for example_xcom_args to None, run_after=None
[2025-05-22T20:29:35.784+0000] {logging_mixin.py:190} INFO - [2025-05-22T20:29:35.783+0000] {dag.py:4180} INFO - Setting next_dagrun for example_xcom_args_with_operators to None, run_after=None
[2025-05-22T20:29:35.795+0000] {processor.py:208} INFO - Processing /home/airflow/.local/lib/python3.12/site-packages/airflow/example_dags/example_xcomargs.py took 0.050 seconds
[2025-05-22T20:30:06.565+0000] {processor.py:186} INFO - Started process (PID=207) to work on /home/airflow/.local/lib/python3.12/site-packages/airflow/example_dags/example_xcomargs.py
[2025-05-22T20:30:06.565+0000] {processor.py:914} INFO - Processing file /home/airflow/.local/lib/python3.12/site-packages/airflow/example_dags/example_xcomargs.py for tasks to queue
[2025-05-22T20:30:06.567+0000] {logging_mixin.py:190} INFO - [2025-05-22T20:30:06.567+0000] {dagbag.py:588} INFO - Filling up the DagBag from /home/airflow/.local/lib/python3.12/site-packages/airflow/example_dags/example_xcomargs.py
[2025-05-22T20:30:06.573+0000] {processor.py:925} INFO - DAG(s) 'example_xcom_args_with_operators', 'example_xcom_args' retrieved from /home/airflow/.local/lib/python3.12/site-packages/airflow/example_dags/example_xcomargs.py
[2025-05-22T20:30:06.590+0000] {logging_mixin.py:190} INFO - [2025-05-22T20:30:06.589+0000] {dag.py:3239} INFO - Sync 2 DAGs
[2025-05-22T20:30:06.598+0000] {logging_mixin.py:190} INFO - [2025-05-22T20:30:06.598+0000] {dag.py:4180} INFO - Setting next_dagrun for example_xcom_args to None, run_after=None
[2025-05-22T20:30:06.601+0000] {logging_mixin.py:190} INFO - [2025-05-22T20:30:06.601+0000] {dag.py:4180} INFO - Setting next_dagrun for example_xcom_args_with_operators to None, run_after=None
[2025-05-22T20:30:06.609+0000] {processor.py:208} INFO - Processing /home/airflow/.local/lib/python3.12/site-packages/airflow/example_dags/example_xcomargs.py took 0.048 seconds
[2025-05-22T20:30:36.872+0000] {processor.py:186} INFO - Started process (PID=269) to work on /home/airflow/.local/lib/python3.12/site-packages/airflow/example_dags/example_xcomargs.py
[2025-05-22T20:30:36.872+0000] {processor.py:914} INFO - Processing file /home/airflow/.local/lib/python3.12/site-packages/airflow/example_dags/example_xcomargs.py for tasks to queue
[2025-05-22T20:30:36.874+0000] {logging_mixin.py:190} INFO - [2025-05-22T20:30:36.874+0000] {dagbag.py:588} INFO - Filling up the DagBag from /home/airflow/.local/lib/python3.12/site-packages/airflow/example_dags/example_xcomargs.py
[2025-05-22T20:30:36.881+0000] {processor.py:925} INFO - DAG(s) 'example_xcom_args_with_operators', 'example_xcom_args' retrieved from /home/airflow/.local/lib/python3.12/site-packages/airflow/example_dags/example_xcomargs.py
[2025-05-22T20:30:36.895+0000] {logging_mixin.py:190} INFO - [2025-05-22T20:30:36.895+0000] {dag.py:3239} INFO - Sync 2 DAGs
[2025-05-22T20:30:36.903+0000] {logging_mixin.py:190} INFO - [2025-05-22T20:30:36.903+0000] {dag.py:4180} INFO - Setting next_dagrun for example_xcom_args to None, run_after=None
[2025-05-22T20:30:36.905+0000] {logging_mixin.py:190} INFO - [2025-05-22T20:30:36.905+0000] {dag.py:4180} INFO - Setting next_dagrun for example_xcom_args_with_operators to None, run_after=None
[2025-05-22T20:30:36.916+0000] {processor.py:208} INFO - Processing /home/airflow/.local/lib/python3.12/site-packages/airflow/example_dags/example_xcomargs.py took 0.047 seconds
