[2025-05-22T20:29:03.666+0000] {processor.py:186} INFO - Started process (PID=78) to work on /home/airflow/.local/lib/python3.12/site-packages/airflow/example_dags/example_trigger_controller_dag.py
[2025-05-22T20:29:03.667+0000] {processor.py:914} INFO - Processing file /home/airflow/.local/lib/python3.12/site-packages/airflow/example_dags/example_trigger_controller_dag.py for tasks to queue
[2025-05-22T20:29:03.668+0000] {logging_mixin.py:190} INFO - [2025-05-22T20:29:03.668+0000] {dagbag.py:588} INFO - Filling up the DagBag from /home/airflow/.local/lib/python3.12/site-packages/airflow/example_dags/example_trigger_controller_dag.py
[2025-05-22T20:29:03.673+0000] {processor.py:925} INFO - DAG(s) 'example_trigger_controller_dag' retrieved from /home/airflow/.local/lib/python3.12/site-packages/airflow/example_dags/example_trigger_controller_dag.py
[2025-05-22T20:29:03.766+0000] {logging_mixin.py:190} INFO - [2025-05-22T20:29:03.765+0000] {override.py:1900} INFO - Created Permission View: can edit on DAG:example_trigger_controller_dag
[2025-05-22T20:29:03.779+0000] {logging_mixin.py:190} INFO - [2025-05-22T20:29:03.779+0000] {override.py:1900} INFO - Created Permission View: can delete on DAG:example_trigger_controller_dag
[2025-05-22T20:29:03.794+0000] {logging_mixin.py:190} INFO - [2025-05-22T20:29:03.794+0000] {override.py:1900} INFO - Created Permission View: can read on DAG:example_trigger_controller_dag
[2025-05-22T20:29:03.801+0000] {logging_mixin.py:190} INFO - [2025-05-22T20:29:03.801+0000] {override.py:1900} INFO - Created Permission View: menu access on DAG Run:example_trigger_controller_dag
[2025-05-22T20:29:03.806+0000] {logging_mixin.py:190} INFO - [2025-05-22T20:29:03.806+0000] {override.py:1900} INFO - Created Permission View: can delete on DAG Run:example_trigger_controller_dag
[2025-05-22T20:29:03.810+0000] {logging_mixin.py:190} INFO - [2025-05-22T20:29:03.810+0000] {override.py:1900} INFO - Created Permission View: can create on DAG Run:example_trigger_controller_dag
[2025-05-22T20:29:03.814+0000] {logging_mixin.py:190} INFO - [2025-05-22T20:29:03.814+0000] {override.py:1900} INFO - Created Permission View: can read on DAG Run:example_trigger_controller_dag
[2025-05-22T20:29:03.814+0000] {logging_mixin.py:190} INFO - [2025-05-22T20:29:03.814+0000] {dag.py:3239} INFO - Sync 1 DAGs
[2025-05-22T20:29:03.823+0000] {logging_mixin.py:190} INFO - [2025-05-22T20:29:03.823+0000] {dag.py:3262} INFO - Creating ORM DAG for example_trigger_controller_dag
[2025-05-22T20:29:03.829+0000] {logging_mixin.py:190} INFO - [2025-05-22T20:29:03.829+0000] {dag.py:4180} INFO - Setting next_dagrun for example_trigger_controller_dag to 2021-01-01 00:00:00+00:00, run_after=2021-01-01 00:00:00+00:00
[2025-05-22T20:29:03.856+0000] {processor.py:208} INFO - Processing /home/airflow/.local/lib/python3.12/site-packages/airflow/example_dags/example_trigger_controller_dag.py took 0.193 seconds
[2025-05-22T20:29:34.296+0000] {processor.py:186} INFO - Started process (PID=140) to work on /home/airflow/.local/lib/python3.12/site-packages/airflow/example_dags/example_trigger_controller_dag.py
[2025-05-22T20:29:34.299+0000] {processor.py:914} INFO - Processing file /home/airflow/.local/lib/python3.12/site-packages/airflow/example_dags/example_trigger_controller_dag.py for tasks to queue
[2025-05-22T20:29:34.301+0000] {logging_mixin.py:190} INFO - [2025-05-22T20:29:34.301+0000] {dagbag.py:588} INFO - Filling up the DagBag from /home/airflow/.local/lib/python3.12/site-packages/airflow/example_dags/example_trigger_controller_dag.py
[2025-05-22T20:29:34.306+0000] {processor.py:925} INFO - DAG(s) 'example_trigger_controller_dag' retrieved from /home/airflow/.local/lib/python3.12/site-packages/airflow/example_dags/example_trigger_controller_dag.py
[2025-05-22T20:29:34.321+0000] {logging_mixin.py:190} INFO - [2025-05-22T20:29:34.321+0000] {dag.py:3239} INFO - Sync 1 DAGs
[2025-05-22T20:29:34.337+0000] {logging_mixin.py:190} INFO - [2025-05-22T20:29:34.336+0000] {dag.py:4180} INFO - Setting next_dagrun for example_trigger_controller_dag to 2021-01-01 00:00:00+00:00, run_after=2021-01-01 00:00:00+00:00
[2025-05-22T20:29:34.347+0000] {processor.py:208} INFO - Processing /home/airflow/.local/lib/python3.12/site-packages/airflow/example_dags/example_trigger_controller_dag.py took 0.054 seconds
[2025-05-22T20:30:05.042+0000] {processor.py:186} INFO - Started process (PID=202) to work on /home/airflow/.local/lib/python3.12/site-packages/airflow/example_dags/example_trigger_controller_dag.py
[2025-05-22T20:30:05.045+0000] {processor.py:914} INFO - Processing file /home/airflow/.local/lib/python3.12/site-packages/airflow/example_dags/example_trigger_controller_dag.py for tasks to queue
[2025-05-22T20:30:05.049+0000] {logging_mixin.py:190} INFO - [2025-05-22T20:30:05.049+0000] {dagbag.py:588} INFO - Filling up the DagBag from /home/airflow/.local/lib/python3.12/site-packages/airflow/example_dags/example_trigger_controller_dag.py
[2025-05-22T20:30:05.053+0000] {processor.py:925} INFO - DAG(s) 'example_trigger_controller_dag' retrieved from /home/airflow/.local/lib/python3.12/site-packages/airflow/example_dags/example_trigger_controller_dag.py
[2025-05-22T20:30:05.064+0000] {logging_mixin.py:190} INFO - [2025-05-22T20:30:05.064+0000] {dag.py:3239} INFO - Sync 1 DAGs
[2025-05-22T20:30:05.080+0000] {logging_mixin.py:190} INFO - [2025-05-22T20:30:05.079+0000] {dag.py:4180} INFO - Setting next_dagrun for example_trigger_controller_dag to 2021-01-01 00:00:00+00:00, run_after=2021-01-01 00:00:00+00:00
[2025-05-22T20:30:05.089+0000] {processor.py:208} INFO - Processing /home/airflow/.local/lib/python3.12/site-packages/airflow/example_dags/example_trigger_controller_dag.py took 0.050 seconds
[2025-05-22T20:30:35.485+0000] {processor.py:186} INFO - Started process (PID=263) to work on /home/airflow/.local/lib/python3.12/site-packages/airflow/example_dags/example_trigger_controller_dag.py
[2025-05-22T20:30:35.486+0000] {processor.py:914} INFO - Processing file /home/airflow/.local/lib/python3.12/site-packages/airflow/example_dags/example_trigger_controller_dag.py for tasks to queue
[2025-05-22T20:30:35.487+0000] {logging_mixin.py:190} INFO - [2025-05-22T20:30:35.486+0000] {dagbag.py:588} INFO - Filling up the DagBag from /home/airflow/.local/lib/python3.12/site-packages/airflow/example_dags/example_trigger_controller_dag.py
[2025-05-22T20:30:35.491+0000] {processor.py:925} INFO - DAG(s) 'example_trigger_controller_dag' retrieved from /home/airflow/.local/lib/python3.12/site-packages/airflow/example_dags/example_trigger_controller_dag.py
[2025-05-22T20:30:35.503+0000] {logging_mixin.py:190} INFO - [2025-05-22T20:30:35.503+0000] {dag.py:3239} INFO - Sync 1 DAGs
[2025-05-22T20:30:35.514+0000] {logging_mixin.py:190} INFO - [2025-05-22T20:30:35.514+0000] {dag.py:4180} INFO - Setting next_dagrun for example_trigger_controller_dag to 2021-01-01 00:00:00+00:00, run_after=2021-01-01 00:00:00+00:00
[2025-05-22T20:30:35.522+0000] {processor.py:208} INFO - Processing /home/airflow/.local/lib/python3.12/site-packages/airflow/example_dags/example_trigger_controller_dag.py took 0.042 seconds
