[2025-05-22T20:29:02.603+0000] {processor.py:186} INFO - Started process (PID=70) to work on /home/airflow/.local/lib/python3.12/site-packages/airflow/example_dags/example_external_task_marker_dag.py
[2025-05-22T20:29:02.604+0000] {processor.py:914} INFO - Processing file /home/airflow/.local/lib/python3.12/site-packages/airflow/example_dags/example_external_task_marker_dag.py for tasks to queue
[2025-05-22T20:29:02.605+0000] {logging_mixin.py:190} INFO - [2025-05-22T20:29:02.605+0000] {dagbag.py:588} INFO - Filling up the DagBag from /home/airflow/.local/lib/python3.12/site-packages/airflow/example_dags/example_external_task_marker_dag.py
[2025-05-22T20:29:02.612+0000] {processor.py:925} INFO - DAG(s) 'example_external_task_marker_child', 'example_external_task_marker_parent' retrieved from /home/airflow/.local/lib/python3.12/site-packages/airflow/example_dags/example_external_task_marker_dag.py
[2025-05-22T20:29:02.734+0000] {logging_mixin.py:190} INFO - [2025-05-22T20:29:02.733+0000] {override.py:1900} INFO - Created Permission View: can edit on DAG:example_external_task_marker_child
[2025-05-22T20:29:02.746+0000] {logging_mixin.py:190} INFO - [2025-05-22T20:29:02.745+0000] {override.py:1900} INFO - Created Permission View: can delete on DAG:example_external_task_marker_child
[2025-05-22T20:29:02.760+0000] {logging_mixin.py:190} INFO - [2025-05-22T20:29:02.759+0000] {override.py:1900} INFO - Created Permission View: can read on DAG:example_external_task_marker_child
[2025-05-22T20:29:02.786+0000] {logging_mixin.py:190} INFO - [2025-05-22T20:29:02.786+0000] {override.py:1900} INFO - Created Permission View: menu access on DAG Run:example_external_task_marker_child
[2025-05-22T20:29:02.807+0000] {logging_mixin.py:190} INFO - [2025-05-22T20:29:02.807+0000] {override.py:1900} INFO - Created Permission View: can delete on DAG Run:example_external_task_marker_child
[2025-05-22T20:29:02.821+0000] {logging_mixin.py:190} INFO - [2025-05-22T20:29:02.821+0000] {override.py:1900} INFO - Created Permission View: can create on DAG Run:example_external_task_marker_child
[2025-05-22T20:29:02.838+0000] {logging_mixin.py:190} INFO - [2025-05-22T20:29:02.838+0000] {override.py:1900} INFO - Created Permission View: can read on DAG Run:example_external_task_marker_child
[2025-05-22T20:29:02.860+0000] {logging_mixin.py:190} INFO - [2025-05-22T20:29:02.859+0000] {override.py:1900} INFO - Created Permission View: can edit on DAG:example_external_task_marker_parent
[2025-05-22T20:29:02.867+0000] {logging_mixin.py:190} INFO - [2025-05-22T20:29:02.867+0000] {override.py:1900} INFO - Created Permission View: can delete on DAG:example_external_task_marker_parent
[2025-05-22T20:29:02.879+0000] {logging_mixin.py:190} INFO - [2025-05-22T20:29:02.879+0000] {override.py:1900} INFO - Created Permission View: can read on DAG:example_external_task_marker_parent
[2025-05-22T20:29:02.891+0000] {logging_mixin.py:190} INFO - [2025-05-22T20:29:02.891+0000] {override.py:1900} INFO - Created Permission View: menu access on DAG Run:example_external_task_marker_parent
[2025-05-22T20:29:02.905+0000] {logging_mixin.py:190} INFO - [2025-05-22T20:29:02.904+0000] {override.py:1900} INFO - Created Permission View: can delete on DAG Run:example_external_task_marker_parent
[2025-05-22T20:29:02.964+0000] {logging_mixin.py:190} INFO - [2025-05-22T20:29:02.961+0000] {override.py:1900} INFO - Created Permission View: can create on DAG Run:example_external_task_marker_parent
[2025-05-22T20:29:02.979+0000] {logging_mixin.py:190} INFO - [2025-05-22T20:29:02.978+0000] {override.py:1900} INFO - Created Permission View: can read on DAG Run:example_external_task_marker_parent
[2025-05-22T20:29:02.979+0000] {logging_mixin.py:190} INFO - [2025-05-22T20:29:02.979+0000] {dag.py:3239} INFO - Sync 2 DAGs
[2025-05-22T20:29:02.998+0000] {logging_mixin.py:190} INFO - [2025-05-22T20:29:02.998+0000] {dag.py:3262} INFO - Creating ORM DAG for example_external_task_marker_parent
[2025-05-22T20:29:02.999+0000] {logging_mixin.py:190} INFO - [2025-05-22T20:29:02.999+0000] {dag.py:3262} INFO - Creating ORM DAG for example_external_task_marker_child
[2025-05-22T20:29:03.001+0000] {logging_mixin.py:190} INFO - [2025-05-22T20:29:03.000+0000] {dag.py:4180} INFO - Setting next_dagrun for example_external_task_marker_child to None, run_after=None
[2025-05-22T20:29:03.002+0000] {logging_mixin.py:190} INFO - [2025-05-22T20:29:03.002+0000] {dag.py:4180} INFO - Setting next_dagrun for example_external_task_marker_parent to None, run_after=None
[2025-05-22T20:29:03.034+0000] {processor.py:208} INFO - Processing /home/airflow/.local/lib/python3.12/site-packages/airflow/example_dags/example_external_task_marker_dag.py took 0.435 seconds
[2025-05-22T20:29:33.818+0000] {processor.py:186} INFO - Started process (PID=132) to work on /home/airflow/.local/lib/python3.12/site-packages/airflow/example_dags/example_external_task_marker_dag.py
[2025-05-22T20:29:33.819+0000] {processor.py:914} INFO - Processing file /home/airflow/.local/lib/python3.12/site-packages/airflow/example_dags/example_external_task_marker_dag.py for tasks to queue
[2025-05-22T20:29:33.821+0000] {logging_mixin.py:190} INFO - [2025-05-22T20:29:33.821+0000] {dagbag.py:588} INFO - Filling up the DagBag from /home/airflow/.local/lib/python3.12/site-packages/airflow/example_dags/example_external_task_marker_dag.py
[2025-05-22T20:29:33.833+0000] {processor.py:925} INFO - DAG(s) 'example_external_task_marker_child', 'example_external_task_marker_parent' retrieved from /home/airflow/.local/lib/python3.12/site-packages/airflow/example_dags/example_external_task_marker_dag.py
[2025-05-22T20:29:33.873+0000] {logging_mixin.py:190} INFO - [2025-05-22T20:29:33.873+0000] {dag.py:3239} INFO - Sync 2 DAGs
[2025-05-22T20:29:33.911+0000] {logging_mixin.py:190} INFO - [2025-05-22T20:29:33.911+0000] {dag.py:4180} INFO - Setting next_dagrun for example_external_task_marker_child to None, run_after=None
[2025-05-22T20:29:33.915+0000] {logging_mixin.py:190} INFO - [2025-05-22T20:29:33.915+0000] {dag.py:4180} INFO - Setting next_dagrun for example_external_task_marker_parent to None, run_after=None
[2025-05-22T20:29:33.951+0000] {processor.py:208} INFO - Processing /home/airflow/.local/lib/python3.12/site-packages/airflow/example_dags/example_external_task_marker_dag.py took 0.143 seconds
[2025-05-22T20:30:04.734+0000] {processor.py:186} INFO - Started process (PID=194) to work on /home/airflow/.local/lib/python3.12/site-packages/airflow/example_dags/example_external_task_marker_dag.py
[2025-05-22T20:30:04.739+0000] {processor.py:914} INFO - Processing file /home/airflow/.local/lib/python3.12/site-packages/airflow/example_dags/example_external_task_marker_dag.py for tasks to queue
[2025-05-22T20:30:04.743+0000] {logging_mixin.py:190} INFO - [2025-05-22T20:30:04.742+0000] {dagbag.py:588} INFO - Filling up the DagBag from /home/airflow/.local/lib/python3.12/site-packages/airflow/example_dags/example_external_task_marker_dag.py
[2025-05-22T20:30:04.753+0000] {processor.py:925} INFO - DAG(s) 'example_external_task_marker_child', 'example_external_task_marker_parent' retrieved from /home/airflow/.local/lib/python3.12/site-packages/airflow/example_dags/example_external_task_marker_dag.py
[2025-05-22T20:30:04.780+0000] {logging_mixin.py:190} INFO - [2025-05-22T20:30:04.780+0000] {dag.py:3239} INFO - Sync 2 DAGs
[2025-05-22T20:30:04.791+0000] {logging_mixin.py:190} INFO - [2025-05-22T20:30:04.791+0000] {dag.py:4180} INFO - Setting next_dagrun for example_external_task_marker_child to None, run_after=None
[2025-05-22T20:30:04.794+0000] {logging_mixin.py:190} INFO - [2025-05-22T20:30:04.793+0000] {dag.py:4180} INFO - Setting next_dagrun for example_external_task_marker_parent to None, run_after=None
[2025-05-22T20:30:04.802+0000] {processor.py:208} INFO - Processing /home/airflow/.local/lib/python3.12/site-packages/airflow/example_dags/example_external_task_marker_dag.py took 0.076 seconds
[2025-05-22T20:30:35.138+0000] {processor.py:186} INFO - Started process (PID=256) to work on /home/airflow/.local/lib/python3.12/site-packages/airflow/example_dags/example_external_task_marker_dag.py
[2025-05-22T20:30:35.143+0000] {processor.py:914} INFO - Processing file /home/airflow/.local/lib/python3.12/site-packages/airflow/example_dags/example_external_task_marker_dag.py for tasks to queue
[2025-05-22T20:30:35.150+0000] {logging_mixin.py:190} INFO - [2025-05-22T20:30:35.149+0000] {dagbag.py:588} INFO - Filling up the DagBag from /home/airflow/.local/lib/python3.12/site-packages/airflow/example_dags/example_external_task_marker_dag.py
[2025-05-22T20:30:35.160+0000] {processor.py:925} INFO - DAG(s) 'example_external_task_marker_parent', 'example_external_task_marker_child' retrieved from /home/airflow/.local/lib/python3.12/site-packages/airflow/example_dags/example_external_task_marker_dag.py
[2025-05-22T20:30:35.185+0000] {logging_mixin.py:190} INFO - [2025-05-22T20:30:35.185+0000] {dag.py:3239} INFO - Sync 2 DAGs
[2025-05-22T20:30:35.197+0000] {logging_mixin.py:190} INFO - [2025-05-22T20:30:35.197+0000] {dag.py:4180} INFO - Setting next_dagrun for example_external_task_marker_child to None, run_after=None
[2025-05-22T20:30:35.200+0000] {logging_mixin.py:190} INFO - [2025-05-22T20:30:35.200+0000] {dag.py:4180} INFO - Setting next_dagrun for example_external_task_marker_parent to None, run_after=None
[2025-05-22T20:30:35.214+0000] {processor.py:208} INFO - Processing /home/airflow/.local/lib/python3.12/site-packages/airflow/example_dags/example_external_task_marker_dag.py took 0.082 seconds
