[2025-05-22T20:29:05.014+0000] {processor.py:186} INFO - Started process (PID=85) to work on /home/airflow/.local/lib/python3.12/site-packages/airflow/example_dags/example_trigger_target_dag.py
[2025-05-22T20:29:05.017+0000] {processor.py:914} INFO - Processing file /home/airflow/.local/lib/python3.12/site-packages/airflow/example_dags/example_trigger_target_dag.py for tasks to queue
[2025-05-22T20:29:05.019+0000] {logging_mixin.py:190} INFO - [2025-05-22T20:29:05.019+0000] {dagbag.py:588} INFO - Filling up the DagBag from /home/airflow/.local/lib/python3.12/site-packages/airflow/example_dags/example_trigger_target_dag.py
[2025-05-22T20:29:05.025+0000] {processor.py:925} INFO - DAG(s) 'example_trigger_target_dag' retrieved from /home/airflow/.local/lib/python3.12/site-packages/airflow/example_dags/example_trigger_target_dag.py
[2025-05-22T20:29:05.134+0000] {logging_mixin.py:190} INFO - [2025-05-22T20:29:05.133+0000] {override.py:1900} INFO - Created Permission View: can edit on DAG:example_trigger_target_dag
[2025-05-22T20:29:05.146+0000] {logging_mixin.py:190} INFO - [2025-05-22T20:29:05.145+0000] {override.py:1900} INFO - Created Permission View: can delete on DAG:example_trigger_target_dag
[2025-05-22T20:29:05.153+0000] {logging_mixin.py:190} INFO - [2025-05-22T20:29:05.153+0000] {override.py:1900} INFO - Created Permission View: can read on DAG:example_trigger_target_dag
[2025-05-22T20:29:05.162+0000] {logging_mixin.py:190} INFO - [2025-05-22T20:29:05.161+0000] {override.py:1900} INFO - Created Permission View: menu access on DAG Run:example_trigger_target_dag
[2025-05-22T20:29:05.166+0000] {logging_mixin.py:190} INFO - [2025-05-22T20:29:05.166+0000] {override.py:1900} INFO - Created Permission View: can delete on DAG Run:example_trigger_target_dag
[2025-05-22T20:29:05.170+0000] {logging_mixin.py:190} INFO - [2025-05-22T20:29:05.170+0000] {override.py:1900} INFO - Created Permission View: can create on DAG Run:example_trigger_target_dag
[2025-05-22T20:29:05.173+0000] {logging_mixin.py:190} INFO - [2025-05-22T20:29:05.173+0000] {override.py:1900} INFO - Created Permission View: can read on DAG Run:example_trigger_target_dag
[2025-05-22T20:29:05.174+0000] {logging_mixin.py:190} INFO - [2025-05-22T20:29:05.174+0000] {dag.py:3239} INFO - Sync 1 DAGs
[2025-05-22T20:29:05.185+0000] {logging_mixin.py:190} INFO - [2025-05-22T20:29:05.185+0000] {dag.py:3262} INFO - Creating ORM DAG for example_trigger_target_dag
[2025-05-22T20:29:05.188+0000] {logging_mixin.py:190} INFO - [2025-05-22T20:29:05.188+0000] {dag.py:4180} INFO - Setting next_dagrun for example_trigger_target_dag to None, run_after=None
[2025-05-22T20:29:05.203+0000] {processor.py:208} INFO - Processing /home/airflow/.local/lib/python3.12/site-packages/airflow/example_dags/example_trigger_target_dag.py took 0.193 seconds
[2025-05-22T20:29:35.814+0000] {processor.py:186} INFO - Started process (PID=147) to work on /home/airflow/.local/lib/python3.12/site-packages/airflow/example_dags/example_trigger_target_dag.py
[2025-05-22T20:29:35.819+0000] {processor.py:914} INFO - Processing file /home/airflow/.local/lib/python3.12/site-packages/airflow/example_dags/example_trigger_target_dag.py for tasks to queue
[2025-05-22T20:29:35.821+0000] {logging_mixin.py:190} INFO - [2025-05-22T20:29:35.821+0000] {dagbag.py:588} INFO - Filling up the DagBag from /home/airflow/.local/lib/python3.12/site-packages/airflow/example_dags/example_trigger_target_dag.py
[2025-05-22T20:29:35.828+0000] {processor.py:925} INFO - DAG(s) 'example_trigger_target_dag' retrieved from /home/airflow/.local/lib/python3.12/site-packages/airflow/example_dags/example_trigger_target_dag.py
[2025-05-22T20:29:35.840+0000] {logging_mixin.py:190} INFO - [2025-05-22T20:29:35.840+0000] {dag.py:3239} INFO - Sync 1 DAGs
[2025-05-22T20:29:35.847+0000] {logging_mixin.py:190} INFO - [2025-05-22T20:29:35.847+0000] {dag.py:4180} INFO - Setting next_dagrun for example_trigger_target_dag to None, run_after=None
[2025-05-22T20:29:35.859+0000] {processor.py:208} INFO - Processing /home/airflow/.local/lib/python3.12/site-packages/airflow/example_dags/example_trigger_target_dag.py took 0.049 seconds
[2025-05-22T20:30:06.625+0000] {processor.py:186} INFO - Started process (PID=209) to work on /home/airflow/.local/lib/python3.12/site-packages/airflow/example_dags/example_trigger_target_dag.py
[2025-05-22T20:30:06.626+0000] {processor.py:914} INFO - Processing file /home/airflow/.local/lib/python3.12/site-packages/airflow/example_dags/example_trigger_target_dag.py for tasks to queue
[2025-05-22T20:30:06.630+0000] {logging_mixin.py:190} INFO - [2025-05-22T20:30:06.630+0000] {dagbag.py:588} INFO - Filling up the DagBag from /home/airflow/.local/lib/python3.12/site-packages/airflow/example_dags/example_trigger_target_dag.py
[2025-05-22T20:30:06.636+0000] {processor.py:925} INFO - DAG(s) 'example_trigger_target_dag' retrieved from /home/airflow/.local/lib/python3.12/site-packages/airflow/example_dags/example_trigger_target_dag.py
[2025-05-22T20:30:06.646+0000] {logging_mixin.py:190} INFO - [2025-05-22T20:30:06.646+0000] {dag.py:3239} INFO - Sync 1 DAGs
[2025-05-22T20:30:06.653+0000] {logging_mixin.py:190} INFO - [2025-05-22T20:30:06.653+0000] {dag.py:4180} INFO - Setting next_dagrun for example_trigger_target_dag to None, run_after=None
[2025-05-22T20:30:06.662+0000] {processor.py:208} INFO - Processing /home/airflow/.local/lib/python3.12/site-packages/airflow/example_dags/example_trigger_target_dag.py took 0.040 seconds
[2025-05-22T20:30:36.935+0000] {processor.py:186} INFO - Started process (PID=271) to work on /home/airflow/.local/lib/python3.12/site-packages/airflow/example_dags/example_trigger_target_dag.py
[2025-05-22T20:30:36.936+0000] {processor.py:914} INFO - Processing file /home/airflow/.local/lib/python3.12/site-packages/airflow/example_dags/example_trigger_target_dag.py for tasks to queue
[2025-05-22T20:30:36.940+0000] {logging_mixin.py:190} INFO - [2025-05-22T20:30:36.940+0000] {dagbag.py:588} INFO - Filling up the DagBag from /home/airflow/.local/lib/python3.12/site-packages/airflow/example_dags/example_trigger_target_dag.py
[2025-05-22T20:30:36.945+0000] {processor.py:925} INFO - DAG(s) 'example_trigger_target_dag' retrieved from /home/airflow/.local/lib/python3.12/site-packages/airflow/example_dags/example_trigger_target_dag.py
[2025-05-22T20:30:36.964+0000] {logging_mixin.py:190} INFO - [2025-05-22T20:30:36.964+0000] {dag.py:3239} INFO - Sync 1 DAGs
[2025-05-22T20:30:36.976+0000] {logging_mixin.py:190} INFO - [2025-05-22T20:30:36.976+0000] {dag.py:4180} INFO - Setting next_dagrun for example_trigger_target_dag to None, run_after=None
[2025-05-22T20:30:36.985+0000] {processor.py:208} INFO - Processing /home/airflow/.local/lib/python3.12/site-packages/airflow/example_dags/example_trigger_target_dag.py took 0.054 seconds
