[2025-05-22T20:29:05.233+0000] {processor.py:186} INFO - Started process (PID=87) to work on /home/airflow/.local/lib/python3.12/site-packages/airflow/example_dags/example_branch_datetime_operator.py
[2025-05-22T20:29:05.234+0000] {processor.py:914} INFO - Processing file /home/airflow/.local/lib/python3.12/site-packages/airflow/example_dags/example_branch_datetime_operator.py for tasks to queue
[2025-05-22T20:29:05.236+0000] {logging_mixin.py:190} INFO - [2025-05-22T20:29:05.235+0000] {dagbag.py:588} INFO - Filling up the DagBag from /home/airflow/.local/lib/python3.12/site-packages/airflow/example_dags/example_branch_datetime_operator.py
[2025-05-22T20:29:05.243+0000] {processor.py:925} INFO - DAG(s) 'example_branch_datetime_operator_3', 'example_branch_datetime_operator_2', 'example_branch_datetime_operator' retrieved from /home/airflow/.local/lib/python3.12/site-packages/airflow/example_dags/example_branch_datetime_operator.py
[2025-05-22T20:29:05.312+0000] {logging_mixin.py:190} INFO - [2025-05-22T20:29:05.312+0000] {override.py:1900} INFO - Created Permission View: can edit on DAG:example_branch_datetime_operator_3
[2025-05-22T20:29:05.317+0000] {logging_mixin.py:190} INFO - [2025-05-22T20:29:05.317+0000] {override.py:1900} INFO - Created Permission View: can delete on DAG:example_branch_datetime_operator_3
[2025-05-22T20:29:05.321+0000] {logging_mixin.py:190} INFO - [2025-05-22T20:29:05.321+0000] {override.py:1900} INFO - Created Permission View: can read on DAG:example_branch_datetime_operator_3
[2025-05-22T20:29:05.326+0000] {logging_mixin.py:190} INFO - [2025-05-22T20:29:05.325+0000] {override.py:1900} INFO - Created Permission View: menu access on DAG Run:example_branch_datetime_operator_3
[2025-05-22T20:29:05.332+0000] {logging_mixin.py:190} INFO - [2025-05-22T20:29:05.332+0000] {override.py:1900} INFO - Created Permission View: can delete on DAG Run:example_branch_datetime_operator_3
[2025-05-22T20:29:05.338+0000] {logging_mixin.py:190} INFO - [2025-05-22T20:29:05.338+0000] {override.py:1900} INFO - Created Permission View: can create on DAG Run:example_branch_datetime_operator_3
[2025-05-22T20:29:05.347+0000] {logging_mixin.py:190} INFO - [2025-05-22T20:29:05.347+0000] {override.py:1900} INFO - Created Permission View: can read on DAG Run:example_branch_datetime_operator_3
[2025-05-22T20:29:05.360+0000] {logging_mixin.py:190} INFO - [2025-05-22T20:29:05.360+0000] {override.py:1900} INFO - Created Permission View: can edit on DAG:example_branch_datetime_operator_2
[2025-05-22T20:29:05.368+0000] {logging_mixin.py:190} INFO - [2025-05-22T20:29:05.368+0000] {override.py:1900} INFO - Created Permission View: can delete on DAG:example_branch_datetime_operator_2
[2025-05-22T20:29:05.373+0000] {logging_mixin.py:190} INFO - [2025-05-22T20:29:05.373+0000] {override.py:1900} INFO - Created Permission View: can read on DAG:example_branch_datetime_operator_2
[2025-05-22T20:29:05.384+0000] {logging_mixin.py:190} INFO - [2025-05-22T20:29:05.383+0000] {override.py:1900} INFO - Created Permission View: menu access on DAG Run:example_branch_datetime_operator_2
[2025-05-22T20:29:05.391+0000] {logging_mixin.py:190} INFO - [2025-05-22T20:29:05.390+0000] {override.py:1900} INFO - Created Permission View: can delete on DAG Run:example_branch_datetime_operator_2
[2025-05-22T20:29:05.398+0000] {logging_mixin.py:190} INFO - [2025-05-22T20:29:05.398+0000] {override.py:1900} INFO - Created Permission View: can create on DAG Run:example_branch_datetime_operator_2
[2025-05-22T20:29:05.403+0000] {logging_mixin.py:190} INFO - [2025-05-22T20:29:05.403+0000] {override.py:1900} INFO - Created Permission View: can read on DAG Run:example_branch_datetime_operator_2
[2025-05-22T20:29:05.411+0000] {logging_mixin.py:190} INFO - [2025-05-22T20:29:05.411+0000] {override.py:1900} INFO - Created Permission View: can edit on DAG:example_branch_datetime_operator
[2025-05-22T20:29:05.420+0000] {logging_mixin.py:190} INFO - [2025-05-22T20:29:05.420+0000] {override.py:1900} INFO - Created Permission View: can delete on DAG:example_branch_datetime_operator
[2025-05-22T20:29:05.434+0000] {logging_mixin.py:190} INFO - [2025-05-22T20:29:05.433+0000] {override.py:1900} INFO - Created Permission View: can read on DAG:example_branch_datetime_operator
[2025-05-22T20:29:05.443+0000] {logging_mixin.py:190} INFO - [2025-05-22T20:29:05.442+0000] {override.py:1900} INFO - Created Permission View: menu access on DAG Run:example_branch_datetime_operator
[2025-05-22T20:29:05.455+0000] {logging_mixin.py:190} INFO - [2025-05-22T20:29:05.455+0000] {override.py:1900} INFO - Created Permission View: can delete on DAG Run:example_branch_datetime_operator
[2025-05-22T20:29:05.465+0000] {logging_mixin.py:190} INFO - [2025-05-22T20:29:05.465+0000] {override.py:1900} INFO - Created Permission View: can create on DAG Run:example_branch_datetime_operator
[2025-05-22T20:29:05.471+0000] {logging_mixin.py:190} INFO - [2025-05-22T20:29:05.471+0000] {override.py:1900} INFO - Created Permission View: can read on DAG Run:example_branch_datetime_operator
[2025-05-22T20:29:05.472+0000] {logging_mixin.py:190} INFO - [2025-05-22T20:29:05.472+0000] {dag.py:3239} INFO - Sync 3 DAGs
[2025-05-22T20:29:05.485+0000] {logging_mixin.py:190} INFO - [2025-05-22T20:29:05.485+0000] {dag.py:3262} INFO - Creating ORM DAG for example_branch_datetime_operator_2
[2025-05-22T20:29:05.486+0000] {logging_mixin.py:190} INFO - [2025-05-22T20:29:05.486+0000] {dag.py:3262} INFO - Creating ORM DAG for example_branch_datetime_operator
[2025-05-22T20:29:05.486+0000] {logging_mixin.py:190} INFO - [2025-05-22T20:29:05.486+0000] {dag.py:3262} INFO - Creating ORM DAG for example_branch_datetime_operator_3
[2025-05-22T20:29:05.499+0000] {logging_mixin.py:190} INFO - [2025-05-22T20:29:05.498+0000] {dag.py:4180} INFO - Setting next_dagrun for example_branch_datetime_operator to 2025-05-21 00:00:00+00:00, run_after=2025-05-22 00:00:00+00:00
[2025-05-22T20:29:05.500+0000] {logging_mixin.py:190} INFO - [2025-05-22T20:29:05.500+0000] {dag.py:4180} INFO - Setting next_dagrun for example_branch_datetime_operator_2 to 2025-05-21 00:00:00+00:00, run_after=2025-05-22 00:00:00+00:00
[2025-05-22T20:29:05.501+0000] {logging_mixin.py:190} INFO - [2025-05-22T20:29:05.501+0000] {dag.py:4180} INFO - Setting next_dagrun for example_branch_datetime_operator_3 to 2025-05-21 00:00:00+00:00, run_after=2025-05-22 00:00:00+00:00
[2025-05-22T20:29:05.515+0000] {processor.py:208} INFO - Processing /home/airflow/.local/lib/python3.12/site-packages/airflow/example_dags/example_branch_datetime_operator.py took 0.288 seconds
[2025-05-22T20:29:35.878+0000] {processor.py:186} INFO - Started process (PID=149) to work on /home/airflow/.local/lib/python3.12/site-packages/airflow/example_dags/example_branch_datetime_operator.py
[2025-05-22T20:29:35.880+0000] {processor.py:914} INFO - Processing file /home/airflow/.local/lib/python3.12/site-packages/airflow/example_dags/example_branch_datetime_operator.py for tasks to queue
[2025-05-22T20:29:35.881+0000] {logging_mixin.py:190} INFO - [2025-05-22T20:29:35.881+0000] {dagbag.py:588} INFO - Filling up the DagBag from /home/airflow/.local/lib/python3.12/site-packages/airflow/example_dags/example_branch_datetime_operator.py
[2025-05-22T20:29:35.889+0000] {processor.py:925} INFO - DAG(s) 'example_branch_datetime_operator', 'example_branch_datetime_operator_2', 'example_branch_datetime_operator_3' retrieved from /home/airflow/.local/lib/python3.12/site-packages/airflow/example_dags/example_branch_datetime_operator.py
[2025-05-22T20:29:35.902+0000] {logging_mixin.py:190} INFO - [2025-05-22T20:29:35.902+0000] {dag.py:3239} INFO - Sync 3 DAGs
[2025-05-22T20:29:35.915+0000] {logging_mixin.py:190} INFO - [2025-05-22T20:29:35.915+0000] {dag.py:4180} INFO - Setting next_dagrun for example_branch_datetime_operator to 2025-05-21 00:00:00+00:00, run_after=2025-05-22 00:00:00+00:00
[2025-05-22T20:29:35.918+0000] {logging_mixin.py:190} INFO - [2025-05-22T20:29:35.918+0000] {dag.py:4180} INFO - Setting next_dagrun for example_branch_datetime_operator_2 to 2025-05-21 00:00:00+00:00, run_after=2025-05-22 00:00:00+00:00
[2025-05-22T20:29:35.920+0000] {logging_mixin.py:190} INFO - [2025-05-22T20:29:35.920+0000] {dag.py:4180} INFO - Setting next_dagrun for example_branch_datetime_operator_3 to 2025-05-21 00:00:00+00:00, run_after=2025-05-22 00:00:00+00:00
[2025-05-22T20:29:35.929+0000] {processor.py:208} INFO - Processing /home/airflow/.local/lib/python3.12/site-packages/airflow/example_dags/example_branch_datetime_operator.py took 0.054 seconds
[2025-05-22T20:30:06.675+0000] {processor.py:186} INFO - Started process (PID=211) to work on /home/airflow/.local/lib/python3.12/site-packages/airflow/example_dags/example_branch_datetime_operator.py
[2025-05-22T20:30:06.676+0000] {processor.py:914} INFO - Processing file /home/airflow/.local/lib/python3.12/site-packages/airflow/example_dags/example_branch_datetime_operator.py for tasks to queue
[2025-05-22T20:30:06.677+0000] {logging_mixin.py:190} INFO - [2025-05-22T20:30:06.677+0000] {dagbag.py:588} INFO - Filling up the DagBag from /home/airflow/.local/lib/python3.12/site-packages/airflow/example_dags/example_branch_datetime_operator.py
[2025-05-22T20:30:06.683+0000] {processor.py:925} INFO - DAG(s) 'example_branch_datetime_operator', 'example_branch_datetime_operator_2', 'example_branch_datetime_operator_3' retrieved from /home/airflow/.local/lib/python3.12/site-packages/airflow/example_dags/example_branch_datetime_operator.py
[2025-05-22T20:30:06.698+0000] {logging_mixin.py:190} INFO - [2025-05-22T20:30:06.698+0000] {dag.py:3239} INFO - Sync 3 DAGs
[2025-05-22T20:30:06.713+0000] {logging_mixin.py:190} INFO - [2025-05-22T20:30:06.713+0000] {dag.py:4180} INFO - Setting next_dagrun for example_branch_datetime_operator to 2025-05-21 00:00:00+00:00, run_after=2025-05-22 00:00:00+00:00
[2025-05-22T20:30:06.717+0000] {logging_mixin.py:190} INFO - [2025-05-22T20:30:06.717+0000] {dag.py:4180} INFO - Setting next_dagrun for example_branch_datetime_operator_2 to 2025-05-21 00:00:00+00:00, run_after=2025-05-22 00:00:00+00:00
[2025-05-22T20:30:06.718+0000] {logging_mixin.py:190} INFO - [2025-05-22T20:30:06.718+0000] {dag.py:4180} INFO - Setting next_dagrun for example_branch_datetime_operator_3 to 2025-05-21 00:00:00+00:00, run_after=2025-05-22 00:00:00+00:00
[2025-05-22T20:30:06.732+0000] {processor.py:208} INFO - Processing /home/airflow/.local/lib/python3.12/site-packages/airflow/example_dags/example_branch_datetime_operator.py took 0.060 seconds
[2025-05-22T20:30:37.000+0000] {processor.py:186} INFO - Started process (PID=273) to work on /home/airflow/.local/lib/python3.12/site-packages/airflow/example_dags/example_branch_datetime_operator.py
[2025-05-22T20:30:37.001+0000] {processor.py:914} INFO - Processing file /home/airflow/.local/lib/python3.12/site-packages/airflow/example_dags/example_branch_datetime_operator.py for tasks to queue
[2025-05-22T20:30:37.002+0000] {logging_mixin.py:190} INFO - [2025-05-22T20:30:37.002+0000] {dagbag.py:588} INFO - Filling up the DagBag from /home/airflow/.local/lib/python3.12/site-packages/airflow/example_dags/example_branch_datetime_operator.py
[2025-05-22T20:30:37.009+0000] {processor.py:925} INFO - DAG(s) 'example_branch_datetime_operator', 'example_branch_datetime_operator_2', 'example_branch_datetime_operator_3' retrieved from /home/airflow/.local/lib/python3.12/site-packages/airflow/example_dags/example_branch_datetime_operator.py
[2025-05-22T20:30:37.022+0000] {logging_mixin.py:190} INFO - [2025-05-22T20:30:37.021+0000] {dag.py:3239} INFO - Sync 3 DAGs
[2025-05-22T20:30:37.036+0000] {logging_mixin.py:190} INFO - [2025-05-22T20:30:37.036+0000] {dag.py:4180} INFO - Setting next_dagrun for example_branch_datetime_operator to 2025-05-21 00:00:00+00:00, run_after=2025-05-22 00:00:00+00:00
[2025-05-22T20:30:37.040+0000] {logging_mixin.py:190} INFO - [2025-05-22T20:30:37.040+0000] {dag.py:4180} INFO - Setting next_dagrun for example_branch_datetime_operator_2 to 2025-05-21 00:00:00+00:00, run_after=2025-05-22 00:00:00+00:00
[2025-05-22T20:30:37.041+0000] {logging_mixin.py:190} INFO - [2025-05-22T20:30:37.041+0000] {dag.py:4180} INFO - Setting next_dagrun for example_branch_datetime_operator_3 to 2025-05-21 00:00:00+00:00, run_after=2025-05-22 00:00:00+00:00
[2025-05-22T20:30:37.049+0000] {processor.py:208} INFO - Processing /home/airflow/.local/lib/python3.12/site-packages/airflow/example_dags/example_branch_datetime_operator.py took 0.053 seconds
