[2025-05-22T20:29:03.229+0000] {processor.py:186} INFO - Started process (PID=73) to work on /home/airflow/.local/lib/python3.12/site-packages/airflow/example_dags/example_branch_operator.py
[2025-05-22T20:29:03.230+0000] {processor.py:914} INFO - Processing file /home/airflow/.local/lib/python3.12/site-packages/airflow/example_dags/example_branch_operator.py for tasks to queue
[2025-05-22T20:29:03.233+0000] {logging_mixin.py:190} INFO - [2025-05-22T20:29:03.233+0000] {dagbag.py:588} INFO - Filling up the DagBag from /home/airflow/.local/lib/python3.12/site-packages/airflow/example_dags/example_branch_operator.py
[2025-05-22T20:29:03.249+0000] {processor.py:925} INFO - DAG(s) 'example_branch_operator' retrieved from /home/airflow/.local/lib/python3.12/site-packages/airflow/example_dags/example_branch_operator.py
[2025-05-22T20:29:03.334+0000] {logging_mixin.py:190} INFO - [2025-05-22T20:29:03.334+0000] {override.py:1900} INFO - Created Permission View: can edit on DAG:example_branch_operator
[2025-05-22T20:29:03.342+0000] {logging_mixin.py:190} INFO - [2025-05-22T20:29:03.341+0000] {override.py:1900} INFO - Created Permission View: can delete on DAG:example_branch_operator
[2025-05-22T20:29:03.348+0000] {logging_mixin.py:190} INFO - [2025-05-22T20:29:03.348+0000] {override.py:1900} INFO - Created Permission View: can read on DAG:example_branch_operator
[2025-05-22T20:29:03.356+0000] {logging_mixin.py:190} INFO - [2025-05-22T20:29:03.355+0000] {override.py:1900} INFO - Created Permission View: menu access on DAG Run:example_branch_operator
[2025-05-22T20:29:03.359+0000] {logging_mixin.py:190} INFO - [2025-05-22T20:29:03.359+0000] {override.py:1900} INFO - Created Permission View: can delete on DAG Run:example_branch_operator
[2025-05-22T20:29:03.363+0000] {logging_mixin.py:190} INFO - [2025-05-22T20:29:03.363+0000] {override.py:1900} INFO - Created Permission View: can create on DAG Run:example_branch_operator
[2025-05-22T20:29:03.366+0000] {logging_mixin.py:190} INFO - [2025-05-22T20:29:03.366+0000] {override.py:1900} INFO - Created Permission View: can read on DAG Run:example_branch_operator
[2025-05-22T20:29:03.369+0000] {logging_mixin.py:190} INFO - [2025-05-22T20:29:03.369+0000] {dag.py:3239} INFO - Sync 1 DAGs
[2025-05-22T20:29:03.376+0000] {logging_mixin.py:190} INFO - [2025-05-22T20:29:03.376+0000] {dag.py:3262} INFO - Creating ORM DAG for example_branch_operator
[2025-05-22T20:29:03.383+0000] {logging_mixin.py:190} INFO - [2025-05-22T20:29:03.383+0000] {dag.py:4180} INFO - Setting next_dagrun for example_branch_operator to 2025-05-21 00:00:00+00:00, run_after=2025-05-22 00:00:00+00:00
[2025-05-22T20:29:03.397+0000] {processor.py:208} INFO - Processing /home/airflow/.local/lib/python3.12/site-packages/airflow/example_dags/example_branch_operator.py took 0.174 seconds
[2025-05-22T20:29:34.085+0000] {processor.py:186} INFO - Started process (PID=135) to work on /home/airflow/.local/lib/python3.12/site-packages/airflow/example_dags/example_branch_operator.py
[2025-05-22T20:29:34.090+0000] {processor.py:914} INFO - Processing file /home/airflow/.local/lib/python3.12/site-packages/airflow/example_dags/example_branch_operator.py for tasks to queue
[2025-05-22T20:29:34.091+0000] {logging_mixin.py:190} INFO - [2025-05-22T20:29:34.091+0000] {dagbag.py:588} INFO - Filling up the DagBag from /home/airflow/.local/lib/python3.12/site-packages/airflow/example_dags/example_branch_operator.py
[2025-05-22T20:29:34.103+0000] {processor.py:925} INFO - DAG(s) 'example_branch_operator' retrieved from /home/airflow/.local/lib/python3.12/site-packages/airflow/example_dags/example_branch_operator.py
[2025-05-22T20:29:34.129+0000] {logging_mixin.py:190} INFO - [2025-05-22T20:29:34.129+0000] {dag.py:3239} INFO - Sync 1 DAGs
[2025-05-22T20:29:34.149+0000] {logging_mixin.py:190} INFO - [2025-05-22T20:29:34.148+0000] {dag.py:4180} INFO - Setting next_dagrun for example_branch_operator to 2025-05-21 00:00:00+00:00, run_after=2025-05-22 00:00:00+00:00
[2025-05-22T20:29:34.161+0000] {processor.py:208} INFO - Processing /home/airflow/.local/lib/python3.12/site-packages/airflow/example_dags/example_branch_operator.py took 0.080 seconds
[2025-05-22T20:30:04.876+0000] {processor.py:186} INFO - Started process (PID=197) to work on /home/airflow/.local/lib/python3.12/site-packages/airflow/example_dags/example_branch_operator.py
[2025-05-22T20:30:04.877+0000] {processor.py:914} INFO - Processing file /home/airflow/.local/lib/python3.12/site-packages/airflow/example_dags/example_branch_operator.py for tasks to queue
[2025-05-22T20:30:04.879+0000] {logging_mixin.py:190} INFO - [2025-05-22T20:30:04.879+0000] {dagbag.py:588} INFO - Filling up the DagBag from /home/airflow/.local/lib/python3.12/site-packages/airflow/example_dags/example_branch_operator.py
[2025-05-22T20:30:04.891+0000] {processor.py:925} INFO - DAG(s) 'example_branch_operator' retrieved from /home/airflow/.local/lib/python3.12/site-packages/airflow/example_dags/example_branch_operator.py
[2025-05-22T20:30:04.909+0000] {logging_mixin.py:190} INFO - [2025-05-22T20:30:04.908+0000] {dag.py:3239} INFO - Sync 1 DAGs
[2025-05-22T20:30:04.921+0000] {logging_mixin.py:190} INFO - [2025-05-22T20:30:04.921+0000] {dag.py:4180} INFO - Setting next_dagrun for example_branch_operator to 2025-05-21 00:00:00+00:00, run_after=2025-05-22 00:00:00+00:00
[2025-05-22T20:30:04.932+0000] {processor.py:208} INFO - Processing /home/airflow/.local/lib/python3.12/site-packages/airflow/example_dags/example_branch_operator.py took 0.059 seconds
[2025-05-22T20:30:35.281+0000] {processor.py:186} INFO - Started process (PID=259) to work on /home/airflow/.local/lib/python3.12/site-packages/airflow/example_dags/example_branch_operator.py
[2025-05-22T20:30:35.285+0000] {processor.py:914} INFO - Processing file /home/airflow/.local/lib/python3.12/site-packages/airflow/example_dags/example_branch_operator.py for tasks to queue
[2025-05-22T20:30:35.286+0000] {logging_mixin.py:190} INFO - [2025-05-22T20:30:35.286+0000] {dagbag.py:588} INFO - Filling up the DagBag from /home/airflow/.local/lib/python3.12/site-packages/airflow/example_dags/example_branch_operator.py
[2025-05-22T20:30:35.295+0000] {processor.py:925} INFO - DAG(s) 'example_branch_operator' retrieved from /home/airflow/.local/lib/python3.12/site-packages/airflow/example_dags/example_branch_operator.py
[2025-05-22T20:30:35.313+0000] {logging_mixin.py:190} INFO - [2025-05-22T20:30:35.313+0000] {dag.py:3239} INFO - Sync 1 DAGs
[2025-05-22T20:30:35.328+0000] {logging_mixin.py:190} INFO - [2025-05-22T20:30:35.327+0000] {dag.py:4180} INFO - Setting next_dagrun for example_branch_operator to 2025-05-21 00:00:00+00:00, run_after=2025-05-22 00:00:00+00:00
[2025-05-22T20:30:35.336+0000] {processor.py:208} INFO - Processing /home/airflow/.local/lib/python3.12/site-packages/airflow/example_dags/example_branch_operator.py took 0.058 seconds
