[2025-05-22T20:29:05.833+0000] {processor.py:186} INFO - Started process (PID=91) to work on /home/airflow/.local/lib/python3.12/site-packages/airflow/example_dags/example_setup_teardown_taskflow.py
[2025-05-22T20:29:05.835+0000] {processor.py:914} INFO - Processing file /home/airflow/.local/lib/python3.12/site-packages/airflow/example_dags/example_setup_teardown_taskflow.py for tasks to queue
[2025-05-22T20:29:05.839+0000] {logging_mixin.py:190} INFO - [2025-05-22T20:29:05.839+0000] {dagbag.py:588} INFO - Filling up the DagBag from /home/airflow/.local/lib/python3.12/site-packages/airflow/example_dags/example_setup_teardown_taskflow.py
[2025-05-22T20:29:05.858+0000] {processor.py:925} INFO - DAG(s) 'example_setup_teardown_taskflow' retrieved from /home/airflow/.local/lib/python3.12/site-packages/airflow/example_dags/example_setup_teardown_taskflow.py
[2025-05-22T20:29:06.002+0000] {logging_mixin.py:190} INFO - [2025-05-22T20:29:06.000+0000] {override.py:1900} INFO - Created Permission View: can edit on DAG:example_setup_teardown_taskflow
[2025-05-22T20:29:06.016+0000] {logging_mixin.py:190} INFO - [2025-05-22T20:29:06.015+0000] {override.py:1900} INFO - Created Permission View: can delete on DAG:example_setup_teardown_taskflow
[2025-05-22T20:29:06.021+0000] {logging_mixin.py:190} INFO - [2025-05-22T20:29:06.021+0000] {override.py:1900} INFO - Created Permission View: can read on DAG:example_setup_teardown_taskflow
[2025-05-22T20:29:06.026+0000] {logging_mixin.py:190} INFO - [2025-05-22T20:29:06.025+0000] {override.py:1900} INFO - Created Permission View: menu access on DAG Run:example_setup_teardown_taskflow
[2025-05-22T20:29:06.032+0000] {logging_mixin.py:190} INFO - [2025-05-22T20:29:06.032+0000] {override.py:1900} INFO - Created Permission View: can delete on DAG Run:example_setup_teardown_taskflow
[2025-05-22T20:29:06.036+0000] {logging_mixin.py:190} INFO - [2025-05-22T20:29:06.036+0000] {override.py:1900} INFO - Created Permission View: can create on DAG Run:example_setup_teardown_taskflow
[2025-05-22T20:29:06.040+0000] {logging_mixin.py:190} INFO - [2025-05-22T20:29:06.040+0000] {override.py:1900} INFO - Created Permission View: can read on DAG Run:example_setup_teardown_taskflow
[2025-05-22T20:29:06.041+0000] {logging_mixin.py:190} INFO - [2025-05-22T20:29:06.041+0000] {dag.py:3239} INFO - Sync 1 DAGs
[2025-05-22T20:29:06.055+0000] {logging_mixin.py:190} INFO - [2025-05-22T20:29:06.055+0000] {dag.py:3262} INFO - Creating ORM DAG for example_setup_teardown_taskflow
[2025-05-22T20:29:06.056+0000] {logging_mixin.py:190} INFO - [2025-05-22T20:29:06.056+0000] {dag.py:4180} INFO - Setting next_dagrun for example_setup_teardown_taskflow to None, run_after=None
[2025-05-22T20:29:06.071+0000] {processor.py:208} INFO - Processing /home/airflow/.local/lib/python3.12/site-packages/airflow/example_dags/example_setup_teardown_taskflow.py took 0.248 seconds
[2025-05-22T20:29:37.072+0000] {processor.py:186} INFO - Started process (PID=153) to work on /home/airflow/.local/lib/python3.12/site-packages/airflow/example_dags/example_setup_teardown_taskflow.py
[2025-05-22T20:29:37.073+0000] {processor.py:914} INFO - Processing file /home/airflow/.local/lib/python3.12/site-packages/airflow/example_dags/example_setup_teardown_taskflow.py for tasks to queue
[2025-05-22T20:29:37.075+0000] {logging_mixin.py:190} INFO - [2025-05-22T20:29:37.075+0000] {dagbag.py:588} INFO - Filling up the DagBag from /home/airflow/.local/lib/python3.12/site-packages/airflow/example_dags/example_setup_teardown_taskflow.py
[2025-05-22T20:29:37.099+0000] {processor.py:925} INFO - DAG(s) 'example_setup_teardown_taskflow' retrieved from /home/airflow/.local/lib/python3.12/site-packages/airflow/example_dags/example_setup_teardown_taskflow.py
[2025-05-22T20:29:37.153+0000] {logging_mixin.py:190} INFO - [2025-05-22T20:29:37.153+0000] {dag.py:3239} INFO - Sync 1 DAGs
[2025-05-22T20:29:37.174+0000] {logging_mixin.py:190} INFO - [2025-05-22T20:29:37.173+0000] {dag.py:4180} INFO - Setting next_dagrun for example_setup_teardown_taskflow to None, run_after=None
[2025-05-22T20:29:37.215+0000] {processor.py:208} INFO - Processing /home/airflow/.local/lib/python3.12/site-packages/airflow/example_dags/example_setup_teardown_taskflow.py took 0.149 seconds
[2025-05-22T20:30:07.857+0000] {processor.py:186} INFO - Started process (PID=215) to work on /home/airflow/.local/lib/python3.12/site-packages/airflow/example_dags/example_setup_teardown_taskflow.py
[2025-05-22T20:30:07.858+0000] {processor.py:914} INFO - Processing file /home/airflow/.local/lib/python3.12/site-packages/airflow/example_dags/example_setup_teardown_taskflow.py for tasks to queue
[2025-05-22T20:30:07.863+0000] {logging_mixin.py:190} INFO - [2025-05-22T20:30:07.862+0000] {dagbag.py:588} INFO - Filling up the DagBag from /home/airflow/.local/lib/python3.12/site-packages/airflow/example_dags/example_setup_teardown_taskflow.py
[2025-05-22T20:30:07.880+0000] {processor.py:925} INFO - DAG(s) 'example_setup_teardown_taskflow' retrieved from /home/airflow/.local/lib/python3.12/site-packages/airflow/example_dags/example_setup_teardown_taskflow.py
[2025-05-22T20:30:07.901+0000] {logging_mixin.py:190} INFO - [2025-05-22T20:30:07.901+0000] {dag.py:3239} INFO - Sync 1 DAGs
[2025-05-22T20:30:07.912+0000] {logging_mixin.py:190} INFO - [2025-05-22T20:30:07.911+0000] {dag.py:4180} INFO - Setting next_dagrun for example_setup_teardown_taskflow to None, run_after=None
[2025-05-22T20:30:07.928+0000] {processor.py:208} INFO - Processing /home/airflow/.local/lib/python3.12/site-packages/airflow/example_dags/example_setup_teardown_taskflow.py took 0.081 seconds
[2025-05-22T20:30:38.287+0000] {processor.py:186} INFO - Started process (PID=277) to work on /home/airflow/.local/lib/python3.12/site-packages/airflow/example_dags/example_setup_teardown_taskflow.py
[2025-05-22T20:30:38.289+0000] {processor.py:914} INFO - Processing file /home/airflow/.local/lib/python3.12/site-packages/airflow/example_dags/example_setup_teardown_taskflow.py for tasks to queue
[2025-05-22T20:30:38.293+0000] {logging_mixin.py:190} INFO - [2025-05-22T20:30:38.292+0000] {dagbag.py:588} INFO - Filling up the DagBag from /home/airflow/.local/lib/python3.12/site-packages/airflow/example_dags/example_setup_teardown_taskflow.py
[2025-05-22T20:30:38.302+0000] {processor.py:925} INFO - DAG(s) 'example_setup_teardown_taskflow' retrieved from /home/airflow/.local/lib/python3.12/site-packages/airflow/example_dags/example_setup_teardown_taskflow.py
[2025-05-22T20:30:38.337+0000] {logging_mixin.py:190} INFO - [2025-05-22T20:30:38.337+0000] {dag.py:3239} INFO - Sync 1 DAGs
[2025-05-22T20:30:38.354+0000] {logging_mixin.py:190} INFO - [2025-05-22T20:30:38.354+0000] {dag.py:4180} INFO - Setting next_dagrun for example_setup_teardown_taskflow to None, run_after=None
[2025-05-22T20:30:38.370+0000] {processor.py:208} INFO - Processing /home/airflow/.local/lib/python3.12/site-packages/airflow/example_dags/example_setup_teardown_taskflow.py took 0.092 seconds
