[2025-05-22T20:29:03.910+0000] {processor.py:186} INFO - Started process (PID=80) to work on /home/airflow/.local/lib/python3.12/site-packages/airflow/example_dags/example_complex.py
[2025-05-22T20:29:03.911+0000] {processor.py:914} INFO - Processing file /home/airflow/.local/lib/python3.12/site-packages/airflow/example_dags/example_complex.py for tasks to queue
[2025-05-22T20:29:03.913+0000] {logging_mixin.py:190} INFO - [2025-05-22T20:29:03.912+0000] {dagbag.py:588} INFO - Filling up the DagBag from /home/airflow/.local/lib/python3.12/site-packages/airflow/example_dags/example_complex.py
[2025-05-22T20:29:03.926+0000] {processor.py:925} INFO - DAG(s) 'example_complex' retrieved from /home/airflow/.local/lib/python3.12/site-packages/airflow/example_dags/example_complex.py
[2025-05-22T20:29:04.126+0000] {logging_mixin.py:190} INFO - [2025-05-22T20:29:04.125+0000] {override.py:1900} INFO - Created Permission View: can edit on DAG:example_complex
[2025-05-22T20:29:04.131+0000] {logging_mixin.py:190} INFO - [2025-05-22T20:29:04.131+0000] {override.py:1900} INFO - Created Permission View: can delete on DAG:example_complex
[2025-05-22T20:29:04.136+0000] {logging_mixin.py:190} INFO - [2025-05-22T20:29:04.136+0000] {override.py:1900} INFO - Created Permission View: can read on DAG:example_complex
[2025-05-22T20:29:04.144+0000] {logging_mixin.py:190} INFO - [2025-05-22T20:29:04.144+0000] {override.py:1900} INFO - Created Permission View: menu access on DAG Run:example_complex
[2025-05-22T20:29:04.150+0000] {logging_mixin.py:190} INFO - [2025-05-22T20:29:04.150+0000] {override.py:1900} INFO - Created Permission View: can delete on DAG Run:example_complex
[2025-05-22T20:29:04.154+0000] {logging_mixin.py:190} INFO - [2025-05-22T20:29:04.154+0000] {override.py:1900} INFO - Created Permission View: can create on DAG Run:example_complex
[2025-05-22T20:29:04.159+0000] {logging_mixin.py:190} INFO - [2025-05-22T20:29:04.159+0000] {override.py:1900} INFO - Created Permission View: can read on DAG Run:example_complex
[2025-05-22T20:29:04.159+0000] {logging_mixin.py:190} INFO - [2025-05-22T20:29:04.159+0000] {dag.py:3239} INFO - Sync 1 DAGs
[2025-05-22T20:29:04.173+0000] {logging_mixin.py:190} INFO - [2025-05-22T20:29:04.172+0000] {dag.py:3262} INFO - Creating ORM DAG for example_complex
[2025-05-22T20:29:04.175+0000] {logging_mixin.py:190} INFO - [2025-05-22T20:29:04.174+0000] {dag.py:4180} INFO - Setting next_dagrun for example_complex to None, run_after=None
[2025-05-22T20:29:04.187+0000] {processor.py:208} INFO - Processing /home/airflow/.local/lib/python3.12/site-packages/airflow/example_dags/example_complex.py took 0.289 seconds
[2025-05-22T20:29:34.368+0000] {processor.py:186} INFO - Started process (PID=141) to work on /home/airflow/.local/lib/python3.12/site-packages/airflow/example_dags/example_complex.py
[2025-05-22T20:29:34.371+0000] {processor.py:914} INFO - Processing file /home/airflow/.local/lib/python3.12/site-packages/airflow/example_dags/example_complex.py for tasks to queue
[2025-05-22T20:29:34.373+0000] {logging_mixin.py:190} INFO - [2025-05-22T20:29:34.372+0000] {dagbag.py:588} INFO - Filling up the DagBag from /home/airflow/.local/lib/python3.12/site-packages/airflow/example_dags/example_complex.py
[2025-05-22T20:29:34.379+0000] {processor.py:925} INFO - DAG(s) 'example_complex' retrieved from /home/airflow/.local/lib/python3.12/site-packages/airflow/example_dags/example_complex.py
[2025-05-22T20:29:34.395+0000] {logging_mixin.py:190} INFO - [2025-05-22T20:29:34.395+0000] {dag.py:3239} INFO - Sync 1 DAGs
[2025-05-22T20:29:34.401+0000] {logging_mixin.py:190} INFO - [2025-05-22T20:29:34.401+0000] {dag.py:4180} INFO - Setting next_dagrun for example_complex to None, run_after=None
[2025-05-22T20:29:34.409+0000] {processor.py:208} INFO - Processing /home/airflow/.local/lib/python3.12/site-packages/airflow/example_dags/example_complex.py took 0.047 seconds
[2025-05-22T20:30:05.110+0000] {processor.py:186} INFO - Started process (PID=203) to work on /home/airflow/.local/lib/python3.12/site-packages/airflow/example_dags/example_complex.py
[2025-05-22T20:30:05.111+0000] {processor.py:914} INFO - Processing file /home/airflow/.local/lib/python3.12/site-packages/airflow/example_dags/example_complex.py for tasks to queue
[2025-05-22T20:30:05.113+0000] {logging_mixin.py:190} INFO - [2025-05-22T20:30:05.113+0000] {dagbag.py:588} INFO - Filling up the DagBag from /home/airflow/.local/lib/python3.12/site-packages/airflow/example_dags/example_complex.py
[2025-05-22T20:30:05.118+0000] {processor.py:925} INFO - DAG(s) 'example_complex' retrieved from /home/airflow/.local/lib/python3.12/site-packages/airflow/example_dags/example_complex.py
[2025-05-22T20:30:05.135+0000] {logging_mixin.py:190} INFO - [2025-05-22T20:30:05.135+0000] {dag.py:3239} INFO - Sync 1 DAGs
[2025-05-22T20:30:05.142+0000] {logging_mixin.py:190} INFO - [2025-05-22T20:30:05.141+0000] {dag.py:4180} INFO - Setting next_dagrun for example_complex to None, run_after=None
[2025-05-22T20:30:05.149+0000] {processor.py:208} INFO - Processing /home/airflow/.local/lib/python3.12/site-packages/airflow/example_dags/example_complex.py took 0.043 seconds
[2025-05-22T20:30:35.544+0000] {processor.py:186} INFO - Started process (PID=265) to work on /home/airflow/.local/lib/python3.12/site-packages/airflow/example_dags/example_complex.py
[2025-05-22T20:30:35.546+0000] {processor.py:914} INFO - Processing file /home/airflow/.local/lib/python3.12/site-packages/airflow/example_dags/example_complex.py for tasks to queue
[2025-05-22T20:30:35.547+0000] {logging_mixin.py:190} INFO - [2025-05-22T20:30:35.547+0000] {dagbag.py:588} INFO - Filling up the DagBag from /home/airflow/.local/lib/python3.12/site-packages/airflow/example_dags/example_complex.py
[2025-05-22T20:30:35.555+0000] {processor.py:925} INFO - DAG(s) 'example_complex' retrieved from /home/airflow/.local/lib/python3.12/site-packages/airflow/example_dags/example_complex.py
[2025-05-22T20:30:35.576+0000] {logging_mixin.py:190} INFO - [2025-05-22T20:30:35.575+0000] {dag.py:3239} INFO - Sync 1 DAGs
[2025-05-22T20:30:35.584+0000] {logging_mixin.py:190} INFO - [2025-05-22T20:30:35.584+0000] {dag.py:4180} INFO - Setting next_dagrun for example_complex to None, run_after=None
[2025-05-22T20:30:35.594+0000] {processor.py:208} INFO - Processing /home/airflow/.local/lib/python3.12/site-packages/airflow/example_dags/example_complex.py took 0.054 seconds
