[2025-05-22T20:29:06.553+0000] {processor.py:186} INFO - Started process (PID=98) to work on /home/airflow/.local/lib/python3.12/site-packages/airflow/example_dags/example_params_trigger_ui.py
[2025-05-22T20:29:06.553+0000] {processor.py:914} INFO - Processing file /home/airflow/.local/lib/python3.12/site-packages/airflow/example_dags/example_params_trigger_ui.py for tasks to queue
[2025-05-22T20:29:06.555+0000] {logging_mixin.py:190} INFO - [2025-05-22T20:29:06.555+0000] {dagbag.py:588} INFO - Filling up the DagBag from /home/airflow/.local/lib/python3.12/site-packages/airflow/example_dags/example_params_trigger_ui.py
[2025-05-22T20:29:06.562+0000] {processor.py:925} INFO - DAG(s) 'example_params_trigger_ui' retrieved from /home/airflow/.local/lib/python3.12/site-packages/airflow/example_dags/example_params_trigger_ui.py
[2025-05-22T20:29:06.653+0000] {logging_mixin.py:190} INFO - [2025-05-22T20:29:06.652+0000] {override.py:1900} INFO - Created Permission View: can edit on DAG:example_params_trigger_ui
[2025-05-22T20:29:06.659+0000] {logging_mixin.py:190} INFO - [2025-05-22T20:29:06.659+0000] {override.py:1900} INFO - Created Permission View: can delete on DAG:example_params_trigger_ui
[2025-05-22T20:29:06.662+0000] {logging_mixin.py:190} INFO - [2025-05-22T20:29:06.662+0000] {override.py:1900} INFO - Created Permission View: can read on DAG:example_params_trigger_ui
[2025-05-22T20:29:06.665+0000] {logging_mixin.py:190} INFO - [2025-05-22T20:29:06.665+0000] {override.py:1900} INFO - Created Permission View: menu access on DAG Run:example_params_trigger_ui
[2025-05-22T20:29:06.670+0000] {logging_mixin.py:190} INFO - [2025-05-22T20:29:06.670+0000] {override.py:1900} INFO - Created Permission View: can delete on DAG Run:example_params_trigger_ui
[2025-05-22T20:29:06.674+0000] {logging_mixin.py:190} INFO - [2025-05-22T20:29:06.674+0000] {override.py:1900} INFO - Created Permission View: can create on DAG Run:example_params_trigger_ui
[2025-05-22T20:29:06.678+0000] {logging_mixin.py:190} INFO - [2025-05-22T20:29:06.677+0000] {override.py:1900} INFO - Created Permission View: can read on DAG Run:example_params_trigger_ui
[2025-05-22T20:29:06.678+0000] {logging_mixin.py:190} INFO - [2025-05-22T20:29:06.678+0000] {dag.py:3239} INFO - Sync 1 DAGs
[2025-05-22T20:29:06.685+0000] {logging_mixin.py:190} INFO - [2025-05-22T20:29:06.685+0000] {dag.py:3262} INFO - Creating ORM DAG for example_params_trigger_ui
[2025-05-22T20:29:06.686+0000] {logging_mixin.py:190} INFO - [2025-05-22T20:29:06.686+0000] {dag.py:4180} INFO - Setting next_dagrun for example_params_trigger_ui to None, run_after=None
[2025-05-22T20:29:06.698+0000] {processor.py:208} INFO - Processing /home/airflow/.local/lib/python3.12/site-packages/airflow/example_dags/example_params_trigger_ui.py took 0.149 seconds
[2025-05-22T20:29:37.608+0000] {processor.py:186} INFO - Started process (PID=160) to work on /home/airflow/.local/lib/python3.12/site-packages/airflow/example_dags/example_params_trigger_ui.py
[2025-05-22T20:29:37.608+0000] {processor.py:914} INFO - Processing file /home/airflow/.local/lib/python3.12/site-packages/airflow/example_dags/example_params_trigger_ui.py for tasks to queue
[2025-05-22T20:29:37.610+0000] {logging_mixin.py:190} INFO - [2025-05-22T20:29:37.610+0000] {dagbag.py:588} INFO - Filling up the DagBag from /home/airflow/.local/lib/python3.12/site-packages/airflow/example_dags/example_params_trigger_ui.py
[2025-05-22T20:29:37.625+0000] {processor.py:925} INFO - DAG(s) 'example_params_trigger_ui' retrieved from /home/airflow/.local/lib/python3.12/site-packages/airflow/example_dags/example_params_trigger_ui.py
[2025-05-22T20:29:37.664+0000] {logging_mixin.py:190} INFO - [2025-05-22T20:29:37.664+0000] {dag.py:3239} INFO - Sync 1 DAGs
[2025-05-22T20:29:37.672+0000] {logging_mixin.py:190} INFO - [2025-05-22T20:29:37.672+0000] {dag.py:4180} INFO - Setting next_dagrun for example_params_trigger_ui to None, run_after=None
[2025-05-22T20:29:37.682+0000] {processor.py:208} INFO - Processing /home/airflow/.local/lib/python3.12/site-packages/airflow/example_dags/example_params_trigger_ui.py took 0.079 seconds
[2025-05-22T20:30:08.079+0000] {processor.py:186} INFO - Started process (PID=222) to work on /home/airflow/.local/lib/python3.12/site-packages/airflow/example_dags/example_params_trigger_ui.py
[2025-05-22T20:30:08.084+0000] {processor.py:914} INFO - Processing file /home/airflow/.local/lib/python3.12/site-packages/airflow/example_dags/example_params_trigger_ui.py for tasks to queue
[2025-05-22T20:30:08.085+0000] {logging_mixin.py:190} INFO - [2025-05-22T20:30:08.085+0000] {dagbag.py:588} INFO - Filling up the DagBag from /home/airflow/.local/lib/python3.12/site-packages/airflow/example_dags/example_params_trigger_ui.py
[2025-05-22T20:30:08.091+0000] {processor.py:925} INFO - DAG(s) 'example_params_trigger_ui' retrieved from /home/airflow/.local/lib/python3.12/site-packages/airflow/example_dags/example_params_trigger_ui.py
[2025-05-22T20:30:08.114+0000] {logging_mixin.py:190} INFO - [2025-05-22T20:30:08.114+0000] {dag.py:3239} INFO - Sync 1 DAGs
[2025-05-22T20:30:08.124+0000] {logging_mixin.py:190} INFO - [2025-05-22T20:30:08.124+0000] {dag.py:4180} INFO - Setting next_dagrun for example_params_trigger_ui to None, run_after=None
[2025-05-22T20:30:08.136+0000] {processor.py:208} INFO - Processing /home/airflow/.local/lib/python3.12/site-packages/airflow/example_dags/example_params_trigger_ui.py took 0.060 seconds
[2025-05-22T20:30:38.611+0000] {processor.py:186} INFO - Started process (PID=284) to work on /home/airflow/.local/lib/python3.12/site-packages/airflow/example_dags/example_params_trigger_ui.py
[2025-05-22T20:30:38.612+0000] {processor.py:914} INFO - Processing file /home/airflow/.local/lib/python3.12/site-packages/airflow/example_dags/example_params_trigger_ui.py for tasks to queue
[2025-05-22T20:30:38.614+0000] {logging_mixin.py:190} INFO - [2025-05-22T20:30:38.614+0000] {dagbag.py:588} INFO - Filling up the DagBag from /home/airflow/.local/lib/python3.12/site-packages/airflow/example_dags/example_params_trigger_ui.py
[2025-05-22T20:30:38.623+0000] {processor.py:925} INFO - DAG(s) 'example_params_trigger_ui' retrieved from /home/airflow/.local/lib/python3.12/site-packages/airflow/example_dags/example_params_trigger_ui.py
[2025-05-22T20:30:38.646+0000] {logging_mixin.py:190} INFO - [2025-05-22T20:30:38.646+0000] {dag.py:3239} INFO - Sync 1 DAGs
[2025-05-22T20:30:38.656+0000] {logging_mixin.py:190} INFO - [2025-05-22T20:30:38.656+0000] {dag.py:4180} INFO - Setting next_dagrun for example_params_trigger_ui to None, run_after=None
[2025-05-22T20:30:38.666+0000] {processor.py:208} INFO - Processing /home/airflow/.local/lib/python3.12/site-packages/airflow/example_dags/example_params_trigger_ui.py took 0.058 seconds
