[2025-05-22T20:29:01.063+0000] {processor.py:186} INFO - Started process (PID=56) to work on /home/airflow/.local/lib/python3.12/site-packages/airflow/example_dags/example_display_name.py
[2025-05-22T20:29:01.064+0000] {processor.py:914} INFO - Processing file /home/airflow/.local/lib/python3.12/site-packages/airflow/example_dags/example_display_name.py for tasks to queue
[2025-05-22T20:29:01.069+0000] {logging_mixin.py:190} INFO - [2025-05-22T20:29:01.068+0000] {dagbag.py:588} INFO - Filling up the DagBag from /home/airflow/.local/lib/python3.12/site-packages/airflow/example_dags/example_display_name.py
[2025-05-22T20:29:01.099+0000] {processor.py:925} INFO - DAG(s) 'example_display_name' retrieved from /home/airflow/.local/lib/python3.12/site-packages/airflow/example_dags/example_display_name.py
[2025-05-22T20:29:01.381+0000] {logging_mixin.py:190} INFO - [2025-05-22T20:29:01.379+0000] {override.py:1900} INFO - Created Permission View: can edit on DAG:example_display_name
[2025-05-22T20:29:01.395+0000] {logging_mixin.py:190} INFO - [2025-05-22T20:29:01.394+0000] {override.py:1900} INFO - Created Permission View: can delete on DAG:example_display_name
[2025-05-22T20:29:01.407+0000] {logging_mixin.py:190} INFO - [2025-05-22T20:29:01.407+0000] {override.py:1900} INFO - Created Permission View: can read on DAG:example_display_name
[2025-05-22T20:29:01.414+0000] {logging_mixin.py:190} INFO - [2025-05-22T20:29:01.413+0000] {override.py:1900} INFO - Created Permission View: menu access on DAG Run:example_display_name
[2025-05-22T20:29:01.419+0000] {logging_mixin.py:190} INFO - [2025-05-22T20:29:01.419+0000] {override.py:1900} INFO - Created Permission View: can delete on DAG Run:example_display_name
[2025-05-22T20:29:01.424+0000] {logging_mixin.py:190} INFO - [2025-05-22T20:29:01.424+0000] {override.py:1900} INFO - Created Permission View: can create on DAG Run:example_display_name
[2025-05-22T20:29:01.431+0000] {logging_mixin.py:190} INFO - [2025-05-22T20:29:01.431+0000] {override.py:1900} INFO - Created Permission View: can read on DAG Run:example_display_name
[2025-05-22T20:29:01.432+0000] {logging_mixin.py:190} INFO - [2025-05-22T20:29:01.432+0000] {dag.py:3239} INFO - Sync 1 DAGs
[2025-05-22T20:29:01.444+0000] {logging_mixin.py:190} INFO - [2025-05-22T20:29:01.444+0000] {dag.py:3262} INFO - Creating ORM DAG for example_display_name
[2025-05-22T20:29:01.445+0000] {logging_mixin.py:190} INFO - [2025-05-22T20:29:01.445+0000] {dag.py:4180} INFO - Setting next_dagrun for example_display_name to None, run_after=None
[2025-05-22T20:29:01.457+0000] {processor.py:208} INFO - Processing /home/airflow/.local/lib/python3.12/site-packages/airflow/example_dags/example_display_name.py took 0.408 seconds
[2025-05-22T20:29:32.025+0000] {processor.py:186} INFO - Started process (PID=118) to work on /home/airflow/.local/lib/python3.12/site-packages/airflow/example_dags/example_display_name.py
[2025-05-22T20:29:32.028+0000] {processor.py:914} INFO - Processing file /home/airflow/.local/lib/python3.12/site-packages/airflow/example_dags/example_display_name.py for tasks to queue
[2025-05-22T20:29:32.050+0000] {logging_mixin.py:190} INFO - [2025-05-22T20:29:32.047+0000] {dagbag.py:588} INFO - Filling up the DagBag from /home/airflow/.local/lib/python3.12/site-packages/airflow/example_dags/example_display_name.py
[2025-05-22T20:29:32.120+0000] {processor.py:925} INFO - DAG(s) 'example_display_name' retrieved from /home/airflow/.local/lib/python3.12/site-packages/airflow/example_dags/example_display_name.py
[2025-05-22T20:29:32.273+0000] {logging_mixin.py:190} INFO - [2025-05-22T20:29:32.272+0000] {dag.py:3239} INFO - Sync 1 DAGs
[2025-05-22T20:29:32.309+0000] {logging_mixin.py:190} INFO - [2025-05-22T20:29:32.309+0000] {dag.py:4180} INFO - Setting next_dagrun for example_display_name to None, run_after=None
[2025-05-22T20:29:32.338+0000] {processor.py:208} INFO - Processing /home/airflow/.local/lib/python3.12/site-packages/airflow/example_dags/example_display_name.py took 0.399 seconds
[2025-05-22T20:30:03.323+0000] {processor.py:186} INFO - Started process (PID=186) to work on /home/airflow/.local/lib/python3.12/site-packages/airflow/example_dags/example_display_name.py
[2025-05-22T20:30:03.325+0000] {processor.py:914} INFO - Processing file /home/airflow/.local/lib/python3.12/site-packages/airflow/example_dags/example_display_name.py for tasks to queue
[2025-05-22T20:30:03.334+0000] {logging_mixin.py:190} INFO - [2025-05-22T20:30:03.333+0000] {dagbag.py:588} INFO - Filling up the DagBag from /home/airflow/.local/lib/python3.12/site-packages/airflow/example_dags/example_display_name.py
[2025-05-22T20:30:03.348+0000] {processor.py:925} INFO - DAG(s) 'example_display_name' retrieved from /home/airflow/.local/lib/python3.12/site-packages/airflow/example_dags/example_display_name.py
[2025-05-22T20:30:03.384+0000] {logging_mixin.py:190} INFO - [2025-05-22T20:30:03.384+0000] {dag.py:3239} INFO - Sync 1 DAGs
[2025-05-22T20:30:03.404+0000] {logging_mixin.py:190} INFO - [2025-05-22T20:30:03.403+0000] {dag.py:4180} INFO - Setting next_dagrun for example_display_name to None, run_after=None
[2025-05-22T20:30:03.418+0000] {processor.py:208} INFO - Processing /home/airflow/.local/lib/python3.12/site-packages/airflow/example_dags/example_display_name.py took 0.119 seconds
[2025-05-22T20:30:33.565+0000] {processor.py:186} INFO - Started process (PID=248) to work on /home/airflow/.local/lib/python3.12/site-packages/airflow/example_dags/example_display_name.py
[2025-05-22T20:30:33.566+0000] {processor.py:914} INFO - Processing file /home/airflow/.local/lib/python3.12/site-packages/airflow/example_dags/example_display_name.py for tasks to queue
[2025-05-22T20:30:33.570+0000] {logging_mixin.py:190} INFO - [2025-05-22T20:30:33.569+0000] {dagbag.py:588} INFO - Filling up the DagBag from /home/airflow/.local/lib/python3.12/site-packages/airflow/example_dags/example_display_name.py
[2025-05-22T20:30:33.583+0000] {processor.py:925} INFO - DAG(s) 'example_display_name' retrieved from /home/airflow/.local/lib/python3.12/site-packages/airflow/example_dags/example_display_name.py
[2025-05-22T20:30:33.627+0000] {logging_mixin.py:190} INFO - [2025-05-22T20:30:33.627+0000] {dag.py:3239} INFO - Sync 1 DAGs
[2025-05-22T20:30:33.653+0000] {logging_mixin.py:190} INFO - [2025-05-22T20:30:33.653+0000] {dag.py:4180} INFO - Setting next_dagrun for example_display_name to None, run_after=None
[2025-05-22T20:30:33.697+0000] {processor.py:208} INFO - Processing /home/airflow/.local/lib/python3.12/site-packages/airflow/example_dags/example_display_name.py took 0.144 seconds
[2025-05-22T20:31:04.510+0000] {processor.py:186} INFO - Started process (PID=310) to work on /home/airflow/.local/lib/python3.12/site-packages/airflow/example_dags/example_display_name.py
[2025-05-22T20:31:04.552+0000] {processor.py:914} INFO - Processing file /home/airflow/.local/lib/python3.12/site-packages/airflow/example_dags/example_display_name.py for tasks to queue
[2025-05-22T20:31:04.591+0000] {logging_mixin.py:190} INFO - [2025-05-22T20:31:04.586+0000] {dagbag.py:588} INFO - Filling up the DagBag from /home/airflow/.local/lib/python3.12/site-packages/airflow/example_dags/example_display_name.py
[2025-05-22T20:31:45.574+0000] {logging_mixin.py:190} INFO - [2025-05-22T20:31:45.567+0000] {process_utils.py:266} INFO - Waiting up to 5 seconds for processes to exit...
