[2025-05-22T20:29:07.644+0000] {processor.py:186} INFO - Started process (PID=107) to work on /home/airflow/.local/lib/python3.12/site-packages/airflow/example_dags/example_dataset_alias.py
[2025-05-22T20:29:07.645+0000] {processor.py:914} INFO - Processing file /home/airflow/.local/lib/python3.12/site-packages/airflow/example_dags/example_dataset_alias.py for tasks to queue
[2025-05-22T20:29:07.647+0000] {logging_mixin.py:190} INFO - [2025-05-22T20:29:07.647+0000] {dagbag.py:588} INFO - Filling up the DagBag from /home/airflow/.local/lib/python3.12/site-packages/airflow/example_dags/example_dataset_alias.py
[2025-05-22T20:29:07.755+0000] {processor.py:925} INFO - DAG(s) 'dataset_s3_bucket_consumer', 'dataset_alias_example_alias_consumer', 'dataset_s3_bucket_producer', 'dataset_alias_example_alias_producer' retrieved from /home/airflow/.local/lib/python3.12/site-packages/airflow/example_dags/example_dataset_alias.py
[2025-05-22T20:29:07.805+0000] {logging_mixin.py:190} INFO - [2025-05-22T20:29:07.805+0000] {override.py:1900} INFO - Created Permission View: can edit on DAG:dataset_s3_bucket_consumer
[2025-05-22T20:29:07.811+0000] {logging_mixin.py:190} INFO - [2025-05-22T20:29:07.810+0000] {override.py:1900} INFO - Created Permission View: can delete on DAG:dataset_s3_bucket_consumer
[2025-05-22T20:29:07.813+0000] {logging_mixin.py:190} INFO - [2025-05-22T20:29:07.813+0000] {override.py:1900} INFO - Created Permission View: can read on DAG:dataset_s3_bucket_consumer
[2025-05-22T20:29:07.816+0000] {logging_mixin.py:190} INFO - [2025-05-22T20:29:07.816+0000] {override.py:1900} INFO - Created Permission View: menu access on DAG Run:dataset_s3_bucket_consumer
[2025-05-22T20:29:07.820+0000] {logging_mixin.py:190} INFO - [2025-05-22T20:29:07.820+0000] {override.py:1900} INFO - Created Permission View: can delete on DAG Run:dataset_s3_bucket_consumer
[2025-05-22T20:29:07.822+0000] {logging_mixin.py:190} INFO - [2025-05-22T20:29:07.822+0000] {override.py:1900} INFO - Created Permission View: can create on DAG Run:dataset_s3_bucket_consumer
[2025-05-22T20:29:07.825+0000] {logging_mixin.py:190} INFO - [2025-05-22T20:29:07.824+0000] {override.py:1900} INFO - Created Permission View: can read on DAG Run:dataset_s3_bucket_consumer
[2025-05-22T20:29:07.831+0000] {logging_mixin.py:190} INFO - [2025-05-22T20:29:07.831+0000] {override.py:1900} INFO - Created Permission View: can edit on DAG:dataset_alias_example_alias_consumer
[2025-05-22T20:29:07.833+0000] {logging_mixin.py:190} INFO - [2025-05-22T20:29:07.833+0000] {override.py:1900} INFO - Created Permission View: can delete on DAG:dataset_alias_example_alias_consumer
[2025-05-22T20:29:07.837+0000] {logging_mixin.py:190} INFO - [2025-05-22T20:29:07.837+0000] {override.py:1900} INFO - Created Permission View: can read on DAG:dataset_alias_example_alias_consumer
[2025-05-22T20:29:07.840+0000] {logging_mixin.py:190} INFO - [2025-05-22T20:29:07.840+0000] {override.py:1900} INFO - Created Permission View: menu access on DAG Run:dataset_alias_example_alias_consumer
[2025-05-22T20:29:07.843+0000] {logging_mixin.py:190} INFO - [2025-05-22T20:29:07.843+0000] {override.py:1900} INFO - Created Permission View: can delete on DAG Run:dataset_alias_example_alias_consumer
[2025-05-22T20:29:07.846+0000] {logging_mixin.py:190} INFO - [2025-05-22T20:29:07.846+0000] {override.py:1900} INFO - Created Permission View: can create on DAG Run:dataset_alias_example_alias_consumer
[2025-05-22T20:29:07.849+0000] {logging_mixin.py:190} INFO - [2025-05-22T20:29:07.849+0000] {override.py:1900} INFO - Created Permission View: can read on DAG Run:dataset_alias_example_alias_consumer
[2025-05-22T20:29:07.857+0000] {logging_mixin.py:190} INFO - [2025-05-22T20:29:07.856+0000] {override.py:1900} INFO - Created Permission View: can edit on DAG:dataset_s3_bucket_producer
[2025-05-22T20:29:07.861+0000] {logging_mixin.py:190} INFO - [2025-05-22T20:29:07.861+0000] {override.py:1900} INFO - Created Permission View: can delete on DAG:dataset_s3_bucket_producer
[2025-05-22T20:29:07.864+0000] {logging_mixin.py:190} INFO - [2025-05-22T20:29:07.864+0000] {override.py:1900} INFO - Created Permission View: can read on DAG:dataset_s3_bucket_producer
[2025-05-22T20:29:07.867+0000] {logging_mixin.py:190} INFO - [2025-05-22T20:29:07.866+0000] {override.py:1900} INFO - Created Permission View: menu access on DAG Run:dataset_s3_bucket_producer
[2025-05-22T20:29:07.869+0000] {logging_mixin.py:190} INFO - [2025-05-22T20:29:07.869+0000] {override.py:1900} INFO - Created Permission View: can delete on DAG Run:dataset_s3_bucket_producer
[2025-05-22T20:29:07.873+0000] {logging_mixin.py:190} INFO - [2025-05-22T20:29:07.872+0000] {override.py:1900} INFO - Created Permission View: can create on DAG Run:dataset_s3_bucket_producer
[2025-05-22T20:29:07.876+0000] {logging_mixin.py:190} INFO - [2025-05-22T20:29:07.876+0000] {override.py:1900} INFO - Created Permission View: can read on DAG Run:dataset_s3_bucket_producer
[2025-05-22T20:29:07.882+0000] {logging_mixin.py:190} INFO - [2025-05-22T20:29:07.882+0000] {override.py:1900} INFO - Created Permission View: can edit on DAG:dataset_alias_example_alias_producer
[2025-05-22T20:29:07.885+0000] {logging_mixin.py:190} INFO - [2025-05-22T20:29:07.885+0000] {override.py:1900} INFO - Created Permission View: can delete on DAG:dataset_alias_example_alias_producer
[2025-05-22T20:29:07.888+0000] {logging_mixin.py:190} INFO - [2025-05-22T20:29:07.888+0000] {override.py:1900} INFO - Created Permission View: can read on DAG:dataset_alias_example_alias_producer
[2025-05-22T20:29:07.893+0000] {logging_mixin.py:190} INFO - [2025-05-22T20:29:07.892+0000] {override.py:1900} INFO - Created Permission View: menu access on DAG Run:dataset_alias_example_alias_producer
[2025-05-22T20:29:07.896+0000] {logging_mixin.py:190} INFO - [2025-05-22T20:29:07.896+0000] {override.py:1900} INFO - Created Permission View: can delete on DAG Run:dataset_alias_example_alias_producer
[2025-05-22T20:29:07.898+0000] {logging_mixin.py:190} INFO - [2025-05-22T20:29:07.898+0000] {override.py:1900} INFO - Created Permission View: can create on DAG Run:dataset_alias_example_alias_producer
[2025-05-22T20:29:07.901+0000] {logging_mixin.py:190} INFO - [2025-05-22T20:29:07.901+0000] {override.py:1900} INFO - Created Permission View: can read on DAG Run:dataset_alias_example_alias_producer
[2025-05-22T20:29:07.902+0000] {logging_mixin.py:190} INFO - [2025-05-22T20:29:07.902+0000] {dag.py:3239} INFO - Sync 4 DAGs
[2025-05-22T20:29:07.909+0000] {logging_mixin.py:190} INFO - [2025-05-22T20:29:07.909+0000] {dag.py:3262} INFO - Creating ORM DAG for dataset_s3_bucket_consumer
[2025-05-22T20:29:07.910+0000] {logging_mixin.py:190} INFO - [2025-05-22T20:29:07.910+0000] {dag.py:3262} INFO - Creating ORM DAG for dataset_s3_bucket_producer
[2025-05-22T20:29:07.910+0000] {logging_mixin.py:190} INFO - [2025-05-22T20:29:07.910+0000] {dag.py:3262} INFO - Creating ORM DAG for dataset_alias_example_alias_producer
[2025-05-22T20:29:07.910+0000] {logging_mixin.py:190} INFO - [2025-05-22T20:29:07.910+0000] {dag.py:3262} INFO - Creating ORM DAG for dataset_alias_example_alias_consumer
[2025-05-22T20:29:07.916+0000] {logging_mixin.py:190} INFO - [2025-05-22T20:29:07.916+0000] {dag.py:4180} INFO - Setting next_dagrun for dataset_alias_example_alias_consumer to None, run_after=None
[2025-05-22T20:29:07.917+0000] {logging_mixin.py:190} INFO - [2025-05-22T20:29:07.917+0000] {dag.py:4180} INFO - Setting next_dagrun for dataset_alias_example_alias_producer to None, run_after=None
[2025-05-22T20:29:07.917+0000] {logging_mixin.py:190} INFO - [2025-05-22T20:29:07.917+0000] {dag.py:4180} INFO - Setting next_dagrun for dataset_s3_bucket_consumer to None, run_after=None
[2025-05-22T20:29:07.917+0000] {logging_mixin.py:190} INFO - [2025-05-22T20:29:07.917+0000] {dag.py:4180} INFO - Setting next_dagrun for dataset_s3_bucket_producer to None, run_after=None
[2025-05-22T20:29:07.936+0000] {processor.py:208} INFO - Processing /home/airflow/.local/lib/python3.12/site-packages/airflow/example_dags/example_dataset_alias.py took 0.297 seconds
[2025-05-22T20:29:38.437+0000] {processor.py:186} INFO - Started process (PID=169) to work on /home/airflow/.local/lib/python3.12/site-packages/airflow/example_dags/example_dataset_alias.py
[2025-05-22T20:29:38.437+0000] {processor.py:914} INFO - Processing file /home/airflow/.local/lib/python3.12/site-packages/airflow/example_dags/example_dataset_alias.py for tasks to queue
[2025-05-22T20:29:38.439+0000] {logging_mixin.py:190} INFO - [2025-05-22T20:29:38.439+0000] {dagbag.py:588} INFO - Filling up the DagBag from /home/airflow/.local/lib/python3.12/site-packages/airflow/example_dags/example_dataset_alias.py
[2025-05-22T20:29:38.584+0000] {processor.py:925} INFO - DAG(s) 'dataset_alias_example_alias_producer', 'dataset_alias_example_alias_consumer', 'dataset_s3_bucket_producer', 'dataset_s3_bucket_consumer' retrieved from /home/airflow/.local/lib/python3.12/site-packages/airflow/example_dags/example_dataset_alias.py
[2025-05-22T20:29:38.595+0000] {logging_mixin.py:190} INFO - [2025-05-22T20:29:38.595+0000] {dag.py:3239} INFO - Sync 4 DAGs
[2025-05-22T20:29:38.608+0000] {logging_mixin.py:190} INFO - [2025-05-22T20:29:38.608+0000] {dag.py:4180} INFO - Setting next_dagrun for dataset_alias_example_alias_consumer to None, run_after=None
[2025-05-22T20:29:38.610+0000] {logging_mixin.py:190} INFO - [2025-05-22T20:29:38.610+0000] {dag.py:4180} INFO - Setting next_dagrun for dataset_alias_example_alias_producer to None, run_after=None
[2025-05-22T20:29:38.616+0000] {logging_mixin.py:190} INFO - [2025-05-22T20:29:38.615+0000] {dag.py:4180} INFO - Setting next_dagrun for dataset_s3_bucket_consumer to None, run_after=None
[2025-05-22T20:29:38.617+0000] {logging_mixin.py:190} INFO - [2025-05-22T20:29:38.617+0000] {dag.py:4180} INFO - Setting next_dagrun for dataset_s3_bucket_producer to None, run_after=None
[2025-05-22T20:29:38.631+0000] {processor.py:208} INFO - Processing /home/airflow/.local/lib/python3.12/site-packages/airflow/example_dags/example_dataset_alias.py took 0.199 seconds
[2025-05-22T20:30:08.791+0000] {processor.py:186} INFO - Started process (PID=231) to work on /home/airflow/.local/lib/python3.12/site-packages/airflow/example_dags/example_dataset_alias.py
[2025-05-22T20:30:08.792+0000] {processor.py:914} INFO - Processing file /home/airflow/.local/lib/python3.12/site-packages/airflow/example_dags/example_dataset_alias.py for tasks to queue
[2025-05-22T20:30:08.795+0000] {logging_mixin.py:190} INFO - [2025-05-22T20:30:08.794+0000] {dagbag.py:588} INFO - Filling up the DagBag from /home/airflow/.local/lib/python3.12/site-packages/airflow/example_dags/example_dataset_alias.py
[2025-05-22T20:30:08.896+0000] {processor.py:925} INFO - DAG(s) 'dataset_alias_example_alias_producer', 'dataset_alias_example_alias_consumer', 'dataset_s3_bucket_producer', 'dataset_s3_bucket_consumer' retrieved from /home/airflow/.local/lib/python3.12/site-packages/airflow/example_dags/example_dataset_alias.py
[2025-05-22T20:30:08.908+0000] {logging_mixin.py:190} INFO - [2025-05-22T20:30:08.908+0000] {dag.py:3239} INFO - Sync 4 DAGs
[2025-05-22T20:30:08.927+0000] {logging_mixin.py:190} INFO - [2025-05-22T20:30:08.927+0000] {dag.py:4180} INFO - Setting next_dagrun for dataset_alias_example_alias_consumer to None, run_after=None
[2025-05-22T20:30:08.929+0000] {logging_mixin.py:190} INFO - [2025-05-22T20:30:08.929+0000] {dag.py:4180} INFO - Setting next_dagrun for dataset_alias_example_alias_producer to None, run_after=None
[2025-05-22T20:30:08.929+0000] {logging_mixin.py:190} INFO - [2025-05-22T20:30:08.929+0000] {dag.py:4180} INFO - Setting next_dagrun for dataset_s3_bucket_consumer to None, run_after=None
[2025-05-22T20:30:08.930+0000] {logging_mixin.py:190} INFO - [2025-05-22T20:30:08.930+0000] {dag.py:4180} INFO - Setting next_dagrun for dataset_s3_bucket_producer to None, run_after=None
[2025-05-22T20:30:08.963+0000] {processor.py:208} INFO - Processing /home/airflow/.local/lib/python3.12/site-packages/airflow/example_dags/example_dataset_alias.py took 0.177 seconds
[2025-05-22T20:30:39.092+0000] {processor.py:186} INFO - Started process (PID=294) to work on /home/airflow/.local/lib/python3.12/site-packages/airflow/example_dags/example_dataset_alias.py
[2025-05-22T20:30:39.093+0000] {processor.py:914} INFO - Processing file /home/airflow/.local/lib/python3.12/site-packages/airflow/example_dags/example_dataset_alias.py for tasks to queue
[2025-05-22T20:30:39.095+0000] {logging_mixin.py:190} INFO - [2025-05-22T20:30:39.095+0000] {dagbag.py:588} INFO - Filling up the DagBag from /home/airflow/.local/lib/python3.12/site-packages/airflow/example_dags/example_dataset_alias.py
[2025-05-22T20:30:39.181+0000] {processor.py:925} INFO - DAG(s) 'dataset_s3_bucket_consumer', 'dataset_alias_example_alias_consumer', 'dataset_s3_bucket_producer', 'dataset_alias_example_alias_producer' retrieved from /home/airflow/.local/lib/python3.12/site-packages/airflow/example_dags/example_dataset_alias.py
[2025-05-22T20:30:39.195+0000] {logging_mixin.py:190} INFO - [2025-05-22T20:30:39.195+0000] {dag.py:3239} INFO - Sync 4 DAGs
[2025-05-22T20:30:39.207+0000] {logging_mixin.py:190} INFO - [2025-05-22T20:30:39.207+0000] {dag.py:4180} INFO - Setting next_dagrun for dataset_alias_example_alias_consumer to None, run_after=None
[2025-05-22T20:30:39.210+0000] {logging_mixin.py:190} INFO - [2025-05-22T20:30:39.210+0000] {dag.py:4180} INFO - Setting next_dagrun for dataset_alias_example_alias_producer to None, run_after=None
[2025-05-22T20:30:39.211+0000] {logging_mixin.py:190} INFO - [2025-05-22T20:30:39.211+0000] {dag.py:4180} INFO - Setting next_dagrun for dataset_s3_bucket_consumer to None, run_after=None
[2025-05-22T20:30:39.211+0000] {logging_mixin.py:190} INFO - [2025-05-22T20:30:39.211+0000] {dag.py:4180} INFO - Setting next_dagrun for dataset_s3_bucket_producer to None, run_after=None
[2025-05-22T20:30:39.221+0000] {processor.py:208} INFO - Processing /home/airflow/.local/lib/python3.12/site-packages/airflow/example_dags/example_dataset_alias.py took 0.132 seconds
