[2025-05-22T20:29:03.599+0000] {processor.py:186} INFO - Started process (PID=77) to work on /home/airflow/.local/lib/python3.12/site-packages/airflow/example_dags/example_workday_timetable.py
[2025-05-22T20:29:03.600+0000] {processor.py:914} INFO - Processing file /home/airflow/.local/lib/python3.12/site-packages/airflow/example_dags/example_workday_timetable.py for tasks to queue
[2025-05-22T20:29:03.601+0000] {logging_mixin.py:190} INFO - [2025-05-22T20:29:03.601+0000] {dagbag.py:588} INFO - Filling up the DagBag from /home/airflow/.local/lib/python3.12/site-packages/airflow/example_dags/example_workday_timetable.py
[2025-05-22T20:29:03.606+0000] {processor.py:925} INFO - DAG(s) 'example_workday_timetable' retrieved from /home/airflow/.local/lib/python3.12/site-packages/airflow/example_dags/example_workday_timetable.py
[2025-05-22T20:29:03.679+0000] {logging_mixin.py:190} INFO - [2025-05-22T20:29:03.679+0000] {override.py:1900} INFO - Created Permission View: can edit on DAG:example_workday_timetable
[2025-05-22T20:29:03.685+0000] {logging_mixin.py:190} INFO - [2025-05-22T20:29:03.685+0000] {override.py:1900} INFO - Created Permission View: can delete on DAG:example_workday_timetable
[2025-05-22T20:29:03.689+0000] {logging_mixin.py:190} INFO - [2025-05-22T20:29:03.688+0000] {override.py:1900} INFO - Created Permission View: can read on DAG:example_workday_timetable
[2025-05-22T20:29:03.693+0000] {logging_mixin.py:190} INFO - [2025-05-22T20:29:03.693+0000] {override.py:1900} INFO - Created Permission View: menu access on DAG Run:example_workday_timetable
[2025-05-22T20:29:03.696+0000] {logging_mixin.py:190} INFO - [2025-05-22T20:29:03.696+0000] {override.py:1900} INFO - Created Permission View: can delete on DAG Run:example_workday_timetable
[2025-05-22T20:29:03.700+0000] {logging_mixin.py:190} INFO - [2025-05-22T20:29:03.700+0000] {override.py:1900} INFO - Created Permission View: can create on DAG Run:example_workday_timetable
[2025-05-22T20:29:03.705+0000] {logging_mixin.py:190} INFO - [2025-05-22T20:29:03.705+0000] {override.py:1900} INFO - Created Permission View: can read on DAG Run:example_workday_timetable
[2025-05-22T20:29:03.706+0000] {logging_mixin.py:190} INFO - [2025-05-22T20:29:03.705+0000] {dag.py:3239} INFO - Sync 1 DAGs
[2025-05-22T20:29:03.723+0000] {logging_mixin.py:190} INFO - [2025-05-22T20:29:03.723+0000] {dag.py:3262} INFO - Creating ORM DAG for example_workday_timetable
[2025-05-22T20:29:03.817+0000] {logging_mixin.py:190} INFO - [2025-05-22T20:29:03.817+0000] {dag.py:4180} INFO - Setting next_dagrun for example_workday_timetable to 2021-01-04 00:00:00+00:00, run_after=2021-01-05 00:00:00+00:00
[2025-05-22T20:29:03.830+0000] {processor.py:208} INFO - Processing /home/airflow/.local/lib/python3.12/site-packages/airflow/example_dags/example_workday_timetable.py took 0.235 seconds
[2025-05-22T20:29:34.268+0000] {processor.py:186} INFO - Started process (PID=139) to work on /home/airflow/.local/lib/python3.12/site-packages/airflow/example_dags/example_workday_timetable.py
[2025-05-22T20:29:34.269+0000] {processor.py:914} INFO - Processing file /home/airflow/.local/lib/python3.12/site-packages/airflow/example_dags/example_workday_timetable.py for tasks to queue
[2025-05-22T20:29:34.270+0000] {logging_mixin.py:190} INFO - [2025-05-22T20:29:34.270+0000] {dagbag.py:588} INFO - Filling up the DagBag from /home/airflow/.local/lib/python3.12/site-packages/airflow/example_dags/example_workday_timetable.py
[2025-05-22T20:29:34.275+0000] {processor.py:925} INFO - DAG(s) 'example_workday_timetable' retrieved from /home/airflow/.local/lib/python3.12/site-packages/airflow/example_dags/example_workday_timetable.py
[2025-05-22T20:29:34.287+0000] {logging_mixin.py:190} INFO - [2025-05-22T20:29:34.287+0000] {dag.py:3239} INFO - Sync 1 DAGs
[2025-05-22T20:29:34.366+0000] {logging_mixin.py:190} INFO - [2025-05-22T20:29:34.366+0000] {dag.py:4180} INFO - Setting next_dagrun for example_workday_timetable to 2021-01-04 00:00:00+00:00, run_after=2021-01-05 00:00:00+00:00
[2025-05-22T20:29:34.376+0000] {processor.py:208} INFO - Processing /home/airflow/.local/lib/python3.12/site-packages/airflow/example_dags/example_workday_timetable.py took 0.112 seconds
[2025-05-22T20:30:05.027+0000] {processor.py:186} INFO - Started process (PID=201) to work on /home/airflow/.local/lib/python3.12/site-packages/airflow/example_dags/example_workday_timetable.py
[2025-05-22T20:30:05.028+0000] {processor.py:914} INFO - Processing file /home/airflow/.local/lib/python3.12/site-packages/airflow/example_dags/example_workday_timetable.py for tasks to queue
[2025-05-22T20:30:05.030+0000] {logging_mixin.py:190} INFO - [2025-05-22T20:30:05.030+0000] {dagbag.py:588} INFO - Filling up the DagBag from /home/airflow/.local/lib/python3.12/site-packages/airflow/example_dags/example_workday_timetable.py
[2025-05-22T20:30:05.033+0000] {processor.py:925} INFO - DAG(s) 'example_workday_timetable' retrieved from /home/airflow/.local/lib/python3.12/site-packages/airflow/example_dags/example_workday_timetable.py
[2025-05-22T20:30:05.045+0000] {logging_mixin.py:190} INFO - [2025-05-22T20:30:05.045+0000] {dag.py:3239} INFO - Sync 1 DAGs
[2025-05-22T20:30:05.088+0000] {logging_mixin.py:190} INFO - [2025-05-22T20:30:05.088+0000] {dag.py:4180} INFO - Setting next_dagrun for example_workday_timetable to 2021-01-04 00:00:00+00:00, run_after=2021-01-05 00:00:00+00:00
[2025-05-22T20:30:05.104+0000] {processor.py:208} INFO - Processing /home/airflow/.local/lib/python3.12/site-packages/airflow/example_dags/example_workday_timetable.py took 0.080 seconds
[2025-05-22T20:30:35.538+0000] {processor.py:186} INFO - Started process (PID=264) to work on /home/airflow/.local/lib/python3.12/site-packages/airflow/example_dags/example_workday_timetable.py
[2025-05-22T20:30:35.539+0000] {processor.py:914} INFO - Processing file /home/airflow/.local/lib/python3.12/site-packages/airflow/example_dags/example_workday_timetable.py for tasks to queue
[2025-05-22T20:30:35.540+0000] {logging_mixin.py:190} INFO - [2025-05-22T20:30:35.540+0000] {dagbag.py:588} INFO - Filling up the DagBag from /home/airflow/.local/lib/python3.12/site-packages/airflow/example_dags/example_workday_timetable.py
[2025-05-22T20:30:35.544+0000] {processor.py:925} INFO - DAG(s) 'example_workday_timetable' retrieved from /home/airflow/.local/lib/python3.12/site-packages/airflow/example_dags/example_workday_timetable.py
[2025-05-22T20:30:35.555+0000] {logging_mixin.py:190} INFO - [2025-05-22T20:30:35.555+0000] {dag.py:3239} INFO - Sync 1 DAGs
[2025-05-22T20:30:35.618+0000] {logging_mixin.py:190} INFO - [2025-05-22T20:30:35.618+0000] {dag.py:4180} INFO - Setting next_dagrun for example_workday_timetable to 2021-01-04 00:00:00+00:00, run_after=2021-01-05 00:00:00+00:00
[2025-05-22T20:30:35.628+0000] {processor.py:208} INFO - Processing /home/airflow/.local/lib/python3.12/site-packages/airflow/example_dags/example_workday_timetable.py took 0.094 seconds
