[2025-05-22T20:29:06.495+0000] {processor.py:186} INFO - Started process (PID=97) to work on /home/airflow/.local/lib/python3.12/site-packages/airflow/example_dags/example_short_circuit_operator.py
[2025-05-22T20:29:06.495+0000] {processor.py:914} INFO - Processing file /home/airflow/.local/lib/python3.12/site-packages/airflow/example_dags/example_short_circuit_operator.py for tasks to queue
[2025-05-22T20:29:06.498+0000] {logging_mixin.py:190} INFO - [2025-05-22T20:29:06.497+0000] {dagbag.py:588} INFO - Filling up the DagBag from /home/airflow/.local/lib/python3.12/site-packages/airflow/example_dags/example_short_circuit_operator.py
[2025-05-22T20:29:06.507+0000] {processor.py:925} INFO - DAG(s) 'example_short_circuit_operator' retrieved from /home/airflow/.local/lib/python3.12/site-packages/airflow/example_dags/example_short_circuit_operator.py
[2025-05-22T20:29:06.565+0000] {logging_mixin.py:190} INFO - [2025-05-22T20:29:06.564+0000] {override.py:1900} INFO - Created Permission View: can edit on DAG:example_short_circuit_operator
[2025-05-22T20:29:06.570+0000] {logging_mixin.py:190} INFO - [2025-05-22T20:29:06.570+0000] {override.py:1900} INFO - Created Permission View: can delete on DAG:example_short_circuit_operator
[2025-05-22T20:29:06.576+0000] {logging_mixin.py:190} INFO - [2025-05-22T20:29:06.576+0000] {override.py:1900} INFO - Created Permission View: can read on DAG:example_short_circuit_operator
[2025-05-22T20:29:06.583+0000] {logging_mixin.py:190} INFO - [2025-05-22T20:29:06.583+0000] {override.py:1900} INFO - Created Permission View: menu access on DAG Run:example_short_circuit_operator
[2025-05-22T20:29:06.588+0000] {logging_mixin.py:190} INFO - [2025-05-22T20:29:06.587+0000] {override.py:1900} INFO - Created Permission View: can delete on DAG Run:example_short_circuit_operator
[2025-05-22T20:29:06.592+0000] {logging_mixin.py:190} INFO - [2025-05-22T20:29:06.592+0000] {override.py:1900} INFO - Created Permission View: can create on DAG Run:example_short_circuit_operator
[2025-05-22T20:29:06.596+0000] {logging_mixin.py:190} INFO - [2025-05-22T20:29:06.595+0000] {override.py:1900} INFO - Created Permission View: can read on DAG Run:example_short_circuit_operator
[2025-05-22T20:29:06.596+0000] {logging_mixin.py:190} INFO - [2025-05-22T20:29:06.596+0000] {dag.py:3239} INFO - Sync 1 DAGs
[2025-05-22T20:29:06.608+0000] {logging_mixin.py:190} INFO - [2025-05-22T20:29:06.608+0000] {dag.py:3262} INFO - Creating ORM DAG for example_short_circuit_operator
[2025-05-22T20:29:06.609+0000] {logging_mixin.py:190} INFO - [2025-05-22T20:29:06.609+0000] {dag.py:4180} INFO - Setting next_dagrun for example_short_circuit_operator to None, run_after=None
[2025-05-22T20:29:06.621+0000] {processor.py:208} INFO - Processing /home/airflow/.local/lib/python3.12/site-packages/airflow/example_dags/example_short_circuit_operator.py took 0.130 seconds
[2025-05-22T20:29:37.483+0000] {processor.py:186} INFO - Started process (PID=159) to work on /home/airflow/.local/lib/python3.12/site-packages/airflow/example_dags/example_short_circuit_operator.py
[2025-05-22T20:29:37.485+0000] {processor.py:914} INFO - Processing file /home/airflow/.local/lib/python3.12/site-packages/airflow/example_dags/example_short_circuit_operator.py for tasks to queue
[2025-05-22T20:29:37.492+0000] {logging_mixin.py:190} INFO - [2025-05-22T20:29:37.491+0000] {dagbag.py:588} INFO - Filling up the DagBag from /home/airflow/.local/lib/python3.12/site-packages/airflow/example_dags/example_short_circuit_operator.py
[2025-05-22T20:29:37.510+0000] {processor.py:925} INFO - DAG(s) 'example_short_circuit_operator' retrieved from /home/airflow/.local/lib/python3.12/site-packages/airflow/example_dags/example_short_circuit_operator.py
[2025-05-22T20:29:37.552+0000] {logging_mixin.py:190} INFO - [2025-05-22T20:29:37.552+0000] {dag.py:3239} INFO - Sync 1 DAGs
[2025-05-22T20:29:37.570+0000] {logging_mixin.py:190} INFO - [2025-05-22T20:29:37.569+0000] {dag.py:4180} INFO - Setting next_dagrun for example_short_circuit_operator to None, run_after=None
[2025-05-22T20:29:37.591+0000] {processor.py:208} INFO - Processing /home/airflow/.local/lib/python3.12/site-packages/airflow/example_dags/example_short_circuit_operator.py took 0.116 seconds
[2025-05-22T20:30:08.063+0000] {processor.py:186} INFO - Started process (PID=221) to work on /home/airflow/.local/lib/python3.12/site-packages/airflow/example_dags/example_short_circuit_operator.py
[2025-05-22T20:30:08.063+0000] {processor.py:914} INFO - Processing file /home/airflow/.local/lib/python3.12/site-packages/airflow/example_dags/example_short_circuit_operator.py for tasks to queue
[2025-05-22T20:30:08.065+0000] {logging_mixin.py:190} INFO - [2025-05-22T20:30:08.065+0000] {dagbag.py:588} INFO - Filling up the DagBag from /home/airflow/.local/lib/python3.12/site-packages/airflow/example_dags/example_short_circuit_operator.py
[2025-05-22T20:30:08.070+0000] {processor.py:925} INFO - DAG(s) 'example_short_circuit_operator' retrieved from /home/airflow/.local/lib/python3.12/site-packages/airflow/example_dags/example_short_circuit_operator.py
[2025-05-22T20:30:08.085+0000] {logging_mixin.py:190} INFO - [2025-05-22T20:30:08.085+0000] {dag.py:3239} INFO - Sync 1 DAGs
[2025-05-22T20:30:08.092+0000] {logging_mixin.py:190} INFO - [2025-05-22T20:30:08.092+0000] {dag.py:4180} INFO - Setting next_dagrun for example_short_circuit_operator to None, run_after=None
[2025-05-22T20:30:08.101+0000] {processor.py:208} INFO - Processing /home/airflow/.local/lib/python3.12/site-packages/airflow/example_dags/example_short_circuit_operator.py took 0.042 seconds
[2025-05-22T20:30:38.570+0000] {processor.py:186} INFO - Started process (PID=283) to work on /home/airflow/.local/lib/python3.12/site-packages/airflow/example_dags/example_short_circuit_operator.py
[2025-05-22T20:30:38.571+0000] {processor.py:914} INFO - Processing file /home/airflow/.local/lib/python3.12/site-packages/airflow/example_dags/example_short_circuit_operator.py for tasks to queue
[2025-05-22T20:30:38.574+0000] {logging_mixin.py:190} INFO - [2025-05-22T20:30:38.574+0000] {dagbag.py:588} INFO - Filling up the DagBag from /home/airflow/.local/lib/python3.12/site-packages/airflow/example_dags/example_short_circuit_operator.py
[2025-05-22T20:30:38.583+0000] {processor.py:925} INFO - DAG(s) 'example_short_circuit_operator' retrieved from /home/airflow/.local/lib/python3.12/site-packages/airflow/example_dags/example_short_circuit_operator.py
[2025-05-22T20:30:38.601+0000] {logging_mixin.py:190} INFO - [2025-05-22T20:30:38.600+0000] {dag.py:3239} INFO - Sync 1 DAGs
[2025-05-22T20:30:38.611+0000] {logging_mixin.py:190} INFO - [2025-05-22T20:30:38.610+0000] {dag.py:4180} INFO - Setting next_dagrun for example_short_circuit_operator to None, run_after=None
[2025-05-22T20:30:38.621+0000] {processor.py:208} INFO - Processing /home/airflow/.local/lib/python3.12/site-packages/airflow/example_dags/example_short_circuit_operator.py took 0.056 seconds
