[2025-05-22T20:29:07.221+0000] {processor.py:186} INFO - Started process (PID=104) to work on /home/airflow/.local/lib/python3.12/site-packages/airflow/example_dags/example_datasets.py
[2025-05-22T20:29:07.223+0000] {processor.py:914} INFO - Processing file /home/airflow/.local/lib/python3.12/site-packages/airflow/example_dags/example_datasets.py for tasks to queue
[2025-05-22T20:29:07.225+0000] {logging_mixin.py:190} INFO - [2025-05-22T20:29:07.225+0000] {dagbag.py:588} INFO - Filling up the DagBag from /home/airflow/.local/lib/python3.12/site-packages/airflow/example_dags/example_datasets.py
[2025-05-22T20:29:07.326+0000] {processor.py:925} INFO - DAG(s) 'dataset_consumes_1', 'consume_1_or_both_2_and_3_with_dataset_expressions', 'dataset_consumes_unknown_never_scheduled', 'dataset_produces_2', 'conditional_dataset_and_time_based_timetable', 'consume_1_or_2_with_dataset_expressions', 'dataset_consumes_1_and_2', 'consume_1_and_2_with_dataset_expressions', 'dataset_produces_1', 'dataset_consumes_1_never_scheduled' retrieved from /home/airflow/.local/lib/python3.12/site-packages/airflow/example_dags/example_datasets.py
[2025-05-22T20:29:07.417+0000] {logging_mixin.py:190} INFO - [2025-05-22T20:29:07.417+0000] {override.py:1900} INFO - Created Permission View: can edit on DAG:dataset_consumes_1
[2025-05-22T20:29:07.422+0000] {logging_mixin.py:190} INFO - [2025-05-22T20:29:07.422+0000] {override.py:1900} INFO - Created Permission View: can delete on DAG:dataset_consumes_1
[2025-05-22T20:29:07.425+0000] {logging_mixin.py:190} INFO - [2025-05-22T20:29:07.425+0000] {override.py:1900} INFO - Created Permission View: can read on DAG:dataset_consumes_1
[2025-05-22T20:29:07.429+0000] {logging_mixin.py:190} INFO - [2025-05-22T20:29:07.429+0000] {override.py:1900} INFO - Created Permission View: menu access on DAG Run:dataset_consumes_1
[2025-05-22T20:29:07.432+0000] {logging_mixin.py:190} INFO - [2025-05-22T20:29:07.432+0000] {override.py:1900} INFO - Created Permission View: can delete on DAG Run:dataset_consumes_1
[2025-05-22T20:29:07.435+0000] {logging_mixin.py:190} INFO - [2025-05-22T20:29:07.435+0000] {override.py:1900} INFO - Created Permission View: can create on DAG Run:dataset_consumes_1
[2025-05-22T20:29:07.438+0000] {logging_mixin.py:190} INFO - [2025-05-22T20:29:07.438+0000] {override.py:1900} INFO - Created Permission View: can read on DAG Run:dataset_consumes_1
[2025-05-22T20:29:07.443+0000] {logging_mixin.py:190} INFO - [2025-05-22T20:29:07.443+0000] {override.py:1900} INFO - Created Permission View: can edit on DAG:consume_1_or_both_2_and_3_with_dataset_expressions
[2025-05-22T20:29:07.446+0000] {logging_mixin.py:190} INFO - [2025-05-22T20:29:07.445+0000] {override.py:1900} INFO - Created Permission View: can delete on DAG:consume_1_or_both_2_and_3_with_dataset_expressions
[2025-05-22T20:29:07.448+0000] {logging_mixin.py:190} INFO - [2025-05-22T20:29:07.448+0000] {override.py:1900} INFO - Created Permission View: can read on DAG:consume_1_or_both_2_and_3_with_dataset_expressions
[2025-05-22T20:29:07.451+0000] {logging_mixin.py:190} INFO - [2025-05-22T20:29:07.451+0000] {override.py:1900} INFO - Created Permission View: menu access on DAG Run:consume_1_or_both_2_and_3_with_dataset_expressions
[2025-05-22T20:29:07.454+0000] {logging_mixin.py:190} INFO - [2025-05-22T20:29:07.453+0000] {override.py:1900} INFO - Created Permission View: can delete on DAG Run:consume_1_or_both_2_and_3_with_dataset_expressions
[2025-05-22T20:29:07.456+0000] {logging_mixin.py:190} INFO - [2025-05-22T20:29:07.456+0000] {override.py:1900} INFO - Created Permission View: can create on DAG Run:consume_1_or_both_2_and_3_with_dataset_expressions
[2025-05-22T20:29:07.458+0000] {logging_mixin.py:190} INFO - [2025-05-22T20:29:07.458+0000] {override.py:1900} INFO - Created Permission View: can read on DAG Run:consume_1_or_both_2_and_3_with_dataset_expressions
[2025-05-22T20:29:07.463+0000] {logging_mixin.py:190} INFO - [2025-05-22T20:29:07.463+0000] {override.py:1900} INFO - Created Permission View: can edit on DAG:dataset_consumes_unknown_never_scheduled
[2025-05-22T20:29:07.466+0000] {logging_mixin.py:190} INFO - [2025-05-22T20:29:07.466+0000] {override.py:1900} INFO - Created Permission View: can delete on DAG:dataset_consumes_unknown_never_scheduled
[2025-05-22T20:29:07.469+0000] {logging_mixin.py:190} INFO - [2025-05-22T20:29:07.468+0000] {override.py:1900} INFO - Created Permission View: can read on DAG:dataset_consumes_unknown_never_scheduled
[2025-05-22T20:29:07.471+0000] {logging_mixin.py:190} INFO - [2025-05-22T20:29:07.471+0000] {override.py:1900} INFO - Created Permission View: menu access on DAG Run:dataset_consumes_unknown_never_scheduled
[2025-05-22T20:29:07.474+0000] {logging_mixin.py:190} INFO - [2025-05-22T20:29:07.474+0000] {override.py:1900} INFO - Created Permission View: can delete on DAG Run:dataset_consumes_unknown_never_scheduled
[2025-05-22T20:29:07.477+0000] {logging_mixin.py:190} INFO - [2025-05-22T20:29:07.476+0000] {override.py:1900} INFO - Created Permission View: can create on DAG Run:dataset_consumes_unknown_never_scheduled
[2025-05-22T20:29:07.479+0000] {logging_mixin.py:190} INFO - [2025-05-22T20:29:07.479+0000] {override.py:1900} INFO - Created Permission View: can read on DAG Run:dataset_consumes_unknown_never_scheduled
[2025-05-22T20:29:07.485+0000] {logging_mixin.py:190} INFO - [2025-05-22T20:29:07.485+0000] {override.py:1900} INFO - Created Permission View: can edit on DAG:dataset_produces_2
[2025-05-22T20:29:07.489+0000] {logging_mixin.py:190} INFO - [2025-05-22T20:29:07.489+0000] {override.py:1900} INFO - Created Permission View: can delete on DAG:dataset_produces_2
[2025-05-22T20:29:07.495+0000] {logging_mixin.py:190} INFO - [2025-05-22T20:29:07.495+0000] {override.py:1900} INFO - Created Permission View: can read on DAG:dataset_produces_2
[2025-05-22T20:29:07.500+0000] {logging_mixin.py:190} INFO - [2025-05-22T20:29:07.500+0000] {override.py:1900} INFO - Created Permission View: menu access on DAG Run:dataset_produces_2
[2025-05-22T20:29:07.503+0000] {logging_mixin.py:190} INFO - [2025-05-22T20:29:07.503+0000] {override.py:1900} INFO - Created Permission View: can delete on DAG Run:dataset_produces_2
[2025-05-22T20:29:07.506+0000] {logging_mixin.py:190} INFO - [2025-05-22T20:29:07.506+0000] {override.py:1900} INFO - Created Permission View: can create on DAG Run:dataset_produces_2
[2025-05-22T20:29:07.509+0000] {logging_mixin.py:190} INFO - [2025-05-22T20:29:07.508+0000] {override.py:1900} INFO - Created Permission View: can read on DAG Run:dataset_produces_2
[2025-05-22T20:29:07.515+0000] {logging_mixin.py:190} INFO - [2025-05-22T20:29:07.515+0000] {override.py:1900} INFO - Created Permission View: can edit on DAG:conditional_dataset_and_time_based_timetable
[2025-05-22T20:29:07.519+0000] {logging_mixin.py:190} INFO - [2025-05-22T20:29:07.519+0000] {override.py:1900} INFO - Created Permission View: can delete on DAG:conditional_dataset_and_time_based_timetable
[2025-05-22T20:29:07.523+0000] {logging_mixin.py:190} INFO - [2025-05-22T20:29:07.522+0000] {override.py:1900} INFO - Created Permission View: can read on DAG:conditional_dataset_and_time_based_timetable
[2025-05-22T20:29:07.525+0000] {logging_mixin.py:190} INFO - [2025-05-22T20:29:07.525+0000] {override.py:1900} INFO - Created Permission View: menu access on DAG Run:conditional_dataset_and_time_based_timetable
[2025-05-22T20:29:07.528+0000] {logging_mixin.py:190} INFO - [2025-05-22T20:29:07.528+0000] {override.py:1900} INFO - Created Permission View: can delete on DAG Run:conditional_dataset_and_time_based_timetable
[2025-05-22T20:29:07.531+0000] {logging_mixin.py:190} INFO - [2025-05-22T20:29:07.530+0000] {override.py:1900} INFO - Created Permission View: can create on DAG Run:conditional_dataset_and_time_based_timetable
[2025-05-22T20:29:07.533+0000] {logging_mixin.py:190} INFO - [2025-05-22T20:29:07.533+0000] {override.py:1900} INFO - Created Permission View: can read on DAG Run:conditional_dataset_and_time_based_timetable
[2025-05-22T20:29:07.538+0000] {logging_mixin.py:190} INFO - [2025-05-22T20:29:07.538+0000] {override.py:1900} INFO - Created Permission View: can edit on DAG:consume_1_or_2_with_dataset_expressions
[2025-05-22T20:29:07.541+0000] {logging_mixin.py:190} INFO - [2025-05-22T20:29:07.541+0000] {override.py:1900} INFO - Created Permission View: can delete on DAG:consume_1_or_2_with_dataset_expressions
[2025-05-22T20:29:07.543+0000] {logging_mixin.py:190} INFO - [2025-05-22T20:29:07.543+0000] {override.py:1900} INFO - Created Permission View: can read on DAG:consume_1_or_2_with_dataset_expressions
[2025-05-22T20:29:07.545+0000] {logging_mixin.py:190} INFO - [2025-05-22T20:29:07.545+0000] {override.py:1900} INFO - Created Permission View: menu access on DAG Run:consume_1_or_2_with_dataset_expressions
[2025-05-22T20:29:07.548+0000] {logging_mixin.py:190} INFO - [2025-05-22T20:29:07.548+0000] {override.py:1900} INFO - Created Permission View: can delete on DAG Run:consume_1_or_2_with_dataset_expressions
[2025-05-22T20:29:07.550+0000] {logging_mixin.py:190} INFO - [2025-05-22T20:29:07.550+0000] {override.py:1900} INFO - Created Permission View: can create on DAG Run:consume_1_or_2_with_dataset_expressions
[2025-05-22T20:29:07.553+0000] {logging_mixin.py:190} INFO - [2025-05-22T20:29:07.553+0000] {override.py:1900} INFO - Created Permission View: can read on DAG Run:consume_1_or_2_with_dataset_expressions
[2025-05-22T20:29:07.557+0000] {logging_mixin.py:190} INFO - [2025-05-22T20:29:07.557+0000] {override.py:1900} INFO - Created Permission View: can edit on DAG:dataset_consumes_1_and_2
[2025-05-22T20:29:07.560+0000] {logging_mixin.py:190} INFO - [2025-05-22T20:29:07.560+0000] {override.py:1900} INFO - Created Permission View: can delete on DAG:dataset_consumes_1_and_2
[2025-05-22T20:29:07.563+0000] {logging_mixin.py:190} INFO - [2025-05-22T20:29:07.562+0000] {override.py:1900} INFO - Created Permission View: can read on DAG:dataset_consumes_1_and_2
[2025-05-22T20:29:07.565+0000] {logging_mixin.py:190} INFO - [2025-05-22T20:29:07.565+0000] {override.py:1900} INFO - Created Permission View: menu access on DAG Run:dataset_consumes_1_and_2
[2025-05-22T20:29:07.568+0000] {logging_mixin.py:190} INFO - [2025-05-22T20:29:07.567+0000] {override.py:1900} INFO - Created Permission View: can delete on DAG Run:dataset_consumes_1_and_2
[2025-05-22T20:29:07.570+0000] {logging_mixin.py:190} INFO - [2025-05-22T20:29:07.570+0000] {override.py:1900} INFO - Created Permission View: can create on DAG Run:dataset_consumes_1_and_2
[2025-05-22T20:29:07.573+0000] {logging_mixin.py:190} INFO - [2025-05-22T20:29:07.573+0000] {override.py:1900} INFO - Created Permission View: can read on DAG Run:dataset_consumes_1_and_2
[2025-05-22T20:29:07.580+0000] {logging_mixin.py:190} INFO - [2025-05-22T20:29:07.580+0000] {override.py:1900} INFO - Created Permission View: can edit on DAG:consume_1_and_2_with_dataset_expressions
[2025-05-22T20:29:07.585+0000] {logging_mixin.py:190} INFO - [2025-05-22T20:29:07.585+0000] {override.py:1900} INFO - Created Permission View: can delete on DAG:consume_1_and_2_with_dataset_expressions
[2025-05-22T20:29:07.588+0000] {logging_mixin.py:190} INFO - [2025-05-22T20:29:07.588+0000] {override.py:1900} INFO - Created Permission View: can read on DAG:consume_1_and_2_with_dataset_expressions
[2025-05-22T20:29:07.591+0000] {logging_mixin.py:190} INFO - [2025-05-22T20:29:07.591+0000] {override.py:1900} INFO - Created Permission View: menu access on DAG Run:consume_1_and_2_with_dataset_expressions
[2025-05-22T20:29:07.595+0000] {logging_mixin.py:190} INFO - [2025-05-22T20:29:07.595+0000] {override.py:1900} INFO - Created Permission View: can delete on DAG Run:consume_1_and_2_with_dataset_expressions
[2025-05-22T20:29:07.599+0000] {logging_mixin.py:190} INFO - [2025-05-22T20:29:07.599+0000] {override.py:1900} INFO - Created Permission View: can create on DAG Run:consume_1_and_2_with_dataset_expressions
[2025-05-22T20:29:07.609+0000] {logging_mixin.py:190} INFO - [2025-05-22T20:29:07.608+0000] {override.py:1900} INFO - Created Permission View: can read on DAG Run:consume_1_and_2_with_dataset_expressions
[2025-05-22T20:29:07.619+0000] {logging_mixin.py:190} INFO - [2025-05-22T20:29:07.619+0000] {override.py:1900} INFO - Created Permission View: can edit on DAG:dataset_produces_1
[2025-05-22T20:29:07.624+0000] {logging_mixin.py:190} INFO - [2025-05-22T20:29:07.624+0000] {override.py:1900} INFO - Created Permission View: can delete on DAG:dataset_produces_1
[2025-05-22T20:29:07.637+0000] {logging_mixin.py:190} INFO - [2025-05-22T20:29:07.637+0000] {override.py:1900} INFO - Created Permission View: can read on DAG:dataset_produces_1
[2025-05-22T20:29:07.642+0000] {logging_mixin.py:190} INFO - [2025-05-22T20:29:07.642+0000] {override.py:1900} INFO - Created Permission View: menu access on DAG Run:dataset_produces_1
[2025-05-22T20:29:07.646+0000] {logging_mixin.py:190} INFO - [2025-05-22T20:29:07.646+0000] {override.py:1900} INFO - Created Permission View: can delete on DAG Run:dataset_produces_1
[2025-05-22T20:29:07.650+0000] {logging_mixin.py:190} INFO - [2025-05-22T20:29:07.649+0000] {override.py:1900} INFO - Created Permission View: can create on DAG Run:dataset_produces_1
[2025-05-22T20:29:07.653+0000] {logging_mixin.py:190} INFO - [2025-05-22T20:29:07.653+0000] {override.py:1900} INFO - Created Permission View: can read on DAG Run:dataset_produces_1
[2025-05-22T20:29:07.662+0000] {logging_mixin.py:190} INFO - [2025-05-22T20:29:07.662+0000] {override.py:1900} INFO - Created Permission View: can edit on DAG:dataset_consumes_1_never_scheduled
[2025-05-22T20:29:07.665+0000] {logging_mixin.py:190} INFO - [2025-05-22T20:29:07.665+0000] {override.py:1900} INFO - Created Permission View: can delete on DAG:dataset_consumes_1_never_scheduled
[2025-05-22T20:29:07.668+0000] {logging_mixin.py:190} INFO - [2025-05-22T20:29:07.667+0000] {override.py:1900} INFO - Created Permission View: can read on DAG:dataset_consumes_1_never_scheduled
[2025-05-22T20:29:07.670+0000] {logging_mixin.py:190} INFO - [2025-05-22T20:29:07.670+0000] {override.py:1900} INFO - Created Permission View: menu access on DAG Run:dataset_consumes_1_never_scheduled
[2025-05-22T20:29:07.673+0000] {logging_mixin.py:190} INFO - [2025-05-22T20:29:07.673+0000] {override.py:1900} INFO - Created Permission View: can delete on DAG Run:dataset_consumes_1_never_scheduled
[2025-05-22T20:29:07.676+0000] {logging_mixin.py:190} INFO - [2025-05-22T20:29:07.675+0000] {override.py:1900} INFO - Created Permission View: can create on DAG Run:dataset_consumes_1_never_scheduled
[2025-05-22T20:29:07.678+0000] {logging_mixin.py:190} INFO - [2025-05-22T20:29:07.678+0000] {override.py:1900} INFO - Created Permission View: can read on DAG Run:dataset_consumes_1_never_scheduled
[2025-05-22T20:29:07.679+0000] {logging_mixin.py:190} INFO - [2025-05-22T20:29:07.679+0000] {dag.py:3239} INFO - Sync 10 DAGs
[2025-05-22T20:29:07.686+0000] {logging_mixin.py:190} INFO - [2025-05-22T20:29:07.686+0000] {dag.py:3262} INFO - Creating ORM DAG for consume_1_or_both_2_and_3_with_dataset_expressions
[2025-05-22T20:29:07.686+0000] {logging_mixin.py:190} INFO - [2025-05-22T20:29:07.686+0000] {dag.py:3262} INFO - Creating ORM DAG for dataset_produces_1
[2025-05-22T20:29:07.687+0000] {logging_mixin.py:190} INFO - [2025-05-22T20:29:07.686+0000] {dag.py:3262} INFO - Creating ORM DAG for dataset_consumes_1_and_2
[2025-05-22T20:29:07.687+0000] {logging_mixin.py:190} INFO - [2025-05-22T20:29:07.687+0000] {dag.py:3262} INFO - Creating ORM DAG for conditional_dataset_and_time_based_timetable
[2025-05-22T20:29:07.687+0000] {logging_mixin.py:190} INFO - [2025-05-22T20:29:07.687+0000] {dag.py:3262} INFO - Creating ORM DAG for consume_1_and_2_with_dataset_expressions
[2025-05-22T20:29:07.687+0000] {logging_mixin.py:190} INFO - [2025-05-22T20:29:07.687+0000] {dag.py:3262} INFO - Creating ORM DAG for dataset_produces_2
[2025-05-22T20:29:07.688+0000] {logging_mixin.py:190} INFO - [2025-05-22T20:29:07.688+0000] {dag.py:3262} INFO - Creating ORM DAG for dataset_consumes_unknown_never_scheduled
[2025-05-22T20:29:07.688+0000] {logging_mixin.py:190} INFO - [2025-05-22T20:29:07.688+0000] {dag.py:3262} INFO - Creating ORM DAG for consume_1_or_2_with_dataset_expressions
[2025-05-22T20:29:07.688+0000] {logging_mixin.py:190} INFO - [2025-05-22T20:29:07.688+0000] {dag.py:3262} INFO - Creating ORM DAG for dataset_consumes_1
[2025-05-22T20:29:07.688+0000] {logging_mixin.py:190} INFO - [2025-05-22T20:29:07.688+0000] {dag.py:3262} INFO - Creating ORM DAG for dataset_consumes_1_never_scheduled
[2025-05-22T20:29:07.695+0000] {logging_mixin.py:190} INFO - [2025-05-22T20:29:07.694+0000] {dag.py:4180} INFO - Setting next_dagrun for conditional_dataset_and_time_based_timetable to 2025-05-21 01:00:00+00:00, run_after=2025-05-21 01:00:00+00:00
[2025-05-22T20:29:07.695+0000] {logging_mixin.py:190} INFO - [2025-05-22T20:29:07.695+0000] {dag.py:4180} INFO - Setting next_dagrun for consume_1_and_2_with_dataset_expressions to None, run_after=None
[2025-05-22T20:29:07.695+0000] {logging_mixin.py:190} INFO - [2025-05-22T20:29:07.695+0000] {dag.py:4180} INFO - Setting next_dagrun for consume_1_or_2_with_dataset_expressions to None, run_after=None
[2025-05-22T20:29:07.695+0000] {logging_mixin.py:190} INFO - [2025-05-22T20:29:07.695+0000] {dag.py:4180} INFO - Setting next_dagrun for consume_1_or_both_2_and_3_with_dataset_expressions to None, run_after=None
[2025-05-22T20:29:07.696+0000] {logging_mixin.py:190} INFO - [2025-05-22T20:29:07.696+0000] {dag.py:4180} INFO - Setting next_dagrun for dataset_consumes_1 to None, run_after=None
[2025-05-22T20:29:07.696+0000] {logging_mixin.py:190} INFO - [2025-05-22T20:29:07.696+0000] {dag.py:4180} INFO - Setting next_dagrun for dataset_consumes_1_and_2 to None, run_after=None
[2025-05-22T20:29:07.696+0000] {logging_mixin.py:190} INFO - [2025-05-22T20:29:07.696+0000] {dag.py:4180} INFO - Setting next_dagrun for dataset_consumes_1_never_scheduled to None, run_after=None
[2025-05-22T20:29:07.696+0000] {logging_mixin.py:190} INFO - [2025-05-22T20:29:07.696+0000] {dag.py:4180} INFO - Setting next_dagrun for dataset_consumes_unknown_never_scheduled to None, run_after=None
[2025-05-22T20:29:07.697+0000] {logging_mixin.py:190} INFO - [2025-05-22T20:29:07.697+0000] {dag.py:4180} INFO - Setting next_dagrun for dataset_produces_1 to 2025-05-21 00:00:00+00:00, run_after=2025-05-22 00:00:00+00:00
[2025-05-22T20:29:07.697+0000] {logging_mixin.py:190} INFO - [2025-05-22T20:29:07.697+0000] {dag.py:4180} INFO - Setting next_dagrun for dataset_produces_2 to None, run_after=None
[2025-05-22T20:29:07.726+0000] {processor.py:208} INFO - Processing /home/airflow/.local/lib/python3.12/site-packages/airflow/example_dags/example_datasets.py took 0.508 seconds
[2025-05-22T20:29:38.152+0000] {processor.py:186} INFO - Started process (PID=166) to work on /home/airflow/.local/lib/python3.12/site-packages/airflow/example_dags/example_datasets.py
[2025-05-22T20:29:38.153+0000] {processor.py:914} INFO - Processing file /home/airflow/.local/lib/python3.12/site-packages/airflow/example_dags/example_datasets.py for tasks to queue
[2025-05-22T20:29:38.155+0000] {logging_mixin.py:190} INFO - [2025-05-22T20:29:38.154+0000] {dagbag.py:588} INFO - Filling up the DagBag from /home/airflow/.local/lib/python3.12/site-packages/airflow/example_dags/example_datasets.py
[2025-05-22T20:29:38.285+0000] {processor.py:925} INFO - DAG(s) 'conditional_dataset_and_time_based_timetable', 'dataset_consumes_unknown_never_scheduled', 'dataset_produces_2', 'dataset_consumes_1', 'consume_1_or_both_2_and_3_with_dataset_expressions', 'dataset_consumes_1_never_scheduled', 'dataset_consumes_1_and_2', 'consume_1_or_2_with_dataset_expressions', 'consume_1_and_2_with_dataset_expressions', 'dataset_produces_1' retrieved from /home/airflow/.local/lib/python3.12/site-packages/airflow/example_dags/example_datasets.py
[2025-05-22T20:29:38.326+0000] {logging_mixin.py:190} INFO - [2025-05-22T20:29:38.325+0000] {dag.py:3239} INFO - Sync 10 DAGs
[2025-05-22T20:29:38.351+0000] {logging_mixin.py:190} INFO - [2025-05-22T20:29:38.350+0000] {dag.py:4180} INFO - Setting next_dagrun for conditional_dataset_and_time_based_timetable to 2025-05-21 01:00:00+00:00, run_after=2025-05-21 01:00:00+00:00
[2025-05-22T20:29:38.363+0000] {logging_mixin.py:190} INFO - [2025-05-22T20:29:38.362+0000] {dag.py:4180} INFO - Setting next_dagrun for consume_1_and_2_with_dataset_expressions to None, run_after=None
[2025-05-22T20:29:38.368+0000] {logging_mixin.py:190} INFO - [2025-05-22T20:29:38.367+0000] {dag.py:4180} INFO - Setting next_dagrun for consume_1_or_2_with_dataset_expressions to None, run_after=None
[2025-05-22T20:29:38.373+0000] {logging_mixin.py:190} INFO - [2025-05-22T20:29:38.373+0000] {dag.py:4180} INFO - Setting next_dagrun for consume_1_or_both_2_and_3_with_dataset_expressions to None, run_after=None
[2025-05-22T20:29:38.377+0000] {logging_mixin.py:190} INFO - [2025-05-22T20:29:38.377+0000] {dag.py:4180} INFO - Setting next_dagrun for dataset_consumes_1 to None, run_after=None
[2025-05-22T20:29:38.379+0000] {logging_mixin.py:190} INFO - [2025-05-22T20:29:38.379+0000] {dag.py:4180} INFO - Setting next_dagrun for dataset_consumes_1_and_2 to None, run_after=None
[2025-05-22T20:29:38.381+0000] {logging_mixin.py:190} INFO - [2025-05-22T20:29:38.380+0000] {dag.py:4180} INFO - Setting next_dagrun for dataset_consumes_1_never_scheduled to None, run_after=None
[2025-05-22T20:29:38.382+0000] {logging_mixin.py:190} INFO - [2025-05-22T20:29:38.382+0000] {dag.py:4180} INFO - Setting next_dagrun for dataset_consumes_unknown_never_scheduled to None, run_after=None
[2025-05-22T20:29:38.384+0000] {logging_mixin.py:190} INFO - [2025-05-22T20:29:38.384+0000] {dag.py:4180} INFO - Setting next_dagrun for dataset_produces_1 to 2025-05-21 00:00:00+00:00, run_after=2025-05-22 00:00:00+00:00
[2025-05-22T20:29:38.385+0000] {logging_mixin.py:190} INFO - [2025-05-22T20:29:38.385+0000] {dag.py:4180} INFO - Setting next_dagrun for dataset_produces_2 to None, run_after=None
[2025-05-22T20:29:38.410+0000] {processor.py:208} INFO - Processing /home/airflow/.local/lib/python3.12/site-packages/airflow/example_dags/example_datasets.py took 0.264 seconds
[2025-05-22T20:30:08.576+0000] {processor.py:186} INFO - Started process (PID=229) to work on /home/airflow/.local/lib/python3.12/site-packages/airflow/example_dags/example_datasets.py
[2025-05-22T20:30:08.577+0000] {processor.py:914} INFO - Processing file /home/airflow/.local/lib/python3.12/site-packages/airflow/example_dags/example_datasets.py for tasks to queue
[2025-05-22T20:30:08.578+0000] {logging_mixin.py:190} INFO - [2025-05-22T20:30:08.578+0000] {dagbag.py:588} INFO - Filling up the DagBag from /home/airflow/.local/lib/python3.12/site-packages/airflow/example_dags/example_datasets.py
[2025-05-22T20:30:08.682+0000] {processor.py:925} INFO - DAG(s) 'consume_1_or_2_with_dataset_expressions', 'dataset_consumes_unknown_never_scheduled', 'dataset_consumes_1_never_scheduled', 'conditional_dataset_and_time_based_timetable', 'consume_1_and_2_with_dataset_expressions', 'consume_1_or_both_2_and_3_with_dataset_expressions', 'dataset_produces_2', 'dataset_consumes_1_and_2', 'dataset_consumes_1', 'dataset_produces_1' retrieved from /home/airflow/.local/lib/python3.12/site-packages/airflow/example_dags/example_datasets.py
[2025-05-22T20:30:08.720+0000] {logging_mixin.py:190} INFO - [2025-05-22T20:30:08.720+0000] {dag.py:3239} INFO - Sync 10 DAGs
[2025-05-22T20:30:08.744+0000] {logging_mixin.py:190} INFO - [2025-05-22T20:30:08.743+0000] {dag.py:4180} INFO - Setting next_dagrun for conditional_dataset_and_time_based_timetable to 2025-05-21 01:00:00+00:00, run_after=2025-05-21 01:00:00+00:00
[2025-05-22T20:30:08.751+0000] {logging_mixin.py:190} INFO - [2025-05-22T20:30:08.751+0000] {dag.py:4180} INFO - Setting next_dagrun for consume_1_and_2_with_dataset_expressions to None, run_after=None
[2025-05-22T20:30:08.753+0000] {logging_mixin.py:190} INFO - [2025-05-22T20:30:08.753+0000] {dag.py:4180} INFO - Setting next_dagrun for consume_1_or_2_with_dataset_expressions to None, run_after=None
[2025-05-22T20:30:08.754+0000] {logging_mixin.py:190} INFO - [2025-05-22T20:30:08.754+0000] {dag.py:4180} INFO - Setting next_dagrun for consume_1_or_both_2_and_3_with_dataset_expressions to None, run_after=None
[2025-05-22T20:30:08.758+0000] {logging_mixin.py:190} INFO - [2025-05-22T20:30:08.758+0000] {dag.py:4180} INFO - Setting next_dagrun for dataset_consumes_1 to None, run_after=None
[2025-05-22T20:30:08.762+0000] {logging_mixin.py:190} INFO - [2025-05-22T20:30:08.762+0000] {dag.py:4180} INFO - Setting next_dagrun for dataset_consumes_1_and_2 to None, run_after=None
[2025-05-22T20:30:08.763+0000] {logging_mixin.py:190} INFO - [2025-05-22T20:30:08.763+0000] {dag.py:4180} INFO - Setting next_dagrun for dataset_consumes_1_never_scheduled to None, run_after=None
[2025-05-22T20:30:08.763+0000] {logging_mixin.py:190} INFO - [2025-05-22T20:30:08.763+0000] {dag.py:4180} INFO - Setting next_dagrun for dataset_consumes_unknown_never_scheduled to None, run_after=None
[2025-05-22T20:30:08.765+0000] {logging_mixin.py:190} INFO - [2025-05-22T20:30:08.764+0000] {dag.py:4180} INFO - Setting next_dagrun for dataset_produces_1 to 2025-05-21 00:00:00+00:00, run_after=2025-05-22 00:00:00+00:00
[2025-05-22T20:30:08.765+0000] {logging_mixin.py:190} INFO - [2025-05-22T20:30:08.765+0000] {dag.py:4180} INFO - Setting next_dagrun for dataset_produces_2 to None, run_after=None
[2025-05-22T20:30:08.786+0000] {processor.py:208} INFO - Processing /home/airflow/.local/lib/python3.12/site-packages/airflow/example_dags/example_datasets.py took 0.214 seconds
[2025-05-22T20:30:38.887+0000] {processor.py:186} INFO - Started process (PID=290) to work on /home/airflow/.local/lib/python3.12/site-packages/airflow/example_dags/example_datasets.py
[2025-05-22T20:30:38.888+0000] {processor.py:914} INFO - Processing file /home/airflow/.local/lib/python3.12/site-packages/airflow/example_dags/example_datasets.py for tasks to queue
[2025-05-22T20:30:38.890+0000] {logging_mixin.py:190} INFO - [2025-05-22T20:30:38.889+0000] {dagbag.py:588} INFO - Filling up the DagBag from /home/airflow/.local/lib/python3.12/site-packages/airflow/example_dags/example_datasets.py
[2025-05-22T20:30:38.970+0000] {processor.py:925} INFO - DAG(s) 'conditional_dataset_and_time_based_timetable', 'consume_1_or_2_with_dataset_expressions', 'consume_1_or_both_2_and_3_with_dataset_expressions', 'dataset_consumes_1', 'consume_1_and_2_with_dataset_expressions', 'dataset_consumes_1_and_2', 'dataset_consumes_unknown_never_scheduled', 'dataset_consumes_1_never_scheduled', 'dataset_produces_2', 'dataset_produces_1' retrieved from /home/airflow/.local/lib/python3.12/site-packages/airflow/example_dags/example_datasets.py
[2025-05-22T20:30:38.993+0000] {logging_mixin.py:190} INFO - [2025-05-22T20:30:38.993+0000] {dag.py:3239} INFO - Sync 10 DAGs
[2025-05-22T20:30:39.009+0000] {logging_mixin.py:190} INFO - [2025-05-22T20:30:39.009+0000] {dag.py:4180} INFO - Setting next_dagrun for conditional_dataset_and_time_based_timetable to 2025-05-21 01:00:00+00:00, run_after=2025-05-21 01:00:00+00:00
[2025-05-22T20:30:39.011+0000] {logging_mixin.py:190} INFO - [2025-05-22T20:30:39.011+0000] {dag.py:4180} INFO - Setting next_dagrun for consume_1_and_2_with_dataset_expressions to None, run_after=None
[2025-05-22T20:30:39.012+0000] {logging_mixin.py:190} INFO - [2025-05-22T20:30:39.012+0000] {dag.py:4180} INFO - Setting next_dagrun for consume_1_or_2_with_dataset_expressions to None, run_after=None
[2025-05-22T20:30:39.013+0000] {logging_mixin.py:190} INFO - [2025-05-22T20:30:39.013+0000] {dag.py:4180} INFO - Setting next_dagrun for consume_1_or_both_2_and_3_with_dataset_expressions to None, run_after=None
[2025-05-22T20:30:39.013+0000] {logging_mixin.py:190} INFO - [2025-05-22T20:30:39.013+0000] {dag.py:4180} INFO - Setting next_dagrun for dataset_consumes_1 to None, run_after=None
[2025-05-22T20:30:39.014+0000] {logging_mixin.py:190} INFO - [2025-05-22T20:30:39.014+0000] {dag.py:4180} INFO - Setting next_dagrun for dataset_consumes_1_and_2 to None, run_after=None
[2025-05-22T20:30:39.016+0000] {logging_mixin.py:190} INFO - [2025-05-22T20:30:39.016+0000] {dag.py:4180} INFO - Setting next_dagrun for dataset_consumes_1_never_scheduled to None, run_after=None
[2025-05-22T20:30:39.017+0000] {logging_mixin.py:190} INFO - [2025-05-22T20:30:39.016+0000] {dag.py:4180} INFO - Setting next_dagrun for dataset_consumes_unknown_never_scheduled to None, run_after=None
[2025-05-22T20:30:39.019+0000] {logging_mixin.py:190} INFO - [2025-05-22T20:30:39.018+0000] {dag.py:4180} INFO - Setting next_dagrun for dataset_produces_1 to 2025-05-21 00:00:00+00:00, run_after=2025-05-22 00:00:00+00:00
[2025-05-22T20:30:39.019+0000] {logging_mixin.py:190} INFO - [2025-05-22T20:30:39.019+0000] {dag.py:4180} INFO - Setting next_dagrun for dataset_produces_2 to None, run_after=None
[2025-05-22T20:30:39.034+0000] {processor.py:208} INFO - Processing /home/airflow/.local/lib/python3.12/site-packages/airflow/example_dags/example_datasets.py took 0.150 seconds
