[2025-05-22T20:29:01.649+0000] {processor.py:186} INFO - Started process (PID=58) to work on /home/airflow/.local/lib/python3.12/site-packages/airflow/example_dags/example_kubernetes_executor.py
[2025-05-22T20:29:01.650+0000] {processor.py:914} INFO - Processing file /home/airflow/.local/lib/python3.12/site-packages/airflow/example_dags/example_kubernetes_executor.py for tasks to queue
[2025-05-22T20:29:01.653+0000] {logging_mixin.py:190} INFO - [2025-05-22T20:29:01.652+0000] {dagbag.py:588} INFO - Filling up the DagBag from /home/airflow/.local/lib/python3.12/site-packages/airflow/example_dags/example_kubernetes_executor.py
[2025-05-22T20:29:01.673+0000] {processor.py:925} INFO - DAG(s) 'example_kubernetes_executor' retrieved from /home/airflow/.local/lib/python3.12/site-packages/airflow/example_dags/example_kubernetes_executor.py
[2025-05-22T20:29:01.774+0000] {logging_mixin.py:190} INFO - [2025-05-22T20:29:01.773+0000] {override.py:1900} INFO - Created Permission View: can edit on DAG:example_kubernetes_executor
[2025-05-22T20:29:01.782+0000] {logging_mixin.py:190} INFO - [2025-05-22T20:29:01.782+0000] {override.py:1900} INFO - Created Permission View: can delete on DAG:example_kubernetes_executor
[2025-05-22T20:29:01.785+0000] {logging_mixin.py:190} INFO - [2025-05-22T20:29:01.785+0000] {override.py:1900} INFO - Created Permission View: can read on DAG:example_kubernetes_executor
[2025-05-22T20:29:01.788+0000] {logging_mixin.py:190} INFO - [2025-05-22T20:29:01.788+0000] {override.py:1900} INFO - Created Permission View: menu access on DAG Run:example_kubernetes_executor
[2025-05-22T20:29:01.791+0000] {logging_mixin.py:190} INFO - [2025-05-22T20:29:01.791+0000] {override.py:1900} INFO - Created Permission View: can delete on DAG Run:example_kubernetes_executor
[2025-05-22T20:29:01.794+0000] {logging_mixin.py:190} INFO - [2025-05-22T20:29:01.794+0000] {override.py:1900} INFO - Created Permission View: can create on DAG Run:example_kubernetes_executor
[2025-05-22T20:29:01.797+0000] {logging_mixin.py:190} INFO - [2025-05-22T20:29:01.797+0000] {override.py:1900} INFO - Created Permission View: can read on DAG Run:example_kubernetes_executor
[2025-05-22T20:29:01.797+0000] {logging_mixin.py:190} INFO - [2025-05-22T20:29:01.797+0000] {dag.py:3239} INFO - Sync 1 DAGs
[2025-05-22T20:29:01.804+0000] {logging_mixin.py:190} INFO - [2025-05-22T20:29:01.804+0000] {dag.py:3262} INFO - Creating ORM DAG for example_kubernetes_executor
[2025-05-22T20:29:01.805+0000] {logging_mixin.py:190} INFO - [2025-05-22T20:29:01.805+0000] {dag.py:4180} INFO - Setting next_dagrun for example_kubernetes_executor to None, run_after=None
[2025-05-22T20:29:01.812+0000] {processor.py:208} INFO - Processing /home/airflow/.local/lib/python3.12/site-packages/airflow/example_dags/example_kubernetes_executor.py took 0.169 seconds
[2025-05-22T20:29:32.534+0000] {processor.py:186} INFO - Started process (PID=126) to work on /home/airflow/.local/lib/python3.12/site-packages/airflow/example_dags/example_kubernetes_executor.py
[2025-05-22T20:29:32.535+0000] {processor.py:914} INFO - Processing file /home/airflow/.local/lib/python3.12/site-packages/airflow/example_dags/example_kubernetes_executor.py for tasks to queue
[2025-05-22T20:29:32.538+0000] {logging_mixin.py:190} INFO - [2025-05-22T20:29:32.538+0000] {dagbag.py:588} INFO - Filling up the DagBag from /home/airflow/.local/lib/python3.12/site-packages/airflow/example_dags/example_kubernetes_executor.py
[2025-05-22T20:29:32.549+0000] {processor.py:925} INFO - DAG(s) 'example_kubernetes_executor' retrieved from /home/airflow/.local/lib/python3.12/site-packages/airflow/example_dags/example_kubernetes_executor.py
[2025-05-22T20:29:32.591+0000] {logging_mixin.py:190} INFO - [2025-05-22T20:29:32.590+0000] {dag.py:3239} INFO - Sync 1 DAGs
[2025-05-22T20:29:32.602+0000] {logging_mixin.py:190} INFO - [2025-05-22T20:29:32.602+0000] {dag.py:4180} INFO - Setting next_dagrun for example_kubernetes_executor to None, run_after=None
[2025-05-22T20:29:32.612+0000] {processor.py:208} INFO - Processing /home/airflow/.local/lib/python3.12/site-packages/airflow/example_dags/example_kubernetes_executor.py took 0.084 seconds
[2025-05-22T20:30:03.493+0000] {processor.py:186} INFO - Started process (PID=188) to work on /home/airflow/.local/lib/python3.12/site-packages/airflow/example_dags/example_kubernetes_executor.py
[2025-05-22T20:30:03.494+0000] {processor.py:914} INFO - Processing file /home/airflow/.local/lib/python3.12/site-packages/airflow/example_dags/example_kubernetes_executor.py for tasks to queue
[2025-05-22T20:30:03.496+0000] {logging_mixin.py:190} INFO - [2025-05-22T20:30:03.496+0000] {dagbag.py:588} INFO - Filling up the DagBag from /home/airflow/.local/lib/python3.12/site-packages/airflow/example_dags/example_kubernetes_executor.py
[2025-05-22T20:30:03.506+0000] {processor.py:925} INFO - DAG(s) 'example_kubernetes_executor' retrieved from /home/airflow/.local/lib/python3.12/site-packages/airflow/example_dags/example_kubernetes_executor.py
[2025-05-22T20:30:03.536+0000] {logging_mixin.py:190} INFO - [2025-05-22T20:30:03.536+0000] {dag.py:3239} INFO - Sync 1 DAGs
[2025-05-22T20:30:03.551+0000] {logging_mixin.py:190} INFO - [2025-05-22T20:30:03.551+0000] {dag.py:4180} INFO - Setting next_dagrun for example_kubernetes_executor to None, run_after=None
[2025-05-22T20:30:03.563+0000] {processor.py:208} INFO - Processing /home/airflow/.local/lib/python3.12/site-packages/airflow/example_dags/example_kubernetes_executor.py took 0.076 seconds
[2025-05-22T20:30:33.870+0000] {processor.py:186} INFO - Started process (PID=250) to work on /home/airflow/.local/lib/python3.12/site-packages/airflow/example_dags/example_kubernetes_executor.py
[2025-05-22T20:30:33.871+0000] {processor.py:914} INFO - Processing file /home/airflow/.local/lib/python3.12/site-packages/airflow/example_dags/example_kubernetes_executor.py for tasks to queue
[2025-05-22T20:30:33.873+0000] {logging_mixin.py:190} INFO - [2025-05-22T20:30:33.873+0000] {dagbag.py:588} INFO - Filling up the DagBag from /home/airflow/.local/lib/python3.12/site-packages/airflow/example_dags/example_kubernetes_executor.py
[2025-05-22T20:30:33.888+0000] {processor.py:925} INFO - DAG(s) 'example_kubernetes_executor' retrieved from /home/airflow/.local/lib/python3.12/site-packages/airflow/example_dags/example_kubernetes_executor.py
[2025-05-22T20:30:33.919+0000] {logging_mixin.py:190} INFO - [2025-05-22T20:30:33.918+0000] {dag.py:3239} INFO - Sync 1 DAGs
[2025-05-22T20:30:33.936+0000] {logging_mixin.py:190} INFO - [2025-05-22T20:30:33.936+0000] {dag.py:4180} INFO - Setting next_dagrun for example_kubernetes_executor to None, run_after=None
[2025-05-22T20:30:33.974+0000] {processor.py:208} INFO - Processing /home/airflow/.local/lib/python3.12/site-packages/airflow/example_dags/example_kubernetes_executor.py took 0.108 seconds
