[2025-05-22T20:29:03.092+0000] {processor.py:186} INFO - Started process (PID=72) to work on /home/airflow/.local/lib/python3.12/site-packages/airflow/example_dags/example_branch_operator_decorator.py
[2025-05-22T20:29:03.093+0000] {processor.py:914} INFO - Processing file /home/airflow/.local/lib/python3.12/site-packages/airflow/example_dags/example_branch_operator_decorator.py for tasks to queue
[2025-05-22T20:29:03.096+0000] {logging_mixin.py:190} INFO - [2025-05-22T20:29:03.095+0000] {dagbag.py:588} INFO - Filling up the DagBag from /home/airflow/.local/lib/python3.12/site-packages/airflow/example_dags/example_branch_operator_decorator.py
[2025-05-22T20:29:03.120+0000] {processor.py:925} INFO - DAG(s) 'example_branch_python_operator_decorator' retrieved from /home/airflow/.local/lib/python3.12/site-packages/airflow/example_dags/example_branch_operator_decorator.py
[2025-05-22T20:29:03.220+0000] {logging_mixin.py:190} INFO - [2025-05-22T20:29:03.219+0000] {override.py:1900} INFO - Created Permission View: can edit on DAG:example_branch_python_operator_decorator
[2025-05-22T20:29:03.233+0000] {logging_mixin.py:190} INFO - [2025-05-22T20:29:03.233+0000] {override.py:1900} INFO - Created Permission View: can delete on DAG:example_branch_python_operator_decorator
[2025-05-22T20:29:03.241+0000] {logging_mixin.py:190} INFO - [2025-05-22T20:29:03.241+0000] {override.py:1900} INFO - Created Permission View: can read on DAG:example_branch_python_operator_decorator
[2025-05-22T20:29:03.247+0000] {logging_mixin.py:190} INFO - [2025-05-22T20:29:03.247+0000] {override.py:1900} INFO - Created Permission View: menu access on DAG Run:example_branch_python_operator_decorator
[2025-05-22T20:29:03.252+0000] {logging_mixin.py:190} INFO - [2025-05-22T20:29:03.251+0000] {override.py:1900} INFO - Created Permission View: can delete on DAG Run:example_branch_python_operator_decorator
[2025-05-22T20:29:03.259+0000] {logging_mixin.py:190} INFO - [2025-05-22T20:29:03.258+0000] {override.py:1900} INFO - Created Permission View: can create on DAG Run:example_branch_python_operator_decorator
[2025-05-22T20:29:03.264+0000] {logging_mixin.py:190} INFO - [2025-05-22T20:29:03.264+0000] {override.py:1900} INFO - Created Permission View: can read on DAG Run:example_branch_python_operator_decorator
[2025-05-22T20:29:03.265+0000] {logging_mixin.py:190} INFO - [2025-05-22T20:29:03.265+0000] {dag.py:3239} INFO - Sync 1 DAGs
[2025-05-22T20:29:03.278+0000] {logging_mixin.py:190} INFO - [2025-05-22T20:29:03.277+0000] {dag.py:3262} INFO - Creating ORM DAG for example_branch_python_operator_decorator
[2025-05-22T20:29:03.286+0000] {logging_mixin.py:190} INFO - [2025-05-22T20:29:03.286+0000] {dag.py:4180} INFO - Setting next_dagrun for example_branch_python_operator_decorator to 2025-05-21 00:00:00+00:00, run_after=2025-05-22 00:00:00+00:00
[2025-05-22T20:29:03.301+0000] {processor.py:208} INFO - Processing /home/airflow/.local/lib/python3.12/site-packages/airflow/example_dags/example_branch_operator_decorator.py took 0.218 seconds
[2025-05-22T20:29:34.079+0000] {processor.py:186} INFO - Started process (PID=134) to work on /home/airflow/.local/lib/python3.12/site-packages/airflow/example_dags/example_branch_operator_decorator.py
[2025-05-22T20:29:34.080+0000] {processor.py:914} INFO - Processing file /home/airflow/.local/lib/python3.12/site-packages/airflow/example_dags/example_branch_operator_decorator.py for tasks to queue
[2025-05-22T20:29:34.081+0000] {logging_mixin.py:190} INFO - [2025-05-22T20:29:34.081+0000] {dagbag.py:588} INFO - Filling up the DagBag from /home/airflow/.local/lib/python3.12/site-packages/airflow/example_dags/example_branch_operator_decorator.py
[2025-05-22T20:29:34.092+0000] {processor.py:925} INFO - DAG(s) 'example_branch_python_operator_decorator' retrieved from /home/airflow/.local/lib/python3.12/site-packages/airflow/example_dags/example_branch_operator_decorator.py
[2025-05-22T20:29:34.107+0000] {logging_mixin.py:190} INFO - [2025-05-22T20:29:34.107+0000] {dag.py:3239} INFO - Sync 1 DAGs
[2025-05-22T20:29:34.122+0000] {logging_mixin.py:190} INFO - [2025-05-22T20:29:34.121+0000] {dag.py:4180} INFO - Setting next_dagrun for example_branch_python_operator_decorator to 2025-05-21 00:00:00+00:00, run_after=2025-05-22 00:00:00+00:00
[2025-05-22T20:29:34.137+0000] {processor.py:208} INFO - Processing /home/airflow/.local/lib/python3.12/site-packages/airflow/example_dags/example_branch_operator_decorator.py took 0.062 seconds
[2025-05-22T20:30:04.827+0000] {processor.py:186} INFO - Started process (PID=196) to work on /home/airflow/.local/lib/python3.12/site-packages/airflow/example_dags/example_branch_operator_decorator.py
[2025-05-22T20:30:04.828+0000] {processor.py:914} INFO - Processing file /home/airflow/.local/lib/python3.12/site-packages/airflow/example_dags/example_branch_operator_decorator.py for tasks to queue
[2025-05-22T20:30:04.830+0000] {logging_mixin.py:190} INFO - [2025-05-22T20:30:04.829+0000] {dagbag.py:588} INFO - Filling up the DagBag from /home/airflow/.local/lib/python3.12/site-packages/airflow/example_dags/example_branch_operator_decorator.py
[2025-05-22T20:30:04.845+0000] {processor.py:925} INFO - DAG(s) 'example_branch_python_operator_decorator' retrieved from /home/airflow/.local/lib/python3.12/site-packages/airflow/example_dags/example_branch_operator_decorator.py
[2025-05-22T20:30:04.861+0000] {logging_mixin.py:190} INFO - [2025-05-22T20:30:04.861+0000] {dag.py:3239} INFO - Sync 1 DAGs
[2025-05-22T20:30:04.878+0000] {logging_mixin.py:190} INFO - [2025-05-22T20:30:04.878+0000] {dag.py:4180} INFO - Setting next_dagrun for example_branch_python_operator_decorator to 2025-05-21 00:00:00+00:00, run_after=2025-05-22 00:00:00+00:00
[2025-05-22T20:30:04.891+0000] {processor.py:208} INFO - Processing /home/airflow/.local/lib/python3.12/site-packages/airflow/example_dags/example_branch_operator_decorator.py took 0.068 seconds
[2025-05-22T20:30:35.278+0000] {processor.py:186} INFO - Started process (PID=258) to work on /home/airflow/.local/lib/python3.12/site-packages/airflow/example_dags/example_branch_operator_decorator.py
[2025-05-22T20:30:35.279+0000] {processor.py:914} INFO - Processing file /home/airflow/.local/lib/python3.12/site-packages/airflow/example_dags/example_branch_operator_decorator.py for tasks to queue
[2025-05-22T20:30:35.281+0000] {logging_mixin.py:190} INFO - [2025-05-22T20:30:35.280+0000] {dagbag.py:588} INFO - Filling up the DagBag from /home/airflow/.local/lib/python3.12/site-packages/airflow/example_dags/example_branch_operator_decorator.py
[2025-05-22T20:30:35.291+0000] {processor.py:925} INFO - DAG(s) 'example_branch_python_operator_decorator' retrieved from /home/airflow/.local/lib/python3.12/site-packages/airflow/example_dags/example_branch_operator_decorator.py
[2025-05-22T20:30:35.307+0000] {logging_mixin.py:190} INFO - [2025-05-22T20:30:35.307+0000] {dag.py:3239} INFO - Sync 1 DAGs
[2025-05-22T20:30:35.322+0000] {logging_mixin.py:190} INFO - [2025-05-22T20:30:35.322+0000] {dag.py:4180} INFO - Setting next_dagrun for example_branch_python_operator_decorator to 2025-05-21 00:00:00+00:00, run_after=2025-05-22 00:00:00+00:00
[2025-05-22T20:30:35.331+0000] {processor.py:208} INFO - Processing /home/airflow/.local/lib/python3.12/site-packages/airflow/example_dags/example_branch_operator_decorator.py took 0.056 seconds
