[2025-05-22T20:29:06.740+0000] {processor.py:186} INFO - Started process (PID=100) to work on /home/airflow/.local/lib/python3.12/site-packages/airflow/example_dags/example_sensors.py
[2025-05-22T20:29:06.741+0000] {processor.py:914} INFO - Processing file /home/airflow/.local/lib/python3.12/site-packages/airflow/example_dags/example_sensors.py for tasks to queue
[2025-05-22T20:29:06.748+0000] {logging_mixin.py:190} INFO - [2025-05-22T20:29:06.748+0000] {dagbag.py:588} INFO - Filling up the DagBag from /home/airflow/.local/lib/python3.12/site-packages/airflow/example_dags/example_sensors.py
[2025-05-22T20:29:06.755+0000] {processor.py:925} INFO - DAG(s) 'example_sensors' retrieved from /home/airflow/.local/lib/python3.12/site-packages/airflow/example_dags/example_sensors.py
[2025-05-22T20:29:06.840+0000] {logging_mixin.py:190} INFO - [2025-05-22T20:29:06.839+0000] {override.py:1900} INFO - Created Permission View: can edit on DAG:example_sensors
[2025-05-22T20:29:06.846+0000] {logging_mixin.py:190} INFO - [2025-05-22T20:29:06.846+0000] {override.py:1900} INFO - Created Permission View: can delete on DAG:example_sensors
[2025-05-22T20:29:06.850+0000] {logging_mixin.py:190} INFO - [2025-05-22T20:29:06.850+0000] {override.py:1900} INFO - Created Permission View: can read on DAG:example_sensors
[2025-05-22T20:29:06.854+0000] {logging_mixin.py:190} INFO - [2025-05-22T20:29:06.854+0000] {override.py:1900} INFO - Created Permission View: menu access on DAG Run:example_sensors
[2025-05-22T20:29:06.858+0000] {logging_mixin.py:190} INFO - [2025-05-22T20:29:06.858+0000] {override.py:1900} INFO - Created Permission View: can delete on DAG Run:example_sensors
[2025-05-22T20:29:06.862+0000] {logging_mixin.py:190} INFO - [2025-05-22T20:29:06.862+0000] {override.py:1900} INFO - Created Permission View: can create on DAG Run:example_sensors
[2025-05-22T20:29:06.864+0000] {logging_mixin.py:190} INFO - [2025-05-22T20:29:06.864+0000] {override.py:1900} INFO - Created Permission View: can read on DAG Run:example_sensors
[2025-05-22T20:29:06.864+0000] {logging_mixin.py:190} INFO - [2025-05-22T20:29:06.864+0000] {dag.py:3239} INFO - Sync 1 DAGs
[2025-05-22T20:29:06.872+0000] {logging_mixin.py:190} INFO - [2025-05-22T20:29:06.872+0000] {dag.py:3262} INFO - Creating ORM DAG for example_sensors
[2025-05-22T20:29:06.872+0000] {logging_mixin.py:190} INFO - [2025-05-22T20:29:06.872+0000] {dag.py:4180} INFO - Setting next_dagrun for example_sensors to None, run_after=None
[2025-05-22T20:29:06.891+0000] {processor.py:208} INFO - Processing /home/airflow/.local/lib/python3.12/site-packages/airflow/example_dags/example_sensors.py took 0.155 seconds
[2025-05-22T20:29:37.697+0000] {processor.py:186} INFO - Started process (PID=161) to work on /home/airflow/.local/lib/python3.12/site-packages/airflow/example_dags/example_sensors.py
[2025-05-22T20:29:37.698+0000] {processor.py:914} INFO - Processing file /home/airflow/.local/lib/python3.12/site-packages/airflow/example_dags/example_sensors.py for tasks to queue
[2025-05-22T20:29:37.700+0000] {logging_mixin.py:190} INFO - [2025-05-22T20:29:37.700+0000] {dagbag.py:588} INFO - Filling up the DagBag from /home/airflow/.local/lib/python3.12/site-packages/airflow/example_dags/example_sensors.py
[2025-05-22T20:29:37.710+0000] {processor.py:925} INFO - DAG(s) 'example_sensors' retrieved from /home/airflow/.local/lib/python3.12/site-packages/airflow/example_dags/example_sensors.py
[2025-05-22T20:29:37.736+0000] {logging_mixin.py:190} INFO - [2025-05-22T20:29:37.736+0000] {dag.py:3239} INFO - Sync 1 DAGs
[2025-05-22T20:29:37.745+0000] {logging_mixin.py:190} INFO - [2025-05-22T20:29:37.745+0000] {dag.py:4180} INFO - Setting next_dagrun for example_sensors to None, run_after=None
[2025-05-22T20:29:37.756+0000] {processor.py:208} INFO - Processing /home/airflow/.local/lib/python3.12/site-packages/airflow/example_dags/example_sensors.py took 0.062 seconds
[2025-05-22T20:30:08.115+0000] {processor.py:186} INFO - Started process (PID=223) to work on /home/airflow/.local/lib/python3.12/site-packages/airflow/example_dags/example_sensors.py
[2025-05-22T20:30:08.118+0000] {processor.py:914} INFO - Processing file /home/airflow/.local/lib/python3.12/site-packages/airflow/example_dags/example_sensors.py for tasks to queue
[2025-05-22T20:30:08.122+0000] {logging_mixin.py:190} INFO - [2025-05-22T20:30:08.122+0000] {dagbag.py:588} INFO - Filling up the DagBag from /home/airflow/.local/lib/python3.12/site-packages/airflow/example_dags/example_sensors.py
[2025-05-22T20:30:08.129+0000] {processor.py:925} INFO - DAG(s) 'example_sensors' retrieved from /home/airflow/.local/lib/python3.12/site-packages/airflow/example_dags/example_sensors.py
[2025-05-22T20:30:08.144+0000] {logging_mixin.py:190} INFO - [2025-05-22T20:30:08.144+0000] {dag.py:3239} INFO - Sync 1 DAGs
[2025-05-22T20:30:08.154+0000] {logging_mixin.py:190} INFO - [2025-05-22T20:30:08.154+0000] {dag.py:4180} INFO - Setting next_dagrun for example_sensors to None, run_after=None
[2025-05-22T20:30:08.164+0000] {processor.py:208} INFO - Processing /home/airflow/.local/lib/python3.12/site-packages/airflow/example_dags/example_sensors.py took 0.052 seconds
[2025-05-22T20:30:38.638+0000] {processor.py:186} INFO - Started process (PID=285) to work on /home/airflow/.local/lib/python3.12/site-packages/airflow/example_dags/example_sensors.py
[2025-05-22T20:30:38.639+0000] {processor.py:914} INFO - Processing file /home/airflow/.local/lib/python3.12/site-packages/airflow/example_dags/example_sensors.py for tasks to queue
[2025-05-22T20:30:38.640+0000] {logging_mixin.py:190} INFO - [2025-05-22T20:30:38.640+0000] {dagbag.py:588} INFO - Filling up the DagBag from /home/airflow/.local/lib/python3.12/site-packages/airflow/example_dags/example_sensors.py
[2025-05-22T20:30:38.646+0000] {processor.py:925} INFO - DAG(s) 'example_sensors' retrieved from /home/airflow/.local/lib/python3.12/site-packages/airflow/example_dags/example_sensors.py
[2025-05-22T20:30:38.660+0000] {logging_mixin.py:190} INFO - [2025-05-22T20:30:38.660+0000] {dag.py:3239} INFO - Sync 1 DAGs
[2025-05-22T20:30:38.667+0000] {logging_mixin.py:190} INFO - [2025-05-22T20:30:38.666+0000] {dag.py:4180} INFO - Setting next_dagrun for example_sensors to None, run_after=None
[2025-05-22T20:30:38.680+0000] {processor.py:208} INFO - Processing /home/airflow/.local/lib/python3.12/site-packages/airflow/example_dags/example_sensors.py took 0.045 seconds
