[2025-05-22T20:29:06.642+0000] {processor.py:186} INFO - Started process (PID=99) to work on /home/airflow/.local/lib/python3.12/site-packages/airflow/example_dags/example_dataset_alias_with_no_taskflow.py
[2025-05-22T20:29:06.645+0000] {processor.py:914} INFO - Processing file /home/airflow/.local/lib/python3.12/site-packages/airflow/example_dags/example_dataset_alias_with_no_taskflow.py for tasks to queue
[2025-05-22T20:29:06.649+0000] {logging_mixin.py:190} INFO - [2025-05-22T20:29:06.648+0000] {dagbag.py:588} INFO - Filling up the DagBag from /home/airflow/.local/lib/python3.12/site-packages/airflow/example_dags/example_dataset_alias_with_no_taskflow.py
[2025-05-22T20:29:06.794+0000] {processor.py:925} INFO - DAG(s) 'dataset_s3_bucket_consumer_with_no_taskflow', 'dataset_s3_bucket_producer_with_no_taskflow', 'dataset_alias_example_alias_producer_with_no_taskflow', 'dataset_alias_example_alias_consumer_with_no_taskflow' retrieved from /home/airflow/.local/lib/python3.12/site-packages/airflow/example_dags/example_dataset_alias_with_no_taskflow.py
[2025-05-22T20:29:06.850+0000] {logging_mixin.py:190} INFO - [2025-05-22T20:29:06.849+0000] {override.py:1900} INFO - Created Permission View: can edit on DAG:dataset_s3_bucket_consumer_with_no_taskflow
[2025-05-22T20:29:06.855+0000] {logging_mixin.py:190} INFO - [2025-05-22T20:29:06.855+0000] {override.py:1900} INFO - Created Permission View: can delete on DAG:dataset_s3_bucket_consumer_with_no_taskflow
[2025-05-22T20:29:06.859+0000] {logging_mixin.py:190} INFO - [2025-05-22T20:29:06.859+0000] {override.py:1900} INFO - Created Permission View: can read on DAG:dataset_s3_bucket_consumer_with_no_taskflow
[2025-05-22T20:29:06.862+0000] {logging_mixin.py:190} INFO - [2025-05-22T20:29:06.862+0000] {override.py:1900} INFO - Created Permission View: menu access on DAG Run:dataset_s3_bucket_consumer_with_no_taskflow
[2025-05-22T20:29:06.865+0000] {logging_mixin.py:190} INFO - [2025-05-22T20:29:06.865+0000] {override.py:1900} INFO - Created Permission View: can delete on DAG Run:dataset_s3_bucket_consumer_with_no_taskflow
[2025-05-22T20:29:06.868+0000] {logging_mixin.py:190} INFO - [2025-05-22T20:29:06.868+0000] {override.py:1900} INFO - Created Permission View: can create on DAG Run:dataset_s3_bucket_consumer_with_no_taskflow
[2025-05-22T20:29:06.872+0000] {logging_mixin.py:190} INFO - [2025-05-22T20:29:06.872+0000] {override.py:1900} INFO - Created Permission View: can read on DAG Run:dataset_s3_bucket_consumer_with_no_taskflow
[2025-05-22T20:29:06.879+0000] {logging_mixin.py:190} INFO - [2025-05-22T20:29:06.879+0000] {override.py:1900} INFO - Created Permission View: can edit on DAG:dataset_s3_bucket_producer_with_no_taskflow
[2025-05-22T20:29:06.883+0000] {logging_mixin.py:190} INFO - [2025-05-22T20:29:06.883+0000] {override.py:1900} INFO - Created Permission View: can delete on DAG:dataset_s3_bucket_producer_with_no_taskflow
[2025-05-22T20:29:06.892+0000] {logging_mixin.py:190} INFO - [2025-05-22T20:29:06.892+0000] {override.py:1900} INFO - Created Permission View: can read on DAG:dataset_s3_bucket_producer_with_no_taskflow
[2025-05-22T20:29:06.902+0000] {logging_mixin.py:190} INFO - [2025-05-22T20:29:06.902+0000] {override.py:1900} INFO - Created Permission View: menu access on DAG Run:dataset_s3_bucket_producer_with_no_taskflow
[2025-05-22T20:29:06.908+0000] {logging_mixin.py:190} INFO - [2025-05-22T20:29:06.908+0000] {override.py:1900} INFO - Created Permission View: can delete on DAG Run:dataset_s3_bucket_producer_with_no_taskflow
[2025-05-22T20:29:06.911+0000] {logging_mixin.py:190} INFO - [2025-05-22T20:29:06.911+0000] {override.py:1900} INFO - Created Permission View: can create on DAG Run:dataset_s3_bucket_producer_with_no_taskflow
[2025-05-22T20:29:06.920+0000] {logging_mixin.py:190} INFO - [2025-05-22T20:29:06.919+0000] {override.py:1900} INFO - Created Permission View: can read on DAG Run:dataset_s3_bucket_producer_with_no_taskflow
[2025-05-22T20:29:06.960+0000] {logging_mixin.py:190} INFO - [2025-05-22T20:29:06.960+0000] {override.py:1900} INFO - Created Permission View: can edit on DAG:dataset_alias_example_alias_producer_with_no_taskflow
[2025-05-22T20:29:06.982+0000] {logging_mixin.py:190} INFO - [2025-05-22T20:29:06.981+0000] {override.py:1900} INFO - Created Permission View: can delete on DAG:dataset_alias_example_alias_producer_with_no_taskflow
[2025-05-22T20:29:06.986+0000] {logging_mixin.py:190} INFO - [2025-05-22T20:29:06.986+0000] {override.py:1900} INFO - Created Permission View: can read on DAG:dataset_alias_example_alias_producer_with_no_taskflow
[2025-05-22T20:29:07.000+0000] {logging_mixin.py:190} INFO - [2025-05-22T20:29:07.000+0000] {override.py:1900} INFO - Created Permission View: menu access on DAG Run:dataset_alias_example_alias_producer_with_no_taskflow
[2025-05-22T20:29:07.004+0000] {logging_mixin.py:190} INFO - [2025-05-22T20:29:07.004+0000] {override.py:1900} INFO - Created Permission View: can delete on DAG Run:dataset_alias_example_alias_producer_with_no_taskflow
[2025-05-22T20:29:07.008+0000] {logging_mixin.py:190} INFO - [2025-05-22T20:29:07.008+0000] {override.py:1900} INFO - Created Permission View: can create on DAG Run:dataset_alias_example_alias_producer_with_no_taskflow
[2025-05-22T20:29:07.011+0000] {logging_mixin.py:190} INFO - [2025-05-22T20:29:07.011+0000] {override.py:1900} INFO - Created Permission View: can read on DAG Run:dataset_alias_example_alias_producer_with_no_taskflow
[2025-05-22T20:29:07.017+0000] {logging_mixin.py:190} INFO - [2025-05-22T20:29:07.017+0000] {override.py:1900} INFO - Created Permission View: can edit on DAG:dataset_alias_example_alias_consumer_with_no_taskflow
[2025-05-22T20:29:07.019+0000] {logging_mixin.py:190} INFO - [2025-05-22T20:29:07.019+0000] {override.py:1900} INFO - Created Permission View: can delete on DAG:dataset_alias_example_alias_consumer_with_no_taskflow
[2025-05-22T20:29:07.022+0000] {logging_mixin.py:190} INFO - [2025-05-22T20:29:07.022+0000] {override.py:1900} INFO - Created Permission View: can read on DAG:dataset_alias_example_alias_consumer_with_no_taskflow
[2025-05-22T20:29:07.025+0000] {logging_mixin.py:190} INFO - [2025-05-22T20:29:07.025+0000] {override.py:1900} INFO - Created Permission View: menu access on DAG Run:dataset_alias_example_alias_consumer_with_no_taskflow
[2025-05-22T20:29:07.027+0000] {logging_mixin.py:190} INFO - [2025-05-22T20:29:07.027+0000] {override.py:1900} INFO - Created Permission View: can delete on DAG Run:dataset_alias_example_alias_consumer_with_no_taskflow
[2025-05-22T20:29:07.030+0000] {logging_mixin.py:190} INFO - [2025-05-22T20:29:07.030+0000] {override.py:1900} INFO - Created Permission View: can create on DAG Run:dataset_alias_example_alias_consumer_with_no_taskflow
[2025-05-22T20:29:07.033+0000] {logging_mixin.py:190} INFO - [2025-05-22T20:29:07.033+0000] {override.py:1900} INFO - Created Permission View: can read on DAG Run:dataset_alias_example_alias_consumer_with_no_taskflow
[2025-05-22T20:29:07.033+0000] {logging_mixin.py:190} INFO - [2025-05-22T20:29:07.033+0000] {dag.py:3239} INFO - Sync 4 DAGs
[2025-05-22T20:29:07.045+0000] {logging_mixin.py:190} INFO - [2025-05-22T20:29:07.045+0000] {dag.py:3262} INFO - Creating ORM DAG for dataset_alias_example_alias_consumer_with_no_taskflow
[2025-05-22T20:29:07.046+0000] {logging_mixin.py:190} INFO - [2025-05-22T20:29:07.046+0000] {dag.py:3262} INFO - Creating ORM DAG for dataset_alias_example_alias_producer_with_no_taskflow
[2025-05-22T20:29:07.046+0000] {logging_mixin.py:190} INFO - [2025-05-22T20:29:07.046+0000] {dag.py:3262} INFO - Creating ORM DAG for dataset_s3_bucket_consumer_with_no_taskflow
[2025-05-22T20:29:07.046+0000] {logging_mixin.py:190} INFO - [2025-05-22T20:29:07.046+0000] {dag.py:3262} INFO - Creating ORM DAG for dataset_s3_bucket_producer_with_no_taskflow
[2025-05-22T20:29:07.053+0000] {logging_mixin.py:190} INFO - [2025-05-22T20:29:07.052+0000] {dag.py:4180} INFO - Setting next_dagrun for dataset_alias_example_alias_consumer_with_no_taskflow to None, run_after=None
[2025-05-22T20:29:07.053+0000] {logging_mixin.py:190} INFO - [2025-05-22T20:29:07.053+0000] {dag.py:4180} INFO - Setting next_dagrun for dataset_alias_example_alias_producer_with_no_taskflow to None, run_after=None
[2025-05-22T20:29:07.053+0000] {logging_mixin.py:190} INFO - [2025-05-22T20:29:07.053+0000] {dag.py:4180} INFO - Setting next_dagrun for dataset_s3_bucket_consumer_with_no_taskflow to None, run_after=None
[2025-05-22T20:29:07.054+0000] {logging_mixin.py:190} INFO - [2025-05-22T20:29:07.054+0000] {dag.py:4180} INFO - Setting next_dagrun for dataset_s3_bucket_producer_with_no_taskflow to None, run_after=None
[2025-05-22T20:29:07.070+0000] {processor.py:208} INFO - Processing /home/airflow/.local/lib/python3.12/site-packages/airflow/example_dags/example_dataset_alias_with_no_taskflow.py took 0.431 seconds
[2025-05-22T20:29:37.783+0000] {processor.py:186} INFO - Started process (PID=162) to work on /home/airflow/.local/lib/python3.12/site-packages/airflow/example_dags/example_dataset_alias_with_no_taskflow.py
[2025-05-22T20:29:37.784+0000] {processor.py:914} INFO - Processing file /home/airflow/.local/lib/python3.12/site-packages/airflow/example_dags/example_dataset_alias_with_no_taskflow.py for tasks to queue
[2025-05-22T20:29:37.785+0000] {logging_mixin.py:190} INFO - [2025-05-22T20:29:37.785+0000] {dagbag.py:588} INFO - Filling up the DagBag from /home/airflow/.local/lib/python3.12/site-packages/airflow/example_dags/example_dataset_alias_with_no_taskflow.py
[2025-05-22T20:29:38.064+0000] {processor.py:925} INFO - DAG(s) 'dataset_s3_bucket_consumer_with_no_taskflow', 'dataset_alias_example_alias_consumer_with_no_taskflow', 'dataset_s3_bucket_producer_with_no_taskflow', 'dataset_alias_example_alias_producer_with_no_taskflow' retrieved from /home/airflow/.local/lib/python3.12/site-packages/airflow/example_dags/example_dataset_alias_with_no_taskflow.py
[2025-05-22T20:29:38.082+0000] {logging_mixin.py:190} INFO - [2025-05-22T20:29:38.082+0000] {dag.py:3239} INFO - Sync 4 DAGs
[2025-05-22T20:29:38.107+0000] {logging_mixin.py:190} INFO - [2025-05-22T20:29:38.107+0000] {dag.py:4180} INFO - Setting next_dagrun for dataset_alias_example_alias_consumer_with_no_taskflow to None, run_after=None
[2025-05-22T20:29:38.109+0000] {logging_mixin.py:190} INFO - [2025-05-22T20:29:38.109+0000] {dag.py:4180} INFO - Setting next_dagrun for dataset_alias_example_alias_producer_with_no_taskflow to None, run_after=None
[2025-05-22T20:29:38.110+0000] {logging_mixin.py:190} INFO - [2025-05-22T20:29:38.110+0000] {dag.py:4180} INFO - Setting next_dagrun for dataset_s3_bucket_consumer_with_no_taskflow to None, run_after=None
[2025-05-22T20:29:38.111+0000] {logging_mixin.py:190} INFO - [2025-05-22T20:29:38.111+0000] {dag.py:4180} INFO - Setting next_dagrun for dataset_s3_bucket_producer_with_no_taskflow to None, run_after=None
[2025-05-22T20:29:38.126+0000] {processor.py:208} INFO - Processing /home/airflow/.local/lib/python3.12/site-packages/airflow/example_dags/example_dataset_alias_with_no_taskflow.py took 0.348 seconds
[2025-05-22T20:30:08.160+0000] {processor.py:186} INFO - Started process (PID=224) to work on /home/airflow/.local/lib/python3.12/site-packages/airflow/example_dags/example_dataset_alias_with_no_taskflow.py
[2025-05-22T20:30:08.161+0000] {processor.py:914} INFO - Processing file /home/airflow/.local/lib/python3.12/site-packages/airflow/example_dags/example_dataset_alias_with_no_taskflow.py for tasks to queue
[2025-05-22T20:30:08.162+0000] {logging_mixin.py:190} INFO - [2025-05-22T20:30:08.162+0000] {dagbag.py:588} INFO - Filling up the DagBag from /home/airflow/.local/lib/python3.12/site-packages/airflow/example_dags/example_dataset_alias_with_no_taskflow.py
[2025-05-22T20:30:08.411+0000] {processor.py:925} INFO - DAG(s) 'dataset_alias_example_alias_producer_with_no_taskflow', 'dataset_s3_bucket_consumer_with_no_taskflow', 'dataset_alias_example_alias_consumer_with_no_taskflow', 'dataset_s3_bucket_producer_with_no_taskflow' retrieved from /home/airflow/.local/lib/python3.12/site-packages/airflow/example_dags/example_dataset_alias_with_no_taskflow.py
[2025-05-22T20:30:08.426+0000] {logging_mixin.py:190} INFO - [2025-05-22T20:30:08.425+0000] {dag.py:3239} INFO - Sync 4 DAGs
[2025-05-22T20:30:08.465+0000] {logging_mixin.py:190} INFO - [2025-05-22T20:30:08.464+0000] {dag.py:4180} INFO - Setting next_dagrun for dataset_alias_example_alias_consumer_with_no_taskflow to None, run_after=None
[2025-05-22T20:30:08.470+0000] {logging_mixin.py:190} INFO - [2025-05-22T20:30:08.469+0000] {dag.py:4180} INFO - Setting next_dagrun for dataset_alias_example_alias_producer_with_no_taskflow to None, run_after=None
[2025-05-22T20:30:08.471+0000] {logging_mixin.py:190} INFO - [2025-05-22T20:30:08.471+0000] {dag.py:4180} INFO - Setting next_dagrun for dataset_s3_bucket_consumer_with_no_taskflow to None, run_after=None
[2025-05-22T20:30:08.472+0000] {logging_mixin.py:190} INFO - [2025-05-22T20:30:08.472+0000] {dag.py:4180} INFO - Setting next_dagrun for dataset_s3_bucket_producer_with_no_taskflow to None, run_after=None
[2025-05-22T20:30:08.490+0000] {processor.py:208} INFO - Processing /home/airflow/.local/lib/python3.12/site-packages/airflow/example_dags/example_dataset_alias_with_no_taskflow.py took 0.333 seconds
[2025-05-22T20:30:38.683+0000] {processor.py:186} INFO - Started process (PID=286) to work on /home/airflow/.local/lib/python3.12/site-packages/airflow/example_dags/example_dataset_alias_with_no_taskflow.py
[2025-05-22T20:30:38.684+0000] {processor.py:914} INFO - Processing file /home/airflow/.local/lib/python3.12/site-packages/airflow/example_dags/example_dataset_alias_with_no_taskflow.py for tasks to queue
[2025-05-22T20:30:38.686+0000] {logging_mixin.py:190} INFO - [2025-05-22T20:30:38.685+0000] {dagbag.py:588} INFO - Filling up the DagBag from /home/airflow/.local/lib/python3.12/site-packages/airflow/example_dags/example_dataset_alias_with_no_taskflow.py
[2025-05-22T20:30:38.826+0000] {processor.py:925} INFO - DAG(s) 'dataset_s3_bucket_producer_with_no_taskflow', 'dataset_alias_example_alias_producer_with_no_taskflow', 'dataset_s3_bucket_consumer_with_no_taskflow', 'dataset_alias_example_alias_consumer_with_no_taskflow' retrieved from /home/airflow/.local/lib/python3.12/site-packages/airflow/example_dags/example_dataset_alias_with_no_taskflow.py
[2025-05-22T20:30:38.839+0000] {logging_mixin.py:190} INFO - [2025-05-22T20:30:38.839+0000] {dag.py:3239} INFO - Sync 4 DAGs
[2025-05-22T20:30:38.855+0000] {logging_mixin.py:190} INFO - [2025-05-22T20:30:38.855+0000] {dag.py:4180} INFO - Setting next_dagrun for dataset_alias_example_alias_consumer_with_no_taskflow to None, run_after=None
[2025-05-22T20:30:38.856+0000] {logging_mixin.py:190} INFO - [2025-05-22T20:30:38.856+0000] {dag.py:4180} INFO - Setting next_dagrun for dataset_alias_example_alias_producer_with_no_taskflow to None, run_after=None
[2025-05-22T20:30:38.857+0000] {logging_mixin.py:190} INFO - [2025-05-22T20:30:38.857+0000] {dag.py:4180} INFO - Setting next_dagrun for dataset_s3_bucket_consumer_with_no_taskflow to None, run_after=None
[2025-05-22T20:30:38.857+0000] {logging_mixin.py:190} INFO - [2025-05-22T20:30:38.857+0000] {dag.py:4180} INFO - Setting next_dagrun for dataset_s3_bucket_producer_with_no_taskflow to None, run_after=None
[2025-05-22T20:30:38.868+0000] {processor.py:208} INFO - Processing /home/airflow/.local/lib/python3.12/site-packages/airflow/example_dags/example_dataset_alias_with_no_taskflow.py took 0.188 seconds
