[2025-05-22T20:29:03.325+0000] {processor.py:186} INFO - Started process (PID=74) to work on /home/airflow/.local/lib/python3.12/site-packages/airflow/example_dags/example_python_decorator.py
[2025-05-22T20:29:03.326+0000] {processor.py:914} INFO - Processing file /home/airflow/.local/lib/python3.12/site-packages/airflow/example_dags/example_python_decorator.py for tasks to queue
[2025-05-22T20:29:03.327+0000] {logging_mixin.py:190} INFO - [2025-05-22T20:29:03.327+0000] {dagbag.py:588} INFO - Filling up the DagBag from /home/airflow/.local/lib/python3.12/site-packages/airflow/example_dags/example_python_decorator.py
[2025-05-22T20:29:03.339+0000] {processor.py:925} INFO - DAG(s) 'example_python_decorator' retrieved from /home/airflow/.local/lib/python3.12/site-packages/airflow/example_dags/example_python_decorator.py
[2025-05-22T20:29:03.415+0000] {logging_mixin.py:190} INFO - [2025-05-22T20:29:03.414+0000] {override.py:1900} INFO - Created Permission View: can edit on DAG:example_python_decorator
[2025-05-22T20:29:03.423+0000] {logging_mixin.py:190} INFO - [2025-05-22T20:29:03.422+0000] {override.py:1900} INFO - Created Permission View: can delete on DAG:example_python_decorator
[2025-05-22T20:29:03.428+0000] {logging_mixin.py:190} INFO - [2025-05-22T20:29:03.428+0000] {override.py:1900} INFO - Created Permission View: can read on DAG:example_python_decorator
[2025-05-22T20:29:03.434+0000] {logging_mixin.py:190} INFO - [2025-05-22T20:29:03.434+0000] {override.py:1900} INFO - Created Permission View: menu access on DAG Run:example_python_decorator
[2025-05-22T20:29:03.441+0000] {logging_mixin.py:190} INFO - [2025-05-22T20:29:03.441+0000] {override.py:1900} INFO - Created Permission View: can delete on DAG Run:example_python_decorator
[2025-05-22T20:29:03.445+0000] {logging_mixin.py:190} INFO - [2025-05-22T20:29:03.445+0000] {override.py:1900} INFO - Created Permission View: can create on DAG Run:example_python_decorator
[2025-05-22T20:29:03.448+0000] {logging_mixin.py:190} INFO - [2025-05-22T20:29:03.448+0000] {override.py:1900} INFO - Created Permission View: can read on DAG Run:example_python_decorator
[2025-05-22T20:29:03.448+0000] {logging_mixin.py:190} INFO - [2025-05-22T20:29:03.448+0000] {dag.py:3239} INFO - Sync 1 DAGs
[2025-05-22T20:29:03.456+0000] {logging_mixin.py:190} INFO - [2025-05-22T20:29:03.456+0000] {dag.py:3262} INFO - Creating ORM DAG for example_python_decorator
[2025-05-22T20:29:03.456+0000] {logging_mixin.py:190} INFO - [2025-05-22T20:29:03.456+0000] {dag.py:4180} INFO - Setting next_dagrun for example_python_decorator to None, run_after=None
[2025-05-22T20:29:03.473+0000] {processor.py:208} INFO - Processing /home/airflow/.local/lib/python3.12/site-packages/airflow/example_dags/example_python_decorator.py took 0.152 seconds
[2025-05-22T20:29:34.166+0000] {processor.py:186} INFO - Started process (PID=136) to work on /home/airflow/.local/lib/python3.12/site-packages/airflow/example_dags/example_python_decorator.py
[2025-05-22T20:29:34.168+0000] {processor.py:914} INFO - Processing file /home/airflow/.local/lib/python3.12/site-packages/airflow/example_dags/example_python_decorator.py for tasks to queue
[2025-05-22T20:29:34.170+0000] {logging_mixin.py:190} INFO - [2025-05-22T20:29:34.170+0000] {dagbag.py:588} INFO - Filling up the DagBag from /home/airflow/.local/lib/python3.12/site-packages/airflow/example_dags/example_python_decorator.py
[2025-05-22T20:29:34.182+0000] {processor.py:925} INFO - DAG(s) 'example_python_decorator' retrieved from /home/airflow/.local/lib/python3.12/site-packages/airflow/example_dags/example_python_decorator.py
[2025-05-22T20:29:34.193+0000] {logging_mixin.py:190} INFO - [2025-05-22T20:29:34.193+0000] {dag.py:3239} INFO - Sync 1 DAGs
[2025-05-22T20:29:34.201+0000] {logging_mixin.py:190} INFO - [2025-05-22T20:29:34.200+0000] {dag.py:4180} INFO - Setting next_dagrun for example_python_decorator to None, run_after=None
[2025-05-22T20:29:34.209+0000] {processor.py:208} INFO - Processing /home/airflow/.local/lib/python3.12/site-packages/airflow/example_dags/example_python_decorator.py took 0.056 seconds
[2025-05-22T20:30:04.917+0000] {processor.py:186} INFO - Started process (PID=198) to work on /home/airflow/.local/lib/python3.12/site-packages/airflow/example_dags/example_python_decorator.py
[2025-05-22T20:30:04.917+0000] {processor.py:914} INFO - Processing file /home/airflow/.local/lib/python3.12/site-packages/airflow/example_dags/example_python_decorator.py for tasks to queue
[2025-05-22T20:30:04.919+0000] {logging_mixin.py:190} INFO - [2025-05-22T20:30:04.919+0000] {dagbag.py:588} INFO - Filling up the DagBag from /home/airflow/.local/lib/python3.12/site-packages/airflow/example_dags/example_python_decorator.py
[2025-05-22T20:30:04.929+0000] {processor.py:925} INFO - DAG(s) 'example_python_decorator' retrieved from /home/airflow/.local/lib/python3.12/site-packages/airflow/example_dags/example_python_decorator.py
[2025-05-22T20:30:04.941+0000] {logging_mixin.py:190} INFO - [2025-05-22T20:30:04.941+0000] {dag.py:3239} INFO - Sync 1 DAGs
[2025-05-22T20:30:04.948+0000] {logging_mixin.py:190} INFO - [2025-05-22T20:30:04.948+0000] {dag.py:4180} INFO - Setting next_dagrun for example_python_decorator to None, run_after=None
[2025-05-22T20:30:04.957+0000] {processor.py:208} INFO - Processing /home/airflow/.local/lib/python3.12/site-packages/airflow/example_dags/example_python_decorator.py took 0.043 seconds
[2025-05-22T20:30:35.346+0000] {processor.py:186} INFO - Started process (PID=260) to work on /home/airflow/.local/lib/python3.12/site-packages/airflow/example_dags/example_python_decorator.py
[2025-05-22T20:30:35.347+0000] {processor.py:914} INFO - Processing file /home/airflow/.local/lib/python3.12/site-packages/airflow/example_dags/example_python_decorator.py for tasks to queue
[2025-05-22T20:30:35.348+0000] {logging_mixin.py:190} INFO - [2025-05-22T20:30:35.348+0000] {dagbag.py:588} INFO - Filling up the DagBag from /home/airflow/.local/lib/python3.12/site-packages/airflow/example_dags/example_python_decorator.py
[2025-05-22T20:30:35.354+0000] {processor.py:925} INFO - DAG(s) 'example_python_decorator' retrieved from /home/airflow/.local/lib/python3.12/site-packages/airflow/example_dags/example_python_decorator.py
[2025-05-22T20:30:35.369+0000] {logging_mixin.py:190} INFO - [2025-05-22T20:30:35.368+0000] {dag.py:3239} INFO - Sync 1 DAGs
[2025-05-22T20:30:35.377+0000] {logging_mixin.py:190} INFO - [2025-05-22T20:30:35.377+0000] {dag.py:4180} INFO - Setting next_dagrun for example_python_decorator to None, run_after=None
[2025-05-22T20:30:35.385+0000] {processor.py:208} INFO - Processing /home/airflow/.local/lib/python3.12/site-packages/airflow/example_dags/example_python_decorator.py took 0.042 seconds
