[2025-05-22T20:29:04.212+0000] {processor.py:186} INFO - Started process (PID=81) to work on /home/airflow/.local/lib/python3.12/site-packages/airflow/example_dags/example_params_ui_tutorial.py
[2025-05-22T20:29:04.213+0000] {processor.py:914} INFO - Processing file /home/airflow/.local/lib/python3.12/site-packages/airflow/example_dags/example_params_ui_tutorial.py for tasks to queue
[2025-05-22T20:29:04.215+0000] {logging_mixin.py:190} INFO - [2025-05-22T20:29:04.214+0000] {dagbag.py:588} INFO - Filling up the DagBag from /home/airflow/.local/lib/python3.12/site-packages/airflow/example_dags/example_params_ui_tutorial.py
[2025-05-22T20:29:04.223+0000] {processor.py:925} INFO - DAG(s) 'example_params_ui_tutorial' retrieved from /home/airflow/.local/lib/python3.12/site-packages/airflow/example_dags/example_params_ui_tutorial.py
[2025-05-22T20:29:04.335+0000] {logging_mixin.py:190} INFO - [2025-05-22T20:29:04.335+0000] {override.py:1900} INFO - Created Permission View: can edit on DAG:example_params_ui_tutorial
[2025-05-22T20:29:04.345+0000] {logging_mixin.py:190} INFO - [2025-05-22T20:29:04.345+0000] {override.py:1900} INFO - Created Permission View: can delete on DAG:example_params_ui_tutorial
[2025-05-22T20:29:04.358+0000] {logging_mixin.py:190} INFO - [2025-05-22T20:29:04.358+0000] {override.py:1900} INFO - Created Permission View: can read on DAG:example_params_ui_tutorial
[2025-05-22T20:29:04.373+0000] {logging_mixin.py:190} INFO - [2025-05-22T20:29:04.372+0000] {override.py:1900} INFO - Created Permission View: menu access on DAG Run:example_params_ui_tutorial
[2025-05-22T20:29:04.380+0000] {logging_mixin.py:190} INFO - [2025-05-22T20:29:04.380+0000] {override.py:1900} INFO - Created Permission View: can delete on DAG Run:example_params_ui_tutorial
[2025-05-22T20:29:04.385+0000] {logging_mixin.py:190} INFO - [2025-05-22T20:29:04.385+0000] {override.py:1900} INFO - Created Permission View: can create on DAG Run:example_params_ui_tutorial
[2025-05-22T20:29:04.389+0000] {logging_mixin.py:190} INFO - [2025-05-22T20:29:04.389+0000] {override.py:1900} INFO - Created Permission View: can read on DAG Run:example_params_ui_tutorial
[2025-05-22T20:29:04.389+0000] {logging_mixin.py:190} INFO - [2025-05-22T20:29:04.389+0000] {dag.py:3239} INFO - Sync 1 DAGs
[2025-05-22T20:29:04.403+0000] {logging_mixin.py:190} INFO - [2025-05-22T20:29:04.403+0000] {dag.py:3262} INFO - Creating ORM DAG for example_params_ui_tutorial
[2025-05-22T20:29:04.404+0000] {logging_mixin.py:190} INFO - [2025-05-22T20:29:04.404+0000] {dag.py:4180} INFO - Setting next_dagrun for example_params_ui_tutorial to None, run_after=None
[2025-05-22T20:29:04.419+0000] {processor.py:208} INFO - Processing /home/airflow/.local/lib/python3.12/site-packages/airflow/example_dags/example_params_ui_tutorial.py took 0.211 seconds
[2025-05-22T20:29:35.529+0000] {processor.py:186} INFO - Started process (PID=143) to work on /home/airflow/.local/lib/python3.12/site-packages/airflow/example_dags/example_params_ui_tutorial.py
[2025-05-22T20:29:35.532+0000] {processor.py:914} INFO - Processing file /home/airflow/.local/lib/python3.12/site-packages/airflow/example_dags/example_params_ui_tutorial.py for tasks to queue
[2025-05-22T20:29:35.537+0000] {logging_mixin.py:190} INFO - [2025-05-22T20:29:35.537+0000] {dagbag.py:588} INFO - Filling up the DagBag from /home/airflow/.local/lib/python3.12/site-packages/airflow/example_dags/example_params_ui_tutorial.py
[2025-05-22T20:29:35.553+0000] {processor.py:925} INFO - DAG(s) 'example_params_ui_tutorial' retrieved from /home/airflow/.local/lib/python3.12/site-packages/airflow/example_dags/example_params_ui_tutorial.py
[2025-05-22T20:29:35.601+0000] {logging_mixin.py:190} INFO - [2025-05-22T20:29:35.601+0000] {dag.py:3239} INFO - Sync 1 DAGs
[2025-05-22T20:29:35.619+0000] {logging_mixin.py:190} INFO - [2025-05-22T20:29:35.619+0000] {dag.py:4180} INFO - Setting next_dagrun for example_params_ui_tutorial to None, run_after=None
[2025-05-22T20:29:35.638+0000] {processor.py:208} INFO - Processing /home/airflow/.local/lib/python3.12/site-packages/airflow/example_dags/example_params_ui_tutorial.py took 0.117 seconds
[2025-05-22T20:30:06.182+0000] {processor.py:186} INFO - Started process (PID=205) to work on /home/airflow/.local/lib/python3.12/site-packages/airflow/example_dags/example_params_ui_tutorial.py
[2025-05-22T20:30:06.186+0000] {processor.py:914} INFO - Processing file /home/airflow/.local/lib/python3.12/site-packages/airflow/example_dags/example_params_ui_tutorial.py for tasks to queue
[2025-05-22T20:30:06.190+0000] {logging_mixin.py:190} INFO - [2025-05-22T20:30:06.190+0000] {dagbag.py:588} INFO - Filling up the DagBag from /home/airflow/.local/lib/python3.12/site-packages/airflow/example_dags/example_params_ui_tutorial.py
[2025-05-22T20:30:06.241+0000] {processor.py:925} INFO - DAG(s) 'example_params_ui_tutorial' retrieved from /home/airflow/.local/lib/python3.12/site-packages/airflow/example_dags/example_params_ui_tutorial.py
[2025-05-22T20:30:06.312+0000] {logging_mixin.py:190} INFO - [2025-05-22T20:30:06.311+0000] {dag.py:3239} INFO - Sync 1 DAGs
[2025-05-22T20:30:06.363+0000] {logging_mixin.py:190} INFO - [2025-05-22T20:30:06.362+0000] {dag.py:4180} INFO - Setting next_dagrun for example_params_ui_tutorial to None, run_after=None
[2025-05-22T20:30:06.419+0000] {processor.py:208} INFO - Processing /home/airflow/.local/lib/python3.12/site-packages/airflow/example_dags/example_params_ui_tutorial.py took 0.250 seconds
[2025-05-22T20:30:36.675+0000] {processor.py:186} INFO - Started process (PID=267) to work on /home/airflow/.local/lib/python3.12/site-packages/airflow/example_dags/example_params_ui_tutorial.py
[2025-05-22T20:30:36.676+0000] {processor.py:914} INFO - Processing file /home/airflow/.local/lib/python3.12/site-packages/airflow/example_dags/example_params_ui_tutorial.py for tasks to queue
[2025-05-22T20:30:36.678+0000] {logging_mixin.py:190} INFO - [2025-05-22T20:30:36.678+0000] {dagbag.py:588} INFO - Filling up the DagBag from /home/airflow/.local/lib/python3.12/site-packages/airflow/example_dags/example_params_ui_tutorial.py
[2025-05-22T20:30:36.689+0000] {processor.py:925} INFO - DAG(s) 'example_params_ui_tutorial' retrieved from /home/airflow/.local/lib/python3.12/site-packages/airflow/example_dags/example_params_ui_tutorial.py
[2025-05-22T20:30:36.732+0000] {logging_mixin.py:190} INFO - [2025-05-22T20:30:36.731+0000] {dag.py:3239} INFO - Sync 1 DAGs
[2025-05-22T20:30:36.749+0000] {logging_mixin.py:190} INFO - [2025-05-22T20:30:36.748+0000] {dag.py:4180} INFO - Setting next_dagrun for example_params_ui_tutorial to None, run_after=None
[2025-05-22T20:30:36.765+0000] {processor.py:208} INFO - Processing /home/airflow/.local/lib/python3.12/site-packages/airflow/example_dags/example_params_ui_tutorial.py took 0.101 seconds
