[2025-05-22T20:29:07.751+0000] {processor.py:186} INFO - Started process (PID=108) to work on /home/airflow/.local/lib/python3.12/site-packages/airflow/example_dags/example_time_delta_sensor_async.py
[2025-05-22T20:29:07.751+0000] {processor.py:914} INFO - Processing file /home/airflow/.local/lib/python3.12/site-packages/airflow/example_dags/example_time_delta_sensor_async.py for tasks to queue
[2025-05-22T20:29:07.753+0000] {logging_mixin.py:190} INFO - [2025-05-22T20:29:07.753+0000] {dagbag.py:588} INFO - Filling up the DagBag from /home/airflow/.local/lib/python3.12/site-packages/airflow/example_dags/example_time_delta_sensor_async.py
[2025-05-22T20:29:07.759+0000] {processor.py:925} INFO - DAG(s) 'example_time_delta_sensor_async' retrieved from /home/airflow/.local/lib/python3.12/site-packages/airflow/example_dags/example_time_delta_sensor_async.py
[2025-05-22T20:29:07.815+0000] {logging_mixin.py:190} INFO - [2025-05-22T20:29:07.815+0000] {override.py:1900} INFO - Created Permission View: can edit on DAG:example_time_delta_sensor_async
[2025-05-22T20:29:07.819+0000] {logging_mixin.py:190} INFO - [2025-05-22T20:29:07.819+0000] {override.py:1900} INFO - Created Permission View: can delete on DAG:example_time_delta_sensor_async
[2025-05-22T20:29:07.822+0000] {logging_mixin.py:190} INFO - [2025-05-22T20:29:07.822+0000] {override.py:1900} INFO - Created Permission View: can read on DAG:example_time_delta_sensor_async
[2025-05-22T20:29:07.825+0000] {logging_mixin.py:190} INFO - [2025-05-22T20:29:07.825+0000] {override.py:1900} INFO - Created Permission View: menu access on DAG Run:example_time_delta_sensor_async
[2025-05-22T20:29:07.827+0000] {logging_mixin.py:190} INFO - [2025-05-22T20:29:07.827+0000] {override.py:1900} INFO - Created Permission View: can delete on DAG Run:example_time_delta_sensor_async
[2025-05-22T20:29:07.830+0000] {logging_mixin.py:190} INFO - [2025-05-22T20:29:07.830+0000] {override.py:1900} INFO - Created Permission View: can create on DAG Run:example_time_delta_sensor_async
[2025-05-22T20:29:07.833+0000] {logging_mixin.py:190} INFO - [2025-05-22T20:29:07.832+0000] {override.py:1900} INFO - Created Permission View: can read on DAG Run:example_time_delta_sensor_async
[2025-05-22T20:29:07.833+0000] {logging_mixin.py:190} INFO - [2025-05-22T20:29:07.833+0000] {dag.py:3239} INFO - Sync 1 DAGs
[2025-05-22T20:29:07.839+0000] {logging_mixin.py:190} INFO - [2025-05-22T20:29:07.839+0000] {dag.py:3262} INFO - Creating ORM DAG for example_time_delta_sensor_async
[2025-05-22T20:29:07.840+0000] {logging_mixin.py:190} INFO - [2025-05-22T20:29:07.840+0000] {dag.py:4180} INFO - Setting next_dagrun for example_time_delta_sensor_async to None, run_after=None
[2025-05-22T20:29:07.848+0000] {processor.py:208} INFO - Processing /home/airflow/.local/lib/python3.12/site-packages/airflow/example_dags/example_time_delta_sensor_async.py took 0.101 seconds
[2025-05-22T20:29:38.531+0000] {processor.py:186} INFO - Started process (PID=170) to work on /home/airflow/.local/lib/python3.12/site-packages/airflow/example_dags/example_time_delta_sensor_async.py
[2025-05-22T20:29:38.532+0000] {processor.py:914} INFO - Processing file /home/airflow/.local/lib/python3.12/site-packages/airflow/example_dags/example_time_delta_sensor_async.py for tasks to queue
[2025-05-22T20:29:38.533+0000] {logging_mixin.py:190} INFO - [2025-05-22T20:29:38.533+0000] {dagbag.py:588} INFO - Filling up the DagBag from /home/airflow/.local/lib/python3.12/site-packages/airflow/example_dags/example_time_delta_sensor_async.py
[2025-05-22T20:29:38.538+0000] {processor.py:925} INFO - DAG(s) 'example_time_delta_sensor_async' retrieved from /home/airflow/.local/lib/python3.12/site-packages/airflow/example_dags/example_time_delta_sensor_async.py
[2025-05-22T20:29:38.549+0000] {logging_mixin.py:190} INFO - [2025-05-22T20:29:38.549+0000] {dag.py:3239} INFO - Sync 1 DAGs
[2025-05-22T20:29:38.557+0000] {logging_mixin.py:190} INFO - [2025-05-22T20:29:38.557+0000] {dag.py:4180} INFO - Setting next_dagrun for example_time_delta_sensor_async to None, run_after=None
[2025-05-22T20:29:38.569+0000] {processor.py:208} INFO - Processing /home/airflow/.local/lib/python3.12/site-packages/airflow/example_dags/example_time_delta_sensor_async.py took 0.047 seconds
[2025-05-22T20:30:08.808+0000] {processor.py:186} INFO - Started process (PID=232) to work on /home/airflow/.local/lib/python3.12/site-packages/airflow/example_dags/example_time_delta_sensor_async.py
[2025-05-22T20:30:08.809+0000] {processor.py:914} INFO - Processing file /home/airflow/.local/lib/python3.12/site-packages/airflow/example_dags/example_time_delta_sensor_async.py for tasks to queue
[2025-05-22T20:30:08.810+0000] {logging_mixin.py:190} INFO - [2025-05-22T20:30:08.810+0000] {dagbag.py:588} INFO - Filling up the DagBag from /home/airflow/.local/lib/python3.12/site-packages/airflow/example_dags/example_time_delta_sensor_async.py
[2025-05-22T20:30:08.814+0000] {processor.py:925} INFO - DAG(s) 'example_time_delta_sensor_async' retrieved from /home/airflow/.local/lib/python3.12/site-packages/airflow/example_dags/example_time_delta_sensor_async.py
[2025-05-22T20:30:08.827+0000] {logging_mixin.py:190} INFO - [2025-05-22T20:30:08.826+0000] {dag.py:3239} INFO - Sync 1 DAGs
[2025-05-22T20:30:08.834+0000] {logging_mixin.py:190} INFO - [2025-05-22T20:30:08.834+0000] {dag.py:4180} INFO - Setting next_dagrun for example_time_delta_sensor_async to None, run_after=None
[2025-05-22T20:30:08.845+0000] {processor.py:208} INFO - Processing /home/airflow/.local/lib/python3.12/site-packages/airflow/example_dags/example_time_delta_sensor_async.py took 0.040 seconds
[2025-05-22T20:30:39.055+0000] {processor.py:186} INFO - Started process (PID=293) to work on /home/airflow/.local/lib/python3.12/site-packages/airflow/example_dags/example_time_delta_sensor_async.py
[2025-05-22T20:30:39.059+0000] {processor.py:914} INFO - Processing file /home/airflow/.local/lib/python3.12/site-packages/airflow/example_dags/example_time_delta_sensor_async.py for tasks to queue
[2025-05-22T20:30:39.064+0000] {logging_mixin.py:190} INFO - [2025-05-22T20:30:39.064+0000] {dagbag.py:588} INFO - Filling up the DagBag from /home/airflow/.local/lib/python3.12/site-packages/airflow/example_dags/example_time_delta_sensor_async.py
[2025-05-22T20:30:39.068+0000] {processor.py:925} INFO - DAG(s) 'example_time_delta_sensor_async' retrieved from /home/airflow/.local/lib/python3.12/site-packages/airflow/example_dags/example_time_delta_sensor_async.py
[2025-05-22T20:30:39.081+0000] {logging_mixin.py:190} INFO - [2025-05-22T20:30:39.080+0000] {dag.py:3239} INFO - Sync 1 DAGs
[2025-05-22T20:30:39.089+0000] {logging_mixin.py:190} INFO - [2025-05-22T20:30:39.089+0000] {dag.py:4180} INFO - Setting next_dagrun for example_time_delta_sensor_async to None, run_after=None
[2025-05-22T20:30:39.098+0000] {processor.py:208} INFO - Processing /home/airflow/.local/lib/python3.12/site-packages/airflow/example_dags/example_time_delta_sensor_async.py took 0.047 seconds
