[2025-05-22T20:29:03.419+0000] {processor.py:186} INFO - Started process (PID=75) to work on /home/airflow/.local/lib/python3.12/site-packages/airflow/example_dags/example_bash_operator.py
[2025-05-22T20:29:03.420+0000] {processor.py:914} INFO - Processing file /home/airflow/.local/lib/python3.12/site-packages/airflow/example_dags/example_bash_operator.py for tasks to queue
[2025-05-22T20:29:03.422+0000] {logging_mixin.py:190} INFO - [2025-05-22T20:29:03.422+0000] {dagbag.py:588} INFO - Filling up the DagBag from /home/airflow/.local/lib/python3.12/site-packages/airflow/example_dags/example_bash_operator.py
[2025-05-22T20:29:03.432+0000] {processor.py:925} INFO - DAG(s) 'example_bash_operator' retrieved from /home/airflow/.local/lib/python3.12/site-packages/airflow/example_dags/example_bash_operator.py
[2025-05-22T20:29:03.514+0000] {logging_mixin.py:190} INFO - [2025-05-22T20:29:03.513+0000] {override.py:1900} INFO - Created Permission View: can edit on DAG:example_bash_operator
[2025-05-22T20:29:03.524+0000] {logging_mixin.py:190} INFO - [2025-05-22T20:29:03.524+0000] {override.py:1900} INFO - Created Permission View: can delete on DAG:example_bash_operator
[2025-05-22T20:29:03.527+0000] {logging_mixin.py:190} INFO - [2025-05-22T20:29:03.527+0000] {override.py:1900} INFO - Created Permission View: can read on DAG:example_bash_operator
[2025-05-22T20:29:03.534+0000] {logging_mixin.py:190} INFO - [2025-05-22T20:29:03.534+0000] {override.py:1900} INFO - Created Permission View: menu access on DAG Run:example_bash_operator
[2025-05-22T20:29:03.537+0000] {logging_mixin.py:190} INFO - [2025-05-22T20:29:03.537+0000] {override.py:1900} INFO - Created Permission View: can delete on DAG Run:example_bash_operator
[2025-05-22T20:29:03.541+0000] {logging_mixin.py:190} INFO - [2025-05-22T20:29:03.540+0000] {override.py:1900} INFO - Created Permission View: can create on DAG Run:example_bash_operator
[2025-05-22T20:29:03.544+0000] {logging_mixin.py:190} INFO - [2025-05-22T20:29:03.544+0000] {override.py:1900} INFO - Created Permission View: can read on DAG Run:example_bash_operator
[2025-05-22T20:29:03.545+0000] {logging_mixin.py:190} INFO - [2025-05-22T20:29:03.545+0000] {dag.py:3239} INFO - Sync 1 DAGs
[2025-05-22T20:29:03.552+0000] {logging_mixin.py:190} INFO - [2025-05-22T20:29:03.551+0000] {dag.py:3262} INFO - Creating ORM DAG for example_bash_operator
[2025-05-22T20:29:03.558+0000] {logging_mixin.py:190} INFO - [2025-05-22T20:29:03.558+0000] {dag.py:4180} INFO - Setting next_dagrun for example_bash_operator to 2025-05-21 00:00:00+00:00, run_after=2025-05-22 00:00:00+00:00
[2025-05-22T20:29:03.576+0000] {processor.py:208} INFO - Processing /home/airflow/.local/lib/python3.12/site-packages/airflow/example_dags/example_bash_operator.py took 0.162 seconds
[2025-05-22T20:29:34.183+0000] {processor.py:186} INFO - Started process (PID=137) to work on /home/airflow/.local/lib/python3.12/site-packages/airflow/example_dags/example_bash_operator.py
[2025-05-22T20:29:34.183+0000] {processor.py:914} INFO - Processing file /home/airflow/.local/lib/python3.12/site-packages/airflow/example_dags/example_bash_operator.py for tasks to queue
[2025-05-22T20:29:34.185+0000] {logging_mixin.py:190} INFO - [2025-05-22T20:29:34.185+0000] {dagbag.py:588} INFO - Filling up the DagBag from /home/airflow/.local/lib/python3.12/site-packages/airflow/example_dags/example_bash_operator.py
[2025-05-22T20:29:34.193+0000] {processor.py:925} INFO - DAG(s) 'example_bash_operator' retrieved from /home/airflow/.local/lib/python3.12/site-packages/airflow/example_dags/example_bash_operator.py
[2025-05-22T20:29:34.206+0000] {logging_mixin.py:190} INFO - [2025-05-22T20:29:34.206+0000] {dag.py:3239} INFO - Sync 1 DAGs
[2025-05-22T20:29:34.222+0000] {logging_mixin.py:190} INFO - [2025-05-22T20:29:34.221+0000] {dag.py:4180} INFO - Setting next_dagrun for example_bash_operator to 2025-05-21 00:00:00+00:00, run_after=2025-05-22 00:00:00+00:00
[2025-05-22T20:29:34.235+0000] {processor.py:208} INFO - Processing /home/airflow/.local/lib/python3.12/site-packages/airflow/example_dags/example_bash_operator.py took 0.057 seconds
[2025-05-22T20:30:04.949+0000] {processor.py:186} INFO - Started process (PID=199) to work on /home/airflow/.local/lib/python3.12/site-packages/airflow/example_dags/example_bash_operator.py
[2025-05-22T20:30:04.950+0000] {processor.py:914} INFO - Processing file /home/airflow/.local/lib/python3.12/site-packages/airflow/example_dags/example_bash_operator.py for tasks to queue
[2025-05-22T20:30:04.951+0000] {logging_mixin.py:190} INFO - [2025-05-22T20:30:04.951+0000] {dagbag.py:588} INFO - Filling up the DagBag from /home/airflow/.local/lib/python3.12/site-packages/airflow/example_dags/example_bash_operator.py
[2025-05-22T20:30:04.960+0000] {processor.py:925} INFO - DAG(s) 'example_bash_operator' retrieved from /home/airflow/.local/lib/python3.12/site-packages/airflow/example_dags/example_bash_operator.py
[2025-05-22T20:30:04.975+0000] {logging_mixin.py:190} INFO - [2025-05-22T20:30:04.975+0000] {dag.py:3239} INFO - Sync 1 DAGs
[2025-05-22T20:30:04.996+0000] {logging_mixin.py:190} INFO - [2025-05-22T20:30:04.996+0000] {dag.py:4180} INFO - Setting next_dagrun for example_bash_operator to 2025-05-21 00:00:00+00:00, run_after=2025-05-22 00:00:00+00:00
[2025-05-22T20:30:05.004+0000] {processor.py:208} INFO - Processing /home/airflow/.local/lib/python3.12/site-packages/airflow/example_dags/example_bash_operator.py took 0.059 seconds
[2025-05-22T20:30:35.402+0000] {processor.py:186} INFO - Started process (PID=261) to work on /home/airflow/.local/lib/python3.12/site-packages/airflow/example_dags/example_bash_operator.py
[2025-05-22T20:30:35.403+0000] {processor.py:914} INFO - Processing file /home/airflow/.local/lib/python3.12/site-packages/airflow/example_dags/example_bash_operator.py for tasks to queue
[2025-05-22T20:30:35.404+0000] {logging_mixin.py:190} INFO - [2025-05-22T20:30:35.404+0000] {dagbag.py:588} INFO - Filling up the DagBag from /home/airflow/.local/lib/python3.12/site-packages/airflow/example_dags/example_bash_operator.py
[2025-05-22T20:30:35.414+0000] {processor.py:925} INFO - DAG(s) 'example_bash_operator' retrieved from /home/airflow/.local/lib/python3.12/site-packages/airflow/example_dags/example_bash_operator.py
[2025-05-22T20:30:35.437+0000] {logging_mixin.py:190} INFO - [2025-05-22T20:30:35.437+0000] {dag.py:3239} INFO - Sync 1 DAGs
[2025-05-22T20:30:35.457+0000] {logging_mixin.py:190} INFO - [2025-05-22T20:30:35.457+0000] {dag.py:4180} INFO - Setting next_dagrun for example_bash_operator to 2025-05-21 00:00:00+00:00, run_after=2025-05-22 00:00:00+00:00
[2025-05-22T20:30:35.467+0000] {processor.py:208} INFO - Processing /home/airflow/.local/lib/python3.12/site-packages/airflow/example_dags/example_bash_operator.py took 0.069 seconds
