[2025-05-22T20:29:03.864+0000] {processor.py:186} INFO - Started process (PID=79) to work on /home/airflow/.local/lib/python3.12/site-packages/airflow/example_dags/example_outlet_event_extra.py
[2025-05-22T20:29:03.865+0000] {processor.py:914} INFO - Processing file /home/airflow/.local/lib/python3.12/site-packages/airflow/example_dags/example_outlet_event_extra.py for tasks to queue
[2025-05-22T20:29:03.874+0000] {logging_mixin.py:190} INFO - [2025-05-22T20:29:03.873+0000] {dagbag.py:588} INFO - Filling up the DagBag from /home/airflow/.local/lib/python3.12/site-packages/airflow/example_dags/example_outlet_event_extra.py
[2025-05-22T20:29:04.626+0000] {processor.py:925} INFO - DAG(s) 'dataset_with_extra_by_yield', 'dataset_with_extra_by_context', 'dataset_with_extra_from_classic_operator' retrieved from /home/airflow/.local/lib/python3.12/site-packages/airflow/example_dags/example_outlet_event_extra.py
[2025-05-22T20:29:04.737+0000] {logging_mixin.py:190} INFO - [2025-05-22T20:29:04.736+0000] {override.py:1900} INFO - Created Permission View: can edit on DAG:dataset_with_extra_by_yield
[2025-05-22T20:29:04.747+0000] {logging_mixin.py:190} INFO - [2025-05-22T20:29:04.747+0000] {override.py:1900} INFO - Created Permission View: can delete on DAG:dataset_with_extra_by_yield
[2025-05-22T20:29:04.760+0000] {logging_mixin.py:190} INFO - [2025-05-22T20:29:04.759+0000] {override.py:1900} INFO - Created Permission View: can read on DAG:dataset_with_extra_by_yield
[2025-05-22T20:29:04.768+0000] {logging_mixin.py:190} INFO - [2025-05-22T20:29:04.767+0000] {override.py:1900} INFO - Created Permission View: menu access on DAG Run:dataset_with_extra_by_yield
[2025-05-22T20:29:04.772+0000] {logging_mixin.py:190} INFO - [2025-05-22T20:29:04.772+0000] {override.py:1900} INFO - Created Permission View: can delete on DAG Run:dataset_with_extra_by_yield
[2025-05-22T20:29:04.778+0000] {logging_mixin.py:190} INFO - [2025-05-22T20:29:04.777+0000] {override.py:1900} INFO - Created Permission View: can create on DAG Run:dataset_with_extra_by_yield
[2025-05-22T20:29:04.786+0000] {logging_mixin.py:190} INFO - [2025-05-22T20:29:04.785+0000] {override.py:1900} INFO - Created Permission View: can read on DAG Run:dataset_with_extra_by_yield
[2025-05-22T20:29:04.795+0000] {logging_mixin.py:190} INFO - [2025-05-22T20:29:04.795+0000] {override.py:1900} INFO - Created Permission View: can edit on DAG:dataset_with_extra_by_context
[2025-05-22T20:29:04.802+0000] {logging_mixin.py:190} INFO - [2025-05-22T20:29:04.802+0000] {override.py:1900} INFO - Created Permission View: can delete on DAG:dataset_with_extra_by_context
[2025-05-22T20:29:04.807+0000] {logging_mixin.py:190} INFO - [2025-05-22T20:29:04.806+0000] {override.py:1900} INFO - Created Permission View: can read on DAG:dataset_with_extra_by_context
[2025-05-22T20:29:04.810+0000] {logging_mixin.py:190} INFO - [2025-05-22T20:29:04.810+0000] {override.py:1900} INFO - Created Permission View: menu access on DAG Run:dataset_with_extra_by_context
[2025-05-22T20:29:04.818+0000] {logging_mixin.py:190} INFO - [2025-05-22T20:29:04.817+0000] {override.py:1900} INFO - Created Permission View: can delete on DAG Run:dataset_with_extra_by_context
[2025-05-22T20:29:04.837+0000] {logging_mixin.py:190} INFO - [2025-05-22T20:29:04.837+0000] {override.py:1900} INFO - Created Permission View: can create on DAG Run:dataset_with_extra_by_context
[2025-05-22T20:29:04.841+0000] {logging_mixin.py:190} INFO - [2025-05-22T20:29:04.841+0000] {override.py:1900} INFO - Created Permission View: can read on DAG Run:dataset_with_extra_by_context
[2025-05-22T20:29:04.858+0000] {logging_mixin.py:190} INFO - [2025-05-22T20:29:04.858+0000] {override.py:1900} INFO - Created Permission View: can edit on DAG:dataset_with_extra_from_classic_operator
[2025-05-22T20:29:04.873+0000] {logging_mixin.py:190} INFO - [2025-05-22T20:29:04.873+0000] {override.py:1900} INFO - Created Permission View: can delete on DAG:dataset_with_extra_from_classic_operator
[2025-05-22T20:29:04.879+0000] {logging_mixin.py:190} INFO - [2025-05-22T20:29:04.879+0000] {override.py:1900} INFO - Created Permission View: can read on DAG:dataset_with_extra_from_classic_operator
[2025-05-22T20:29:04.889+0000] {logging_mixin.py:190} INFO - [2025-05-22T20:29:04.889+0000] {override.py:1900} INFO - Created Permission View: menu access on DAG Run:dataset_with_extra_from_classic_operator
[2025-05-22T20:29:04.897+0000] {logging_mixin.py:190} INFO - [2025-05-22T20:29:04.896+0000] {override.py:1900} INFO - Created Permission View: can delete on DAG Run:dataset_with_extra_from_classic_operator
[2025-05-22T20:29:04.908+0000] {logging_mixin.py:190} INFO - [2025-05-22T20:29:04.907+0000] {override.py:1900} INFO - Created Permission View: can create on DAG Run:dataset_with_extra_from_classic_operator
[2025-05-22T20:29:04.914+0000] {logging_mixin.py:190} INFO - [2025-05-22T20:29:04.914+0000] {override.py:1900} INFO - Created Permission View: can read on DAG Run:dataset_with_extra_from_classic_operator
[2025-05-22T20:29:04.915+0000] {logging_mixin.py:190} INFO - [2025-05-22T20:29:04.914+0000] {dag.py:3239} INFO - Sync 3 DAGs
[2025-05-22T20:29:04.926+0000] {logging_mixin.py:190} INFO - [2025-05-22T20:29:04.926+0000] {dag.py:3262} INFO - Creating ORM DAG for dataset_with_extra_by_context
[2025-05-22T20:29:04.927+0000] {logging_mixin.py:190} INFO - [2025-05-22T20:29:04.927+0000] {dag.py:3262} INFO - Creating ORM DAG for dataset_with_extra_by_yield
[2025-05-22T20:29:04.927+0000] {logging_mixin.py:190} INFO - [2025-05-22T20:29:04.927+0000] {dag.py:3262} INFO - Creating ORM DAG for dataset_with_extra_from_classic_operator
[2025-05-22T20:29:04.942+0000] {logging_mixin.py:190} INFO - [2025-05-22T20:29:04.942+0000] {dag.py:4180} INFO - Setting next_dagrun for dataset_with_extra_by_context to 2025-05-21 00:00:00+00:00, run_after=2025-05-22 00:00:00+00:00
[2025-05-22T20:29:04.943+0000] {logging_mixin.py:190} INFO - [2025-05-22T20:29:04.943+0000] {dag.py:4180} INFO - Setting next_dagrun for dataset_with_extra_by_yield to 2025-05-21 00:00:00+00:00, run_after=2025-05-22 00:00:00+00:00
[2025-05-22T20:29:04.944+0000] {logging_mixin.py:190} INFO - [2025-05-22T20:29:04.944+0000] {dag.py:4180} INFO - Setting next_dagrun for dataset_with_extra_from_classic_operator to 2025-05-21 00:00:00+00:00, run_after=2025-05-22 00:00:00+00:00
[2025-05-22T20:29:04.985+0000] {processor.py:208} INFO - Processing /home/airflow/.local/lib/python3.12/site-packages/airflow/example_dags/example_outlet_event_extra.py took 1.125 seconds
[2025-05-22T20:29:35.528+0000] {processor.py:186} INFO - Started process (PID=142) to work on /home/airflow/.local/lib/python3.12/site-packages/airflow/example_dags/example_outlet_event_extra.py
[2025-05-22T20:29:35.530+0000] {processor.py:914} INFO - Processing file /home/airflow/.local/lib/python3.12/site-packages/airflow/example_dags/example_outlet_event_extra.py for tasks to queue
[2025-05-22T20:29:35.533+0000] {logging_mixin.py:190} INFO - [2025-05-22T20:29:35.533+0000] {dagbag.py:588} INFO - Filling up the DagBag from /home/airflow/.local/lib/python3.12/site-packages/airflow/example_dags/example_outlet_event_extra.py
[2025-05-22T20:29:35.715+0000] {processor.py:925} INFO - DAG(s) 'dataset_with_extra_by_yield', 'dataset_with_extra_from_classic_operator', 'dataset_with_extra_by_context' retrieved from /home/airflow/.local/lib/python3.12/site-packages/airflow/example_dags/example_outlet_event_extra.py
[2025-05-22T20:29:35.731+0000] {logging_mixin.py:190} INFO - [2025-05-22T20:29:35.731+0000] {dag.py:3239} INFO - Sync 3 DAGs
[2025-05-22T20:29:35.749+0000] {logging_mixin.py:190} INFO - [2025-05-22T20:29:35.749+0000] {dag.py:4180} INFO - Setting next_dagrun for dataset_with_extra_by_context to 2025-05-21 00:00:00+00:00, run_after=2025-05-22 00:00:00+00:00
[2025-05-22T20:29:35.752+0000] {logging_mixin.py:190} INFO - [2025-05-22T20:29:35.751+0000] {dag.py:4180} INFO - Setting next_dagrun for dataset_with_extra_by_yield to 2025-05-21 00:00:00+00:00, run_after=2025-05-22 00:00:00+00:00
[2025-05-22T20:29:35.753+0000] {logging_mixin.py:190} INFO - [2025-05-22T20:29:35.753+0000] {dag.py:4180} INFO - Setting next_dagrun for dataset_with_extra_from_classic_operator to 2025-05-21 00:00:00+00:00, run_after=2025-05-22 00:00:00+00:00
[2025-05-22T20:29:35.772+0000] {processor.py:208} INFO - Processing /home/airflow/.local/lib/python3.12/site-packages/airflow/example_dags/example_outlet_event_extra.py took 0.259 seconds
[2025-05-22T20:30:06.172+0000] {processor.py:186} INFO - Started process (PID=204) to work on /home/airflow/.local/lib/python3.12/site-packages/airflow/example_dags/example_outlet_event_extra.py
[2025-05-22T20:30:06.177+0000] {processor.py:914} INFO - Processing file /home/airflow/.local/lib/python3.12/site-packages/airflow/example_dags/example_outlet_event_extra.py for tasks to queue
[2025-05-22T20:30:06.190+0000] {logging_mixin.py:190} INFO - [2025-05-22T20:30:06.190+0000] {dagbag.py:588} INFO - Filling up the DagBag from /home/airflow/.local/lib/python3.12/site-packages/airflow/example_dags/example_outlet_event_extra.py
[2025-05-22T20:30:06.485+0000] {processor.py:925} INFO - DAG(s) 'dataset_with_extra_from_classic_operator', 'dataset_with_extra_by_yield', 'dataset_with_extra_by_context' retrieved from /home/airflow/.local/lib/python3.12/site-packages/airflow/example_dags/example_outlet_event_extra.py
[2025-05-22T20:30:06.518+0000] {logging_mixin.py:190} INFO - [2025-05-22T20:30:06.518+0000] {dag.py:3239} INFO - Sync 3 DAGs
[2025-05-22T20:30:06.546+0000] {logging_mixin.py:190} INFO - [2025-05-22T20:30:06.545+0000] {dag.py:4180} INFO - Setting next_dagrun for dataset_with_extra_by_context to 2025-05-21 00:00:00+00:00, run_after=2025-05-22 00:00:00+00:00
[2025-05-22T20:30:06.552+0000] {logging_mixin.py:190} INFO - [2025-05-22T20:30:06.552+0000] {dag.py:4180} INFO - Setting next_dagrun for dataset_with_extra_by_yield to 2025-05-21 00:00:00+00:00, run_after=2025-05-22 00:00:00+00:00
[2025-05-22T20:30:06.555+0000] {logging_mixin.py:190} INFO - [2025-05-22T20:30:06.555+0000] {dag.py:4180} INFO - Setting next_dagrun for dataset_with_extra_from_classic_operator to 2025-05-21 00:00:00+00:00, run_after=2025-05-22 00:00:00+00:00
[2025-05-22T20:30:06.567+0000] {processor.py:208} INFO - Processing /home/airflow/.local/lib/python3.12/site-packages/airflow/example_dags/example_outlet_event_extra.py took 0.413 seconds
[2025-05-22T20:30:36.664+0000] {processor.py:186} INFO - Started process (PID=266) to work on /home/airflow/.local/lib/python3.12/site-packages/airflow/example_dags/example_outlet_event_extra.py
[2025-05-22T20:30:36.666+0000] {processor.py:914} INFO - Processing file /home/airflow/.local/lib/python3.12/site-packages/airflow/example_dags/example_outlet_event_extra.py for tasks to queue
[2025-05-22T20:30:36.670+0000] {logging_mixin.py:190} INFO - [2025-05-22T20:30:36.670+0000] {dagbag.py:588} INFO - Filling up the DagBag from /home/airflow/.local/lib/python3.12/site-packages/airflow/example_dags/example_outlet_event_extra.py
[2025-05-22T20:30:36.845+0000] {processor.py:925} INFO - DAG(s) 'dataset_with_extra_by_context', 'dataset_with_extra_by_yield', 'dataset_with_extra_from_classic_operator' retrieved from /home/airflow/.local/lib/python3.12/site-packages/airflow/example_dags/example_outlet_event_extra.py
[2025-05-22T20:30:36.860+0000] {logging_mixin.py:190} INFO - [2025-05-22T20:30:36.860+0000] {dag.py:3239} INFO - Sync 3 DAGs
[2025-05-22T20:30:36.876+0000] {logging_mixin.py:190} INFO - [2025-05-22T20:30:36.876+0000] {dag.py:4180} INFO - Setting next_dagrun for dataset_with_extra_by_context to 2025-05-21 00:00:00+00:00, run_after=2025-05-22 00:00:00+00:00
[2025-05-22T20:30:36.880+0000] {logging_mixin.py:190} INFO - [2025-05-22T20:30:36.880+0000] {dag.py:4180} INFO - Setting next_dagrun for dataset_with_extra_by_yield to 2025-05-21 00:00:00+00:00, run_after=2025-05-22 00:00:00+00:00
[2025-05-22T20:30:36.882+0000] {logging_mixin.py:190} INFO - [2025-05-22T20:30:36.882+0000] {dag.py:4180} INFO - Setting next_dagrun for dataset_with_extra_from_classic_operator to 2025-05-21 00:00:00+00:00, run_after=2025-05-22 00:00:00+00:00
[2025-05-22T20:30:36.896+0000] {processor.py:208} INFO - Processing /home/airflow/.local/lib/python3.12/site-packages/airflow/example_dags/example_outlet_event_extra.py took 0.244 seconds
