[2025-05-22T20:29:05.968+0000] {processor.py:186} INFO - Started process (PID=92) to work on /home/airflow/.local/lib/python3.12/site-packages/airflow/example_dags/tutorial_dag.py
[2025-05-22T20:29:05.969+0000] {processor.py:914} INFO - Processing file /home/airflow/.local/lib/python3.12/site-packages/airflow/example_dags/tutorial_dag.py for tasks to queue
[2025-05-22T20:29:05.973+0000] {logging_mixin.py:190} INFO - [2025-05-22T20:29:05.972+0000] {dagbag.py:588} INFO - Filling up the DagBag from /home/airflow/.local/lib/python3.12/site-packages/airflow/example_dags/tutorial_dag.py
[2025-05-22T20:29:05.981+0000] {processor.py:925} INFO - DAG(s) 'tutorial_dag' retrieved from /home/airflow/.local/lib/python3.12/site-packages/airflow/example_dags/tutorial_dag.py
[2025-05-22T20:29:06.092+0000] {logging_mixin.py:190} INFO - [2025-05-22T20:29:06.091+0000] {override.py:1900} INFO - Created Permission View: can edit on DAG:tutorial_dag
[2025-05-22T20:29:06.099+0000] {logging_mixin.py:190} INFO - [2025-05-22T20:29:06.098+0000] {override.py:1900} INFO - Created Permission View: can delete on DAG:tutorial_dag
[2025-05-22T20:29:06.103+0000] {logging_mixin.py:190} INFO - [2025-05-22T20:29:06.102+0000] {override.py:1900} INFO - Created Permission View: can read on DAG:tutorial_dag
[2025-05-22T20:29:06.108+0000] {logging_mixin.py:190} INFO - [2025-05-22T20:29:06.108+0000] {override.py:1900} INFO - Created Permission View: menu access on DAG Run:tutorial_dag
[2025-05-22T20:29:06.113+0000] {logging_mixin.py:190} INFO - [2025-05-22T20:29:06.113+0000] {override.py:1900} INFO - Created Permission View: can delete on DAG Run:tutorial_dag
[2025-05-22T20:29:06.125+0000] {logging_mixin.py:190} INFO - [2025-05-22T20:29:06.124+0000] {override.py:1900} INFO - Created Permission View: can create on DAG Run:tutorial_dag
[2025-05-22T20:29:06.135+0000] {logging_mixin.py:190} INFO - [2025-05-22T20:29:06.134+0000] {override.py:1900} INFO - Created Permission View: can read on DAG Run:tutorial_dag
[2025-05-22T20:29:06.135+0000] {logging_mixin.py:190} INFO - [2025-05-22T20:29:06.135+0000] {dag.py:3239} INFO - Sync 1 DAGs
[2025-05-22T20:29:06.155+0000] {logging_mixin.py:190} INFO - [2025-05-22T20:29:06.154+0000] {dag.py:3262} INFO - Creating ORM DAG for tutorial_dag
[2025-05-22T20:29:06.159+0000] {logging_mixin.py:190} INFO - [2025-05-22T20:29:06.158+0000] {dag.py:4180} INFO - Setting next_dagrun for tutorial_dag to None, run_after=None
[2025-05-22T20:29:06.195+0000] {processor.py:208} INFO - Processing /home/airflow/.local/lib/python3.12/site-packages/airflow/example_dags/tutorial_dag.py took 0.239 seconds
[2025-05-22T20:29:37.079+0000] {processor.py:186} INFO - Started process (PID=154) to work on /home/airflow/.local/lib/python3.12/site-packages/airflow/example_dags/tutorial_dag.py
[2025-05-22T20:29:37.080+0000] {processor.py:914} INFO - Processing file /home/airflow/.local/lib/python3.12/site-packages/airflow/example_dags/tutorial_dag.py for tasks to queue
[2025-05-22T20:29:37.088+0000] {logging_mixin.py:190} INFO - [2025-05-22T20:29:37.086+0000] {dagbag.py:588} INFO - Filling up the DagBag from /home/airflow/.local/lib/python3.12/site-packages/airflow/example_dags/tutorial_dag.py
[2025-05-22T20:29:37.106+0000] {processor.py:925} INFO - DAG(s) 'tutorial_dag' retrieved from /home/airflow/.local/lib/python3.12/site-packages/airflow/example_dags/tutorial_dag.py
[2025-05-22T20:29:37.153+0000] {logging_mixin.py:190} INFO - [2025-05-22T20:29:37.152+0000] {dag.py:3239} INFO - Sync 1 DAGs
[2025-05-22T20:29:37.174+0000] {logging_mixin.py:190} INFO - [2025-05-22T20:29:37.173+0000] {dag.py:4180} INFO - Setting next_dagrun for tutorial_dag to None, run_after=None
[2025-05-22T20:29:37.220+0000] {processor.py:208} INFO - Processing /home/airflow/.local/lib/python3.12/site-packages/airflow/example_dags/tutorial_dag.py took 0.149 seconds
[2025-05-22T20:30:07.857+0000] {processor.py:186} INFO - Started process (PID=216) to work on /home/airflow/.local/lib/python3.12/site-packages/airflow/example_dags/tutorial_dag.py
[2025-05-22T20:30:07.858+0000] {processor.py:914} INFO - Processing file /home/airflow/.local/lib/python3.12/site-packages/airflow/example_dags/tutorial_dag.py for tasks to queue
[2025-05-22T20:30:07.864+0000] {logging_mixin.py:190} INFO - [2025-05-22T20:30:07.863+0000] {dagbag.py:588} INFO - Filling up the DagBag from /home/airflow/.local/lib/python3.12/site-packages/airflow/example_dags/tutorial_dag.py
[2025-05-22T20:30:07.880+0000] {processor.py:925} INFO - DAG(s) 'tutorial_dag' retrieved from /home/airflow/.local/lib/python3.12/site-packages/airflow/example_dags/tutorial_dag.py
[2025-05-22T20:30:07.901+0000] {logging_mixin.py:190} INFO - [2025-05-22T20:30:07.901+0000] {dag.py:3239} INFO - Sync 1 DAGs
[2025-05-22T20:30:07.912+0000] {logging_mixin.py:190} INFO - [2025-05-22T20:30:07.911+0000] {dag.py:4180} INFO - Setting next_dagrun for tutorial_dag to None, run_after=None
[2025-05-22T20:30:07.928+0000] {processor.py:208} INFO - Processing /home/airflow/.local/lib/python3.12/site-packages/airflow/example_dags/tutorial_dag.py took 0.080 seconds
[2025-05-22T20:30:38.293+0000] {processor.py:186} INFO - Started process (PID=278) to work on /home/airflow/.local/lib/python3.12/site-packages/airflow/example_dags/tutorial_dag.py
[2025-05-22T20:30:38.297+0000] {processor.py:914} INFO - Processing file /home/airflow/.local/lib/python3.12/site-packages/airflow/example_dags/tutorial_dag.py for tasks to queue
[2025-05-22T20:30:38.299+0000] {logging_mixin.py:190} INFO - [2025-05-22T20:30:38.299+0000] {dagbag.py:588} INFO - Filling up the DagBag from /home/airflow/.local/lib/python3.12/site-packages/airflow/example_dags/tutorial_dag.py
[2025-05-22T20:30:38.307+0000] {processor.py:925} INFO - DAG(s) 'tutorial_dag' retrieved from /home/airflow/.local/lib/python3.12/site-packages/airflow/example_dags/tutorial_dag.py
[2025-05-22T20:30:38.337+0000] {logging_mixin.py:190} INFO - [2025-05-22T20:30:38.336+0000] {dag.py:3239} INFO - Sync 1 DAGs
[2025-05-22T20:30:38.354+0000] {logging_mixin.py:190} INFO - [2025-05-22T20:30:38.354+0000] {dag.py:4180} INFO - Setting next_dagrun for tutorial_dag to None, run_after=None
[2025-05-22T20:30:38.370+0000] {processor.py:208} INFO - Processing /home/airflow/.local/lib/python3.12/site-packages/airflow/example_dags/tutorial_dag.py took 0.085 seconds
