[2025-05-22T20:29:07.864+0000] {processor.py:186} INFO - Started process (PID=109) to work on /home/airflow/.local/lib/python3.12/site-packages/airflow/example_dags/tutorial.py
[2025-05-22T20:29:07.865+0000] {processor.py:914} INFO - Processing file /home/airflow/.local/lib/python3.12/site-packages/airflow/example_dags/tutorial.py for tasks to queue
[2025-05-22T20:29:07.866+0000] {logging_mixin.py:190} INFO - [2025-05-22T20:29:07.866+0000] {dagbag.py:588} INFO - Filling up the DagBag from /home/airflow/.local/lib/python3.12/site-packages/airflow/example_dags/tutorial.py
[2025-05-22T20:29:07.871+0000] {processor.py:925} INFO - DAG(s) 'tutorial' retrieved from /home/airflow/.local/lib/python3.12/site-packages/airflow/example_dags/tutorial.py
[2025-05-22T20:29:07.944+0000] {logging_mixin.py:190} INFO - [2025-05-22T20:29:07.944+0000] {override.py:1900} INFO - Created Permission View: can edit on DAG:tutorial
[2025-05-22T20:29:07.950+0000] {logging_mixin.py:190} INFO - [2025-05-22T20:29:07.950+0000] {override.py:1900} INFO - Created Permission View: can delete on DAG:tutorial
[2025-05-22T20:29:07.955+0000] {logging_mixin.py:190} INFO - [2025-05-22T20:29:07.955+0000] {override.py:1900} INFO - Created Permission View: can read on DAG:tutorial
[2025-05-22T20:29:07.959+0000] {logging_mixin.py:190} INFO - [2025-05-22T20:29:07.959+0000] {override.py:1900} INFO - Created Permission View: menu access on DAG Run:tutorial
[2025-05-22T20:29:07.962+0000] {logging_mixin.py:190} INFO - [2025-05-22T20:29:07.962+0000] {override.py:1900} INFO - Created Permission View: can delete on DAG Run:tutorial
[2025-05-22T20:29:07.966+0000] {logging_mixin.py:190} INFO - [2025-05-22T20:29:07.966+0000] {override.py:1900} INFO - Created Permission View: can create on DAG Run:tutorial
[2025-05-22T20:29:07.974+0000] {logging_mixin.py:190} INFO - [2025-05-22T20:29:07.973+0000] {override.py:1900} INFO - Created Permission View: can read on DAG Run:tutorial
[2025-05-22T20:29:07.975+0000] {logging_mixin.py:190} INFO - [2025-05-22T20:29:07.975+0000] {dag.py:3239} INFO - Sync 1 DAGs
[2025-05-22T20:29:07.985+0000] {logging_mixin.py:190} INFO - [2025-05-22T20:29:07.985+0000] {dag.py:3262} INFO - Creating ORM DAG for tutorial
[2025-05-22T20:29:07.991+0000] {logging_mixin.py:190} INFO - [2025-05-22T20:29:07.991+0000] {dag.py:4180} INFO - Setting next_dagrun for tutorial to 2025-05-21 00:00:00+00:00, run_after=2025-05-22 00:00:00+00:00
[2025-05-22T20:29:08.001+0000] {processor.py:208} INFO - Processing /home/airflow/.local/lib/python3.12/site-packages/airflow/example_dags/tutorial.py took 0.140 seconds
[2025-05-22T20:29:38.585+0000] {processor.py:186} INFO - Started process (PID=171) to work on /home/airflow/.local/lib/python3.12/site-packages/airflow/example_dags/tutorial.py
[2025-05-22T20:29:38.586+0000] {processor.py:914} INFO - Processing file /home/airflow/.local/lib/python3.12/site-packages/airflow/example_dags/tutorial.py for tasks to queue
[2025-05-22T20:29:38.587+0000] {logging_mixin.py:190} INFO - [2025-05-22T20:29:38.587+0000] {dagbag.py:588} INFO - Filling up the DagBag from /home/airflow/.local/lib/python3.12/site-packages/airflow/example_dags/tutorial.py
[2025-05-22T20:29:38.592+0000] {processor.py:925} INFO - DAG(s) 'tutorial' retrieved from /home/airflow/.local/lib/python3.12/site-packages/airflow/example_dags/tutorial.py
[2025-05-22T20:29:38.603+0000] {logging_mixin.py:190} INFO - [2025-05-22T20:29:38.603+0000] {dag.py:3239} INFO - Sync 1 DAGs
[2025-05-22T20:29:38.618+0000] {logging_mixin.py:190} INFO - [2025-05-22T20:29:38.618+0000] {dag.py:4180} INFO - Setting next_dagrun for tutorial to 2025-05-21 00:00:00+00:00, run_after=2025-05-22 00:00:00+00:00
[2025-05-22T20:29:38.631+0000] {processor.py:208} INFO - Processing /home/airflow/.local/lib/python3.12/site-packages/airflow/example_dags/tutorial.py took 0.051 seconds
[2025-05-22T20:30:08.862+0000] {processor.py:186} INFO - Started process (PID=233) to work on /home/airflow/.local/lib/python3.12/site-packages/airflow/example_dags/tutorial.py
[2025-05-22T20:30:08.862+0000] {processor.py:914} INFO - Processing file /home/airflow/.local/lib/python3.12/site-packages/airflow/example_dags/tutorial.py for tasks to queue
[2025-05-22T20:30:08.864+0000] {logging_mixin.py:190} INFO - [2025-05-22T20:30:08.864+0000] {dagbag.py:588} INFO - Filling up the DagBag from /home/airflow/.local/lib/python3.12/site-packages/airflow/example_dags/tutorial.py
[2025-05-22T20:30:08.869+0000] {processor.py:925} INFO - DAG(s) 'tutorial' retrieved from /home/airflow/.local/lib/python3.12/site-packages/airflow/example_dags/tutorial.py
[2025-05-22T20:30:08.881+0000] {logging_mixin.py:190} INFO - [2025-05-22T20:30:08.881+0000] {dag.py:3239} INFO - Sync 1 DAGs
[2025-05-22T20:30:08.897+0000] {logging_mixin.py:190} INFO - [2025-05-22T20:30:08.897+0000] {dag.py:4180} INFO - Setting next_dagrun for tutorial to 2025-05-21 00:00:00+00:00, run_after=2025-05-22 00:00:00+00:00
[2025-05-22T20:30:08.907+0000] {processor.py:208} INFO - Processing /home/airflow/.local/lib/python3.12/site-packages/airflow/example_dags/tutorial.py took 0.048 seconds
[2025-05-22T20:30:39.115+0000] {processor.py:186} INFO - Started process (PID=295) to work on /home/airflow/.local/lib/python3.12/site-packages/airflow/example_dags/tutorial.py
[2025-05-22T20:30:39.116+0000] {processor.py:914} INFO - Processing file /home/airflow/.local/lib/python3.12/site-packages/airflow/example_dags/tutorial.py for tasks to queue
[2025-05-22T20:30:39.117+0000] {logging_mixin.py:190} INFO - [2025-05-22T20:30:39.117+0000] {dagbag.py:588} INFO - Filling up the DagBag from /home/airflow/.local/lib/python3.12/site-packages/airflow/example_dags/tutorial.py
[2025-05-22T20:30:39.122+0000] {processor.py:925} INFO - DAG(s) 'tutorial' retrieved from /home/airflow/.local/lib/python3.12/site-packages/airflow/example_dags/tutorial.py
[2025-05-22T20:30:39.132+0000] {logging_mixin.py:190} INFO - [2025-05-22T20:30:39.132+0000] {dag.py:3239} INFO - Sync 1 DAGs
[2025-05-22T20:30:39.144+0000] {logging_mixin.py:190} INFO - [2025-05-22T20:30:39.144+0000] {dag.py:4180} INFO - Setting next_dagrun for tutorial to 2025-05-21 00:00:00+00:00, run_after=2025-05-22 00:00:00+00:00
[2025-05-22T20:30:39.152+0000] {processor.py:208} INFO - Processing /home/airflow/.local/lib/python3.12/site-packages/airflow/example_dags/tutorial.py took 0.041 seconds
