[2025-05-22T20:29:01.485+0000] {processor.py:186} INFO - Started process (PID=57) to work on /home/airflow/.local/lib/python3.12/site-packages/airflow/example_dags/tutorial_objectstorage.py
[2025-05-22T20:29:01.486+0000] {processor.py:914} INFO - Processing file /home/airflow/.local/lib/python3.12/site-packages/airflow/example_dags/tutorial_objectstorage.py for tasks to queue
[2025-05-22T20:29:01.488+0000] {logging_mixin.py:190} INFO - [2025-05-22T20:29:01.488+0000] {dagbag.py:588} INFO - Filling up the DagBag from /home/airflow/.local/lib/python3.12/site-packages/airflow/example_dags/tutorial_objectstorage.py
[2025-05-22T20:29:01.498+0000] {processor.py:925} INFO - DAG(s) 'tutorial_objectstorage' retrieved from /home/airflow/.local/lib/python3.12/site-packages/airflow/example_dags/tutorial_objectstorage.py
[2025-05-22T20:29:01.562+0000] {logging_mixin.py:190} INFO - [2025-05-22T20:29:01.562+0000] {override.py:1900} INFO - Created Permission View: can edit on DAG:tutorial_objectstorage
[2025-05-22T20:29:01.570+0000] {logging_mixin.py:190} INFO - [2025-05-22T20:29:01.570+0000] {override.py:1900} INFO - Created Permission View: can delete on DAG:tutorial_objectstorage
[2025-05-22T20:29:01.575+0000] {logging_mixin.py:190} INFO - [2025-05-22T20:29:01.575+0000] {override.py:1900} INFO - Created Permission View: can read on DAG:tutorial_objectstorage
[2025-05-22T20:29:01.580+0000] {logging_mixin.py:190} INFO - [2025-05-22T20:29:01.579+0000] {override.py:1900} INFO - Created Permission View: menu access on DAG Run:tutorial_objectstorage
[2025-05-22T20:29:01.584+0000] {logging_mixin.py:190} INFO - [2025-05-22T20:29:01.584+0000] {override.py:1900} INFO - Created Permission View: can delete on DAG Run:tutorial_objectstorage
[2025-05-22T20:29:01.588+0000] {logging_mixin.py:190} INFO - [2025-05-22T20:29:01.588+0000] {override.py:1900} INFO - Created Permission View: can create on DAG Run:tutorial_objectstorage
[2025-05-22T20:29:01.592+0000] {logging_mixin.py:190} INFO - [2025-05-22T20:29:01.592+0000] {override.py:1900} INFO - Created Permission View: can read on DAG Run:tutorial_objectstorage
[2025-05-22T20:29:01.593+0000] {logging_mixin.py:190} INFO - [2025-05-22T20:29:01.593+0000] {dag.py:3239} INFO - Sync 1 DAGs
[2025-05-22T20:29:01.604+0000] {logging_mixin.py:190} INFO - [2025-05-22T20:29:01.603+0000] {dag.py:3262} INFO - Creating ORM DAG for tutorial_objectstorage
[2025-05-22T20:29:01.604+0000] {logging_mixin.py:190} INFO - [2025-05-22T20:29:01.604+0000] {dag.py:4180} INFO - Setting next_dagrun for tutorial_objectstorage to None, run_after=None
[2025-05-22T20:29:01.618+0000] {processor.py:208} INFO - Processing /home/airflow/.local/lib/python3.12/site-packages/airflow/example_dags/tutorial_objectstorage.py took 0.138 seconds
[2025-05-22T20:29:32.379+0000] {processor.py:186} INFO - Started process (PID=119) to work on /home/airflow/.local/lib/python3.12/site-packages/airflow/example_dags/tutorial_objectstorage.py
[2025-05-22T20:29:32.380+0000] {processor.py:914} INFO - Processing file /home/airflow/.local/lib/python3.12/site-packages/airflow/example_dags/tutorial_objectstorage.py for tasks to queue
[2025-05-22T20:29:32.384+0000] {logging_mixin.py:190} INFO - [2025-05-22T20:29:32.384+0000] {dagbag.py:588} INFO - Filling up the DagBag from /home/airflow/.local/lib/python3.12/site-packages/airflow/example_dags/tutorial_objectstorage.py
[2025-05-22T20:29:32.406+0000] {processor.py:925} INFO - DAG(s) 'tutorial_objectstorage' retrieved from /home/airflow/.local/lib/python3.12/site-packages/airflow/example_dags/tutorial_objectstorage.py
[2025-05-22T20:29:32.448+0000] {logging_mixin.py:190} INFO - [2025-05-22T20:29:32.447+0000] {dag.py:3239} INFO - Sync 1 DAGs
[2025-05-22T20:29:32.461+0000] {logging_mixin.py:190} INFO - [2025-05-22T20:29:32.461+0000] {dag.py:4180} INFO - Setting next_dagrun for tutorial_objectstorage to None, run_after=None
[2025-05-22T20:29:32.478+0000] {processor.py:208} INFO - Processing /home/airflow/.local/lib/python3.12/site-packages/airflow/example_dags/tutorial_objectstorage.py took 0.104 seconds
[2025-05-22T20:30:03.433+0000] {processor.py:186} INFO - Started process (PID=187) to work on /home/airflow/.local/lib/python3.12/site-packages/airflow/example_dags/tutorial_objectstorage.py
[2025-05-22T20:30:03.434+0000] {processor.py:914} INFO - Processing file /home/airflow/.local/lib/python3.12/site-packages/airflow/example_dags/tutorial_objectstorage.py for tasks to queue
[2025-05-22T20:30:03.435+0000] {logging_mixin.py:190} INFO - [2025-05-22T20:30:03.435+0000] {dagbag.py:588} INFO - Filling up the DagBag from /home/airflow/.local/lib/python3.12/site-packages/airflow/example_dags/tutorial_objectstorage.py
[2025-05-22T20:30:03.449+0000] {processor.py:925} INFO - DAG(s) 'tutorial_objectstorage' retrieved from /home/airflow/.local/lib/python3.12/site-packages/airflow/example_dags/tutorial_objectstorage.py
[2025-05-22T20:30:03.461+0000] {logging_mixin.py:190} INFO - [2025-05-22T20:30:03.461+0000] {dag.py:3239} INFO - Sync 1 DAGs
[2025-05-22T20:30:03.468+0000] {logging_mixin.py:190} INFO - [2025-05-22T20:30:03.468+0000] {dag.py:4180} INFO - Setting next_dagrun for tutorial_objectstorage to None, run_after=None
[2025-05-22T20:30:03.475+0000] {processor.py:208} INFO - Processing /home/airflow/.local/lib/python3.12/site-packages/airflow/example_dags/tutorial_objectstorage.py took 0.045 seconds
[2025-05-22T20:30:33.786+0000] {processor.py:186} INFO - Started process (PID=249) to work on /home/airflow/.local/lib/python3.12/site-packages/airflow/example_dags/tutorial_objectstorage.py
[2025-05-22T20:30:33.792+0000] {processor.py:914} INFO - Processing file /home/airflow/.local/lib/python3.12/site-packages/airflow/example_dags/tutorial_objectstorage.py for tasks to queue
[2025-05-22T20:30:33.795+0000] {logging_mixin.py:190} INFO - [2025-05-22T20:30:33.795+0000] {dagbag.py:588} INFO - Filling up the DagBag from /home/airflow/.local/lib/python3.12/site-packages/airflow/example_dags/tutorial_objectstorage.py
[2025-05-22T20:30:33.807+0000] {processor.py:925} INFO - DAG(s) 'tutorial_objectstorage' retrieved from /home/airflow/.local/lib/python3.12/site-packages/airflow/example_dags/tutorial_objectstorage.py
[2025-05-22T20:30:33.822+0000] {logging_mixin.py:190} INFO - [2025-05-22T20:30:33.822+0000] {dag.py:3239} INFO - Sync 1 DAGs
[2025-05-22T20:30:33.837+0000] {logging_mixin.py:190} INFO - [2025-05-22T20:30:33.837+0000] {dag.py:4180} INFO - Setting next_dagrun for tutorial_objectstorage to None, run_after=None
[2025-05-22T20:30:33.848+0000] {processor.py:208} INFO - Processing /home/airflow/.local/lib/python3.12/site-packages/airflow/example_dags/tutorial_objectstorage.py took 0.075 seconds
